#
# A fatal error has been detected by the Java Runtime Environment:
#
#  SIGSEGV (0xb) at pc=0x00007f569c4260ad, pid=133814, tid=133843
#
# JRE version: OpenJDK Runtime Environment (11.0.10+9) (build 11.0.10+9-Ubuntu-0ubuntu1.20.04)
# Java VM: OpenJDK 64-Bit Server VM (11.0.10+9-Ubuntu-0ubuntu1.20.04, mixed mode, sharing, tiered, compressed oops, g1 gc, linux-amd64)
# Problematic frame:
# C  [libjimage.so+0x30ad]
#
# Core dump will be written. Default location: Core dumps may be processed with "/usr/share/apport/apport %p %s %c %d %P %E" (or dumping to /home/arjoo/Desktop/MicroserviceWorkspace/book-catolog-microservice-application/book-info-service/core.133814)
#
# If you would like to submit a bug report, please visit:
#   https://bugs.launchpad.net/ubuntu/+source/openjdk-lts
#

---------------  S U M M A R Y ------------

Command Line: -agentlib:jdwp=transport=dt_socket,suspend=y,address=localhost:38515 -Dcom.sun.management.jmxremote -Dcom.sun.management.jmxremote.port=41171 -Dcom.sun.management.jmxremote.authenticate=false -Dcom.sun.management.jmxremote.ssl=false -Djava.rmi.server.hostname=localhost -Dspring.jmx.enabled=true -Dspring.application.admin.enabled=true -Djava.security.egd=file:/dev/./urandom -Xverify:none -XX:TieredStopAtLevel=1 -Dspring.boot.project.name=book-info-service -javaagent:/home/arjoo/Desktop/all setup/sts/spring-tool-suite-4-4.6.2.RELEASE-e4.15.0-linux.gtk.x86_64/sts-4.6.2.RELEASE/configuration/org.eclipse.osgi/239/0/.cp/lib/javaagent-shaded.jar -Dfile.encoding=UTF-8 com.arjoo.microservices.BookInfoServiceApplication --spring.output.ansi.enabled=always

Host: Intel(R) Core(TM) i3-3217U CPU @ 1.80GHz, 4 cores, 3G, Ubuntu 20.04 LTS
Time: Fri Apr  2 00:35:04 2021 IST elapsed time: 136.372255 seconds (0d 0h 2m 16s)

---------------  T H R E A D  ---------------

Current thread (0x00007f5698692800):  JavaThread "RMI TCP Accept-41171" daemon [_thread_in_vm, id=133843, stack(0x00007f5678237000,0x00007f5678338000)]

Stack: [0x00007f5678237000,0x00007f5678338000],  sp=0x00007f5678335220,  free space=1016k
Native frames: (J=compiled Java code, A=aot compiled Java code, j=interpreted, Vv=VM code, C=native code)
C  [libjimage.so+0x30ad]
C  [libjimage.so+0x3da2]
C  [libjimage.so+0x42b1]  JIMAGE_FindResource+0xf1
V  [libjvm.so+0x5af401]
V  [libjvm.so+0x5b1bb1]
V  [libjvm.so+0xde46ed]
V  [libjvm.so+0xde327a]
V  [libjvm.so+0xde583b]
V  [libjvm.so+0x66111e]
V  [libjvm.so+0x84ee46]
j  sun.rmi.transport.tcp.TCPTransport$AcceptLoop.executeAcceptLoop()V+68 java.rmi@11.0.10
j  sun.rmi.transport.tcp.TCPTransport$AcceptLoop.run()V+1 java.rmi@11.0.10
j  java.lang.Thread.run()V+11 java.base@11.0.10
v  ~StubRoutines::call_stub
V  [libjvm.so+0x857b39]
V  [libjvm.so+0x85618e]
V  [libjvm.so+0x901e31]
V  [libjvm.so+0xe1b50f]
V  [libjvm.so+0xe17b40]
V  [libjvm.so+0xbd5436]

Java frames: (J=compiled Java code, j=interpreted, Vv=VM code)
j  sun.rmi.transport.tcp.TCPTransport$AcceptLoop.executeAcceptLoop()V+68 java.rmi@11.0.10
j  sun.rmi.transport.tcp.TCPTransport$AcceptLoop.run()V+1 java.rmi@11.0.10
j  java.lang.Thread.run()V+11 java.base@11.0.10
v  ~StubRoutines::call_stub

siginfo: si_signo: 11 (SIGSEGV), si_code: 1 (SEGV_MAPERR), si_addr: 0x00007f568f8a6f48

Register to memory mapping:

RAX=0x00000000000057cb is an unknown value
RBX=0x00007f56783352d1 is pointing into the stack for thread: 0x00007f5698692800
RCX=0x00007f567833530d is pointing into the stack for thread: 0x00007f5698692800
RDX=0x00000000000057cb is an unknown value
RSP=0x00007f5678335220 is pointing into the stack for thread: 0x00007f5698692800
RBP=0x00007f5678335240 is pointing into the stack for thread: 0x00007f5698692800
RSI=0x0 is NULL
RDI=0x00007f569c42b030: <offset 0x0000000000008030> in /usr/lib/jvm/java-11-openjdk-amd64/lib/libjimage.so at 0x00007f569c423000
R8 =0x00007f568f89101c is an unknown value
R9 =0x00007f56783360e0 is pointing into the stack for thread: 0x00007f5698692800
R10=0x00007f569d7f1400: <offset 0x0000000000f40400> in /usr/lib/jvm/java-11-openjdk-amd64/lib/server/libjvm.so at 0x00007f569c8b1000
R11=0x00007f569dd4e210: <offset 0x00000000001b2210> in /lib/x86_64-linux-gnu/libc.so.6 at 0x00007f569db9c000
R12=0x0000000000008424 is an unknown value
R13=0x00007f56783352d0 is pointing into the stack for thread: 0x00007f5698692800
R14=0x0 is NULL
R15=0x00007f56480c04d0 points into unknown readable memory: 0x2f696d722f6e7573 | 73 75 6e 2f 72 6d 69 2f


Registers:
RAX=0x00000000000057cb, RBX=0x00007f56783352d1, RCX=0x00007f567833530d, RDX=0x00000000000057cb
RSP=0x00007f5678335220, RBP=0x00007f5678335240, RSI=0x0000000000000000, RDI=0x00007f569c42b030
R8 =0x00007f568f89101c, R9 =0x00007f56783360e0, R10=0x00007f569d7f1400, R11=0x00007f569dd4e210
R12=0x0000000000008424, R13=0x00007f56783352d0, R14=0x0000000000000000, R15=0x00007f56480c04d0
RIP=0x00007f569c4260ad, EFLAGS=0x0000000000010246, CSGSFS=0x002b000000000033, ERR=0x0000000000000004
  TRAPNO=0x000000000000000e

Top of Stack: (sp=0x00007f5678335220)
0x00007f5678335220:   0000000000000000 00007f5678336368
0x00007f5678335230:   00007f56980098b0 00007f56783352d0
0x00007f5678335240:   00007f56783352b0 00007f569c426da2
0x00007f5678335250:   0000000000000000 0000000000000000 

Instructions: (pc=0x00007f569c4260ad)
0x00007f569c425fad:   f3 ff ff 44 03 65 90 e9 3f fe ff ff 0f 1f 80 00
0x00007f569c425fbd:   00 00 00 41 8b 10 41 89 55 00 41 8b 54 00 fc 41
0x00007f569c425fcd:   89 54 05 fc e9 82 fc ff ff 66 2e 0f 1f 84 00 00
0x00007f569c425fdd:   00 00 00 b9 0a 00 00 00 e9 f0 fc ff ff 41 0f b7
0x00007f569c425fed:   54 00 fe 66 41 89 54 05 fe e9 5d fc ff ff 0f 1f
0x00007f569c425ffd:   44 00 00 f3 0f 1e fa 0f b6 17 89 f0 89 f1 4c 8d
0x00007f569c42600d:   47 01 84 d2 74 1c 0f 1f 44 00 00 69 c9 93 01 00
0x00007f569c42601d:   01 49 83 c0 01 31 d1 41 0f b6 50 ff 84 d2 75 eb
0x00007f569c42602d:   89 c8 25 ff ff ff 7f c3 90 66 2e 0f 1f 84 00 00
0x00007f569c42603d:   00 00 00 f3 0f 1e fa 48 85 d2 0f 84 da 00 00 00
0x00007f569c42604d:   55 48 89 e5 41 55 41 54 41 89 cc 53 48 83 ec 08
0x00007f569c42605d:   85 c9 0f 84 ba 00 00 00 49 89 f5 48 8d 5e 01 0f
0x00007f569c42606d:   b6 36 49 89 d0 40 84 f6 0f 84 9d 00 00 00 48 89
0x00007f569c42607d:   d9 b8 93 01 00 01 0f 1f 44 00 00 69 d0 93 01 00
0x00007f569c42608d:   01 48 83 c1 01 40 0f b6 c6 0f b6 71 ff 31 d0 40
0x00007f569c42609d:   84 f6 75 e7 25 ff ff ff 7f 31 d2 41 f7 f4 89 d0
0x00007f569c4260ad:   41 8b 34 80 48 8b 07 ff 50 20 85 c0 7f 15 74 62
0x00007f569c4260bd:   f7 d0 41 89 c0 48 83 c4 08 44 89 c0 5b 41 5c 41
0x00007f569c4260cd:   5d 5d c3 41 0f b6 4d 00 89 c6 84 c9 74 1b 0f 1f
0x00007f569c4260dd:   44 00 00 69 f6 93 01 00 01 48 83 c3 01 31 ce 0f
0x00007f569c4260ed:   b6 4b ff 84 c9 75 ec 89 f0 25 ff ff ff 7f 31 d2
0x00007f569c4260fd:   48 83 c4 08 41 f7 f4 5b 41 5c 41 5d 5d 41 89 d0
0x00007f569c42610d:   44 89 c0 c3 0f 1f 80 00 00 00 00 b8 93 01 00 01
0x00007f569c42611d:   eb 87 41 b8 ff ff ff ff eb 9b 41 83 c8 ff 44 89
0x00007f569c42612d:   c0 c3 90 f3 0f 1e fa eb 1d 66 2e 0f 1f 84 00 00
0x00007f569c42613d:   00 00 00 0f b6 16 84 d2 74 13 38 c2 75 15 48 83
0x00007f569c42614d:   c7 01 48 83 c6 01 0f b6 07 84 c0 75 e6 48 89 f8
0x00007f569c42615d:   c3 66 90 31 c0 c3 90 66 66 2e 0f 1f 84 00 00 00
0x00007f569c42616d:   00 00 90 f3 0f 1e fa 48 85 f6 74 51 0f b6 06 84
0x00007f569c42617d:   c0 74 4a 0f b6 d0 83 e0 07 c1 fa 03 44 8d 50 01
0x00007f569c42618d:   0f b6 c0 41 89 d1 4c 8d 44 06 02 48 8d 56 01 31
0x00007f569c42619d:   c0 66 90 0f b6 0a 48 c1 e0 08 48 83 c2 01 48 09 


Stack slot to memory mapping:
stack at sp + 0 slots: 0x0 is NULL
stack at sp + 1 slots: 0x00007f5678336368 is pointing into the stack for thread: 0x00007f5698692800
stack at sp + 2 slots: 0x00007f56980098b0 points into unknown readable memory: 0x00007f564402c170 | 70 c1 02 44 56 7f 00 00
stack at sp + 3 slots: 0x00007f56783352d0 is pointing into the stack for thread: 0x00007f5698692800
stack at sp + 4 slots: 0x00007f56783352b0 is pointing into the stack for thread: 0x00007f5698692800
stack at sp + 5 slots: 0x00007f569c426da2: <offset 0x0000000000003da2> in /usr/lib/jvm/java-11-openjdk-amd64/lib/libjimage.so at 0x00007f569c423000
stack at sp + 6 slots: 0x0 is NULL
stack at sp + 7 slots: 0x0 is NULL


---------------  P R O C E S S  ---------------

Threads class SMR info:
_java_thread_list=0x00007f563c003260, length=37, elements={
0x00007f5698128000, 0x00007f569812a000, 0x00007f5698130000, 0x00007f5698132000,
0x00007f5698134000, 0x00007f5698136000, 0x00007f569814c800, 0x00007f5698197000,
0x00007f569819b000, 0x00007f5698689800, 0x00007f5698692800, 0x00007f56986bb800,
0x00007f5650001000, 0x00007f5698ff5000, 0x00007f5618275000, 0x00007f5698ffa800,
0x00007f56990ed800, 0x00007f5699239800, 0x00007f5699379000, 0x00007f569937a800,
0x00007f569937e000, 0x00007f5699397000, 0x00007f569939b000, 0x00007f569939c000,
0x00007f569939f800, 0x00007f56993a1000, 0x00007f56993a3000, 0x00007f56993a5000,
0x00007f56993a7000, 0x00007f56993a9000, 0x00007f56993ab000, 0x00007f56993ac800,
0x00007f56993b3000, 0x00007f56993b6000, 0x00007f569801a800, 0x00007f55f801f800,
0x000055dcc1f3b800
}

Java Threads: ( => current thread )
  0x00007f5698128000 JavaThread "Reference Handler" daemon [_thread_blocked, id=133827, stack(0x00007f5678e44000,0x00007f5678f45000)]
  0x00007f569812a000 JavaThread "Finalizer" daemon [_thread_blocked, id=133828, stack(0x00007f5678d43000,0x00007f5678e44000)]
  0x00007f5698130000 JavaThread "Signal Dispatcher" daemon [_thread_blocked, id=133829, stack(0x00007f5678c42000,0x00007f5678d43000)]
  0x00007f5698132000 JavaThread "Service Thread" daemon [_thread_blocked, id=133830, stack(0x00007f5678b41000,0x00007f5678c42000)]
  0x00007f5698134000 JavaThread "C1 CompilerThread0" daemon [_thread_blocked, id=133831, stack(0x00007f5678a40000,0x00007f5678b41000)]
  0x00007f5698136000 JavaThread "Sweeper thread" daemon [_thread_blocked, id=133832, stack(0x00007f567893f000,0x00007f5678a40000)]
  0x00007f569814c800 JavaThread "Common-Cleaner" daemon [_thread_blocked, id=133833, stack(0x00007f567883e000,0x00007f567893f000)]
  0x00007f5698197000 JavaThread "JDWP Transport Listener: dt_socket" daemon [_thread_in_native, id=133835, stack(0x00007f567873d000,0x00007f567883e000)]
  0x00007f569819b000 JavaThread "JDWP Event Helper Thread" daemon [_thread_blocked, id=133837, stack(0x00007f567863c000,0x00007f567873d000)]
  0x00007f5698689800 JavaThread "RMI TCP Accept-0" daemon [_thread_in_native, id=133842, stack(0x00007f5678338000,0x00007f5678439000)]
=>0x00007f5698692800 JavaThread "RMI TCP Accept-41171" daemon [_thread_in_vm, id=133843, stack(0x00007f5678237000,0x00007f5678338000)]
  0x00007f56986bb800 JavaThread "RMI TCP Accept-0" daemon [_thread_in_native, id=133844, stack(0x00007f5678136000,0x00007f5678237000)]
  0x00007f5650001000 JavaThread "Attach Listener" daemon [_thread_blocked, id=133846, stack(0x00007f5670f21000,0x00007f5671022000)]
  0x00007f5698ff5000 JavaThread "Catalina-utility-1" [_thread_blocked, id=133874, stack(0x00007f5670c20000,0x00007f5670d21000)]
  0x00007f5618275000 JavaThread "Catalina-utility-2" [_thread_blocked, id=133875, stack(0x00007f567051b000,0x00007f567061c000)]
  0x00007f5698ffa800 JavaThread "container-0" [_thread_blocked, id=133876, stack(0x00007f567001a000,0x00007f567011b000)]
  0x00007f56990ed800 JavaThread "spring.cloud.inetutils" daemon [_thread_blocked, id=133880, stack(0x00007f560f4ff000,0x00007f560f600000)]
  0x00007f5699239800 JavaThread "AsyncResolver-bootstrap-0" daemon [_thread_blocked, id=133881, stack(0x00007f560f1fe000,0x00007f560f2ff000)]
  0x00007f5699379000 JavaThread "DiscoveryClient-0" daemon [_thread_blocked, id=133882, stack(0x00007f560ecfd000,0x00007f560edfe000)]
  0x00007f569937a800 JavaThread "DiscoveryClient-1" daemon [_thread_blocked, id=133883, stack(0x00007f560ebfc000,0x00007f560ecfd000)]
  0x00007f569937e000 JavaThread "DiscoveryClient-InstanceInfoReplicator-0" daemon [_thread_blocked, id=133884, stack(0x00007f560eafb000,0x00007f560ebfc000)]
  0x00007f5699397000 JavaThread "http-nio-8082-BlockPoller" daemon [_thread_in_native, id=133885, stack(0x00007f560e9fa000,0x00007f560eafb000)]
  0x00007f569939b000 JavaThread "http-nio-8082-exec-1" daemon [_thread_blocked, id=133886, stack(0x00007f560e8f9000,0x00007f560e9fa000)]
  0x00007f569939c000 JavaThread "http-nio-8082-exec-2" daemon [_thread_blocked, id=133887, stack(0x00007f560e7f8000,0x00007f560e8f9000)]
  0x00007f569939f800 JavaThread "http-nio-8082-exec-3" daemon [_thread_blocked, id=133888, stack(0x00007f560e6f7000,0x00007f560e7f8000)]
  0x00007f56993a1000 JavaThread "http-nio-8082-exec-4" daemon [_thread_blocked, id=133889, stack(0x00007f560e5f6000,0x00007f560e6f7000)]
  0x00007f56993a3000 JavaThread "http-nio-8082-exec-5" daemon [_thread_blocked, id=133890, stack(0x00007f560e4f5000,0x00007f560e5f6000)]
  0x00007f56993a5000 JavaThread "http-nio-8082-exec-6" daemon [_thread_blocked, id=133891, stack(0x00007f560e3f4000,0x00007f560e4f5000)]
  0x00007f56993a7000 JavaThread "http-nio-8082-exec-7" daemon [_thread_blocked, id=133892, stack(0x00007f560e2f3000,0x00007f560e3f4000)]
  0x00007f56993a9000 JavaThread "http-nio-8082-exec-8" daemon [_thread_blocked, id=133893, stack(0x00007f560e1f2000,0x00007f560e2f3000)]
  0x00007f56993ab000 JavaThread "http-nio-8082-exec-9" daemon [_thread_blocked, id=133894, stack(0x00007f560e0f1000,0x00007f560e1f2000)]
  0x00007f56993ac800 JavaThread "http-nio-8082-exec-10" daemon [_thread_blocked, id=133895, stack(0x00007f560dff0000,0x00007f560e0f1000)]
  0x00007f56993b3000 JavaThread "http-nio-8082-ClientPoller" daemon [_thread_in_native, id=133896, stack(0x00007f560deef000,0x00007f560dff0000)]
  0x00007f56993b6000 JavaThread "http-nio-8082-Acceptor" daemon [_thread_in_native, id=133897, stack(0x00007f560ddee000,0x00007f560deef000)]
  0x00007f569801a800 JavaThread "DestroyJavaVM" [_thread_blocked, id=133816, stack(0x00007f569c465000,0x00007f569c566000)]
  0x00007f55f801f800 JavaThread "DiscoveryClient-CacheRefreshExecutor-0" daemon [_thread_blocked, id=133917, stack(0x00007f560dced000,0x00007f560ddee000)]
  0x000055dcc1f3b800 JavaThread "DiscoveryClient-HeartbeatExecutor-0" daemon [_thread_blocked, id=133918, stack(0x00007f560dbec000,0x00007f560dced000)]

Other Threads:
  0x00007f5698125800 VMThread "VM Thread" [stack: 0x00007f5678f47000,0x00007f5679047000] [id=133826]
  0x00007f56986be800 WatcherThread [stack: 0x00007f5678036000,0x00007f5678136000] [id=133845]
  0x00007f5698032000 GCTaskThread "GC Thread#0" [stack: 0x00007f569c0cc000,0x00007f569c1cc000] [id=133821]
  0x00007f5664001000 GCTaskThread "GC Thread#1" [stack: 0x00007f567843b000,0x00007f567853b000] [id=133841]
  0x00007f5664004800 GCTaskThread "GC Thread#2" [stack: 0x00007f5670920000,0x00007f5670a20000] [id=133852]
  0x00007f5664006000 GCTaskThread "GC Thread#3" [stack: 0x00007f567081e000,0x00007f567091e000] [id=133853]
  0x00007f569804c800 ConcurrentGCThread "G1 Main Marker" [stack: 0x00007f5679f53000,0x00007f567a053000] [id=133822]
  0x00007f569804e800 ConcurrentGCThread "G1 Conc#0" [stack: 0x00007f5679e51000,0x00007f5679f51000] [id=133823]
  0x00007f5698090000 ConcurrentGCThread "G1 Refine#0" [stack: 0x00007f567994b000,0x00007f5679a4b000] [id=133824]
  0x00007f5698092000 ConcurrentGCThread "G1 Young RemSet Sampling" [stack: 0x00007f5679849000,0x00007f5679949000] [id=133825]

Threads with active compile tasks:

VM state:not at safepoint (normal execution)

VM Mutex/Monitor currently owned by a thread: None

Heap address: 0x00000000c4600000, size: 954 MB, Compressed Oops mode: 32-bit
Narrow klass base: 0x0000000800000000, Narrow klass shift: 3
Compressed class space size: 1073741824 Address: 0x0000000840000000

Heap:
 garbage-first heap   total 137216K, used 74227K [0x00000000c4600000, 0x0000000100000000)
  region size 1024K, 59 young (60416K), 8 survivors (8192K)
 Metaspace       used 42118K, capacity 43845K, committed 44032K, reserved 1087488K
  class space    used 5713K, capacity 6395K, committed 6400K, reserved 1048576K
Heap Regions: E=young(eden), S=young(survivor), O=old, HS=humongous(starts), HC=humongous(continues), CS=collection set, F=free, A=archive, TAMS=top-at-mark-start (previous, next)
|   0|0x00000000c4600000, 0x00000000c4700000, 0x00000000c4700000|100%| O|  |TAMS 0x00000000c4700000, 0x00000000c4600000| Untracked 
|   1|0x00000000c4700000, 0x00000000c4800000, 0x00000000c4800000|100%| O|  |TAMS 0x00000000c4800000, 0x00000000c4700000| Untracked 
|   2|0x00000000c4800000, 0x00000000c4900000, 0x00000000c4900000|100%| O|  |TAMS 0x00000000c4900000, 0x00000000c4800000| Untracked 
|   3|0x00000000c4900000, 0x00000000c4a00000, 0x00000000c4a00000|100%| O|  |TAMS 0x00000000c4a00000, 0x00000000c4900000| Untracked 
|   4|0x00000000c4a00000, 0x00000000c4b00000, 0x00000000c4b00000|100%| O|  |TAMS 0x00000000c4b00000, 0x00000000c4a00000| Untracked 
|   5|0x00000000c4b00000, 0x00000000c4c00000, 0x00000000c4c00000|100%| O|  |TAMS 0x00000000c4c00000, 0x00000000c4b00000| Untracked 
|   6|0x00000000c4c00000, 0x00000000c4d00000, 0x00000000c4d00000|100%| O|  |TAMS 0x00000000c4d00000, 0x00000000c4c00000| Untracked 
|   7|0x00000000c4d00000, 0x00000000c4e00000, 0x00000000c4e00000|100%| O|  |TAMS 0x00000000c4e00000, 0x00000000c4d00000| Untracked 
|   8|0x00000000c4e00000, 0x00000000c4f00000, 0x00000000c4f00000|100%| O|  |TAMS 0x00000000c4f00000, 0x00000000c4e00000| Untracked 
|   9|0x00000000c4f00000, 0x00000000c5000000, 0x00000000c5000000|100%| O|  |TAMS 0x00000000c5000000, 0x00000000c4f00000| Untracked 
|  10|0x00000000c5000000, 0x00000000c5100000, 0x00000000c5100000|100%| O|  |TAMS 0x00000000c5100000, 0x00000000c5000000| Untracked 
|  11|0x00000000c5100000, 0x00000000c5200000, 0x00000000c5200000|100%| O|  |TAMS 0x00000000c5200000, 0x00000000c5100000| Untracked 
|  12|0x00000000c5200000, 0x00000000c5300000, 0x00000000c5300000|100%| O|  |TAMS 0x00000000c5300000, 0x00000000c5200000| Untracked 
|  13|0x00000000c5300000, 0x00000000c5400000, 0x00000000c5400000|100%| O|  |TAMS 0x00000000c5312a00, 0x00000000c5300000| Untracked 
|  14|0x00000000c5400000, 0x00000000c54cae00, 0x00000000c5500000| 79%| O|  |TAMS 0x00000000c5400000, 0x00000000c5400000| Untracked 
|  15|0x00000000c5500000, 0x00000000c5500000, 0x00000000c5600000|  0%| F|  |TAMS 0x00000000c5500000, 0x00000000c5500000| Untracked 
|  16|0x00000000c5600000, 0x00000000c5600000, 0x00000000c5700000|  0%| F|  |TAMS 0x00000000c5600000, 0x00000000c5600000| Untracked 
|  17|0x00000000c5700000, 0x00000000c5700000, 0x00000000c5800000|  0%| F|  |TAMS 0x00000000c5700000, 0x00000000c5700000| Untracked 
|  18|0x00000000c5800000, 0x00000000c5800000, 0x00000000c5900000|  0%| F|  |TAMS 0x00000000c5800000, 0x00000000c5800000| Untracked 
|  19|0x00000000c5900000, 0x00000000c5900000, 0x00000000c5a00000|  0%| F|  |TAMS 0x00000000c5900000, 0x00000000c5900000| Untracked 
|  20|0x00000000c5a00000, 0x00000000c5a00000, 0x00000000c5b00000|  0%| F|  |TAMS 0x00000000c5a00000, 0x00000000c5a00000| Untracked 
|  21|0x00000000c5b00000, 0x00000000c5b00000, 0x00000000c5c00000|  0%| F|  |TAMS 0x00000000c5b00000, 0x00000000c5b00000| Untracked 
|  22|0x00000000c5c00000, 0x00000000c5c00000, 0x00000000c5d00000|  0%| F|  |TAMS 0x00000000c5c00000, 0x00000000c5c00000| Untracked 
|  23|0x00000000c5d00000, 0x00000000c5d00000, 0x00000000c5e00000|  0%| F|  |TAMS 0x00000000c5d00000, 0x00000000c5d00000| Untracked 
|  24|0x00000000c5e00000, 0x00000000c5e00000, 0x00000000c5f00000|  0%| F|  |TAMS 0x00000000c5e00000, 0x00000000c5e00000| Untracked 
|  25|0x00000000c5f00000, 0x00000000c5f00000, 0x00000000c6000000|  0%| F|  |TAMS 0x00000000c5f00000, 0x00000000c5f00000| Untracked 
|  26|0x00000000c6000000, 0x00000000c6000000, 0x00000000c6100000|  0%| F|  |TAMS 0x00000000c6000000, 0x00000000c6000000| Untracked 
|  27|0x00000000c6100000, 0x00000000c6100000, 0x00000000c6200000|  0%| F|  |TAMS 0x00000000c6100000, 0x00000000c6100000| Untracked 
|  28|0x00000000c6200000, 0x00000000c6200000, 0x00000000c6300000|  0%| F|  |TAMS 0x00000000c6200000, 0x00000000c6200000| Untracked 
|  29|0x00000000c6300000, 0x00000000c6300000, 0x00000000c6400000|  0%| F|  |TAMS 0x00000000c6300000, 0x00000000c6300000| Untracked 
|  30|0x00000000c6400000, 0x00000000c6400000, 0x00000000c6500000|  0%| F|  |TAMS 0x00000000c6400000, 0x00000000c6400000| Untracked 
|  31|0x00000000c6500000, 0x00000000c6500000, 0x00000000c6600000|  0%| F|  |TAMS 0x00000000c6500000, 0x00000000c6500000| Untracked 
|  32|0x00000000c6600000, 0x00000000c6600000, 0x00000000c6700000|  0%| F|  |TAMS 0x00000000c6600000, 0x00000000c6600000| Untracked 
|  33|0x00000000c6700000, 0x00000000c6700000, 0x00000000c6800000|  0%| F|  |TAMS 0x00000000c6700000, 0x00000000c6700000| Untracked 
|  34|0x00000000c6800000, 0x00000000c6800000, 0x00000000c6900000|  0%| F|  |TAMS 0x00000000c6800000, 0x00000000c6800000| Untracked 
|  35|0x00000000c6900000, 0x00000000c6a00000, 0x00000000c6a00000|100%| S|CS|TAMS 0x00000000c6900000, 0x00000000c6900000| Complete 
|  36|0x00000000c6a00000, 0x00000000c6b00000, 0x00000000c6b00000|100%| S|CS|TAMS 0x00000000c6a00000, 0x00000000c6a00000| Complete 
|  37|0x00000000c6b00000, 0x00000000c6c00000, 0x00000000c6c00000|100%| S|CS|TAMS 0x00000000c6b00000, 0x00000000c6b00000| Complete 
|  38|0x00000000c6c00000, 0x00000000c6d00000, 0x00000000c6d00000|100%| S|CS|TAMS 0x00000000c6c00000, 0x00000000c6c00000| Complete 
|  39|0x00000000c6d00000, 0x00000000c6e00000, 0x00000000c6e00000|100%| S|CS|TAMS 0x00000000c6d00000, 0x00000000c6d00000| Complete 
|  40|0x00000000c6e00000, 0x00000000c6f00000, 0x00000000c6f00000|100%| S|CS|TAMS 0x00000000c6e00000, 0x00000000c6e00000| Complete 
|  41|0x00000000c6f00000, 0x00000000c7000000, 0x00000000c7000000|100%| S|CS|TAMS 0x00000000c6f00000, 0x00000000c6f00000| Complete 
|  42|0x00000000c7000000, 0x00000000c7100000, 0x00000000c7100000|100%| S|CS|TAMS 0x00000000c7000000, 0x00000000c7000000| Complete 
|  43|0x00000000c7100000, 0x00000000c7100000, 0x00000000c7200000|  0%| F|  |TAMS 0x00000000c7100000, 0x00000000c7100000| Untracked 
|  44|0x00000000c7200000, 0x00000000c7200000, 0x00000000c7300000|  0%| F|  |TAMS 0x00000000c7200000, 0x00000000c7200000| Untracked 
|  45|0x00000000c7300000, 0x00000000c7300000, 0x00000000c7400000|  0%| F|  |TAMS 0x00000000c7300000, 0x00000000c7300000| Untracked 
|  46|0x00000000c7400000, 0x00000000c7400000, 0x00000000c7500000|  0%| F|  |TAMS 0x00000000c7400000, 0x00000000c7400000| Untracked 
|  47|0x00000000c7500000, 0x00000000c7500000, 0x00000000c7600000|  0%| F|  |TAMS 0x00000000c7500000, 0x00000000c7500000| Untracked 
|  48|0x00000000c7600000, 0x00000000c7600000, 0x00000000c7700000|  0%| F|  |TAMS 0x00000000c7600000, 0x00000000c7600000| Untracked 
|  49|0x00000000c7700000, 0x00000000c7700000, 0x00000000c7800000|  0%| F|  |TAMS 0x00000000c7700000, 0x00000000c7700000| Untracked 
|  50|0x00000000c7800000, 0x00000000c7800000, 0x00000000c7900000|  0%| F|  |TAMS 0x00000000c7800000, 0x00000000c7800000| Untracked 
|  51|0x00000000c7900000, 0x00000000c7900000, 0x00000000c7a00000|  0%| F|  |TAMS 0x00000000c7900000, 0x00000000c7900000| Untracked 
|  52|0x00000000c7a00000, 0x00000000c7a00000, 0x00000000c7b00000|  0%| F|  |TAMS 0x00000000c7a00000, 0x00000000c7a00000| Untracked 
|  53|0x00000000c7b00000, 0x00000000c7b00000, 0x00000000c7c00000|  0%| F|  |TAMS 0x00000000c7b00000, 0x00000000c7b00000| Untracked 
|  54|0x00000000c7c00000, 0x00000000c7c00000, 0x00000000c7d00000|  0%| F|  |TAMS 0x00000000c7c00000, 0x00000000c7c00000| Untracked 
|  55|0x00000000c7d00000, 0x00000000c7d00000, 0x00000000c7e00000|  0%| F|  |TAMS 0x00000000c7d00000, 0x00000000c7d00000| Untracked 
|  56|0x00000000c7e00000, 0x00000000c7e00000, 0x00000000c7f00000|  0%| F|  |TAMS 0x00000000c7e00000, 0x00000000c7e00000| Untracked 
|  57|0x00000000c7f00000, 0x00000000c7f00000, 0x00000000c8000000|  0%| F|  |TAMS 0x00000000c7f00000, 0x00000000c7f00000| Untracked 
|  58|0x00000000c8000000, 0x00000000c8000000, 0x00000000c8100000|  0%| F|  |TAMS 0x00000000c8000000, 0x00000000c8000000| Untracked 
|  59|0x00000000c8100000, 0x00000000c8100000, 0x00000000c8200000|  0%| F|  |TAMS 0x00000000c8100000, 0x00000000c8100000| Untracked 
|  60|0x00000000c8200000, 0x00000000c8200000, 0x00000000c8300000|  0%| F|  |TAMS 0x00000000c8200000, 0x00000000c8200000| Untracked 
|  61|0x00000000c8300000, 0x00000000c8300000, 0x00000000c8400000|  0%| F|  |TAMS 0x00000000c8300000, 0x00000000c8300000| Untracked 
|  62|0x00000000c8400000, 0x00000000c8400000, 0x00000000c8500000|  0%| F|  |TAMS 0x00000000c8400000, 0x00000000c8400000| Untracked 
|  63|0x00000000c8500000, 0x00000000c8500000, 0x00000000c8600000|  0%| F|  |TAMS 0x00000000c8500000, 0x00000000c8500000| Untracked 
|  64|0x00000000c8600000, 0x00000000c8600000, 0x00000000c8700000|  0%| F|  |TAMS 0x00000000c8600000, 0x00000000c8600000| Untracked 
|  65|0x00000000c8700000, 0x00000000c8700000, 0x00000000c8800000|  0%| F|  |TAMS 0x00000000c8700000, 0x00000000c8700000| Untracked 
|  66|0x00000000c8800000, 0x00000000c8800000, 0x00000000c8900000|  0%| F|  |TAMS 0x00000000c8800000, 0x00000000c8800000| Untracked 
|  67|0x00000000c8900000, 0x00000000c8900000, 0x00000000c8a00000|  0%| F|  |TAMS 0x00000000c8900000, 0x00000000c8900000| Untracked 
|  68|0x00000000c8a00000, 0x00000000c8a00000, 0x00000000c8b00000|  0%| F|  |TAMS 0x00000000c8a00000, 0x00000000c8a00000| Untracked 
|  69|0x00000000c8b00000, 0x00000000c8b00000, 0x00000000c8c00000|  0%| F|  |TAMS 0x00000000c8b00000, 0x00000000c8b00000| Untracked 
|  70|0x00000000c8c00000, 0x00000000c8c00000, 0x00000000c8d00000|  0%| F|  |TAMS 0x00000000c8c00000, 0x00000000c8c00000| Untracked 
|  71|0x00000000c8d00000, 0x00000000c8d00000, 0x00000000c8e00000|  0%| F|  |TAMS 0x00000000c8d00000, 0x00000000c8d00000| Untracked 
|  72|0x00000000c8e00000, 0x00000000c8e00000, 0x00000000c8f00000|  0%| F|  |TAMS 0x00000000c8e00000, 0x00000000c8e00000| Untracked 
|  73|0x00000000c8f00000, 0x00000000c8f00000, 0x00000000c9000000|  0%| F|  |TAMS 0x00000000c8f00000, 0x00000000c8f00000| Untracked 
|  74|0x00000000c9000000, 0x00000000c9000000, 0x00000000c9100000|  0%| F|  |TAMS 0x00000000c9000000, 0x00000000c9000000| Untracked 
|  75|0x00000000c9100000, 0x00000000c9100000, 0x00000000c9200000|  0%| F|  |TAMS 0x00000000c9100000, 0x00000000c9100000| Untracked 
|  76|0x00000000c9200000, 0x00000000c9200000, 0x00000000c9300000|  0%| F|  |TAMS 0x00000000c9200000, 0x00000000c9200000| Untracked 
|  77|0x00000000c9300000, 0x00000000c9300000, 0x00000000c9400000|  0%| F|  |TAMS 0x00000000c9300000, 0x00000000c9300000| Untracked 
|  78|0x00000000c9400000, 0x00000000c9400000, 0x00000000c9500000|  0%| F|  |TAMS 0x00000000c9400000, 0x00000000c9400000| Untracked 
|  79|0x00000000c9500000, 0x00000000c9500000, 0x00000000c9600000|  0%| F|  |TAMS 0x00000000c9500000, 0x00000000c9500000| Untracked 
|  80|0x00000000c9600000, 0x00000000c9600000, 0x00000000c9700000|  0%| F|  |TAMS 0x00000000c9600000, 0x00000000c9600000| Untracked 
|  81|0x00000000c9700000, 0x00000000c97a97c0, 0x00000000c9800000| 66%| E|  |TAMS 0x00000000c9700000, 0x00000000c9700000| Complete 
|  82|0x00000000c9800000, 0x00000000c9900000, 0x00000000c9900000|100%| E|CS|TAMS 0x00000000c9800000, 0x00000000c9800000| Complete 
|  83|0x00000000c9900000, 0x00000000c9a00000, 0x00000000c9a00000|100%| E|  |TAMS 0x00000000c9900000, 0x00000000c9900000| Complete 
|  84|0x00000000c9a00000, 0x00000000c9b00000, 0x00000000c9b00000|100%| E|CS|TAMS 0x00000000c9a00000, 0x00000000c9a00000| Complete 
|  85|0x00000000c9b00000, 0x00000000c9c00000, 0x00000000c9c00000|100%| E|CS|TAMS 0x00000000c9b00000, 0x00000000c9b00000| Complete 
|  86|0x00000000c9c00000, 0x00000000c9d00000, 0x00000000c9d00000|100%| E|CS|TAMS 0x00000000c9c00000, 0x00000000c9c00000| Complete 
|  87|0x00000000c9d00000, 0x00000000c9e00000, 0x00000000c9e00000|100%| E|CS|TAMS 0x00000000c9d00000, 0x00000000c9d00000| Complete 
|  88|0x00000000c9e00000, 0x00000000c9f00000, 0x00000000c9f00000|100%| E|CS|TAMS 0x00000000c9e00000, 0x00000000c9e00000| Complete 
|  89|0x00000000c9f00000, 0x00000000ca000000, 0x00000000ca000000|100%| E|CS|TAMS 0x00000000c9f00000, 0x00000000c9f00000| Complete 
|  90|0x00000000ca000000, 0x00000000ca100000, 0x00000000ca100000|100%| E|CS|TAMS 0x00000000ca000000, 0x00000000ca000000| Complete 
|  91|0x00000000ca100000, 0x00000000ca200000, 0x00000000ca200000|100%| E|CS|TAMS 0x00000000ca100000, 0x00000000ca100000| Complete 
|  92|0x00000000ca200000, 0x00000000ca300000, 0x00000000ca300000|100%| E|CS|TAMS 0x00000000ca200000, 0x00000000ca200000| Complete 
|  93|0x00000000ca300000, 0x00000000ca400000, 0x00000000ca400000|100%| E|CS|TAMS 0x00000000ca300000, 0x00000000ca300000| Complete 
|  94|0x00000000ca400000, 0x00000000ca500000, 0x00000000ca500000|100%| E|CS|TAMS 0x00000000ca400000, 0x00000000ca400000| Complete 
|  95|0x00000000ca500000, 0x00000000ca600000, 0x00000000ca600000|100%| E|CS|TAMS 0x00000000ca500000, 0x00000000ca500000| Complete 
|  96|0x00000000ca600000, 0x00000000ca700000, 0x00000000ca700000|100%| E|CS|TAMS 0x00000000ca600000, 0x00000000ca600000| Complete 
|  97|0x00000000ca700000, 0x00000000ca800000, 0x00000000ca800000|100%| E|CS|TAMS 0x00000000ca700000, 0x00000000ca700000| Complete 
|  98|0x00000000ca800000, 0x00000000ca900000, 0x00000000ca900000|100%| E|CS|TAMS 0x00000000ca800000, 0x00000000ca800000| Complete 
|  99|0x00000000ca900000, 0x00000000caa00000, 0x00000000caa00000|100%| E|CS|TAMS 0x00000000ca900000, 0x00000000ca900000| Complete 
| 100|0x00000000caa00000, 0x00000000cab00000, 0x00000000cab00000|100%| E|CS|TAMS 0x00000000caa00000, 0x00000000caa00000| Complete 
| 101|0x00000000cab00000, 0x00000000cac00000, 0x00000000cac00000|100%| E|CS|TAMS 0x00000000cab00000, 0x00000000cab00000| Complete 
| 102|0x00000000cac00000, 0x00000000cad00000, 0x00000000cad00000|100%| E|CS|TAMS 0x00000000cac00000, 0x00000000cac00000| Complete 
| 103|0x00000000cad00000, 0x00000000cae00000, 0x00000000cae00000|100%| E|CS|TAMS 0x00000000cad00000, 0x00000000cad00000| Complete 
| 104|0x00000000cae00000, 0x00000000caf00000, 0x00000000caf00000|100%| E|CS|TAMS 0x00000000cae00000, 0x00000000cae00000| Complete 
| 105|0x00000000caf00000, 0x00000000cb000000, 0x00000000cb000000|100%| E|CS|TAMS 0x00000000caf00000, 0x00000000caf00000| Complete 
| 106|0x00000000cb000000, 0x00000000cb100000, 0x00000000cb100000|100%| E|CS|TAMS 0x00000000cb000000, 0x00000000cb000000| Complete 
| 107|0x00000000cb100000, 0x00000000cb200000, 0x00000000cb200000|100%| E|CS|TAMS 0x00000000cb100000, 0x00000000cb100000| Complete 
| 108|0x00000000cb200000, 0x00000000cb300000, 0x00000000cb300000|100%| E|CS|TAMS 0x00000000cb200000, 0x00000000cb200000| Complete 
| 109|0x00000000cb300000, 0x00000000cb400000, 0x00000000cb400000|100%| E|CS|TAMS 0x00000000cb300000, 0x00000000cb300000| Complete 
| 110|0x00000000cb400000, 0x00000000cb500000, 0x00000000cb500000|100%| E|CS|TAMS 0x00000000cb400000, 0x00000000cb400000| Complete 
| 111|0x00000000cb500000, 0x00000000cb600000, 0x00000000cb600000|100%| E|CS|TAMS 0x00000000cb500000, 0x00000000cb500000| Complete 
| 112|0x00000000cb600000, 0x00000000cb700000, 0x00000000cb700000|100%| E|CS|TAMS 0x00000000cb600000, 0x00000000cb600000| Complete 
| 113|0x00000000cb700000, 0x00000000cb800000, 0x00000000cb800000|100%| E|CS|TAMS 0x00000000cb700000, 0x00000000cb700000| Complete 
| 114|0x00000000cb800000, 0x00000000cb900000, 0x00000000cb900000|100%| E|CS|TAMS 0x00000000cb800000, 0x00000000cb800000| Complete 
| 115|0x00000000cb900000, 0x00000000cba00000, 0x00000000cba00000|100%| E|CS|TAMS 0x00000000cb900000, 0x00000000cb900000| Complete 
| 116|0x00000000cba00000, 0x00000000cbb00000, 0x00000000cbb00000|100%| E|CS|TAMS 0x00000000cba00000, 0x00000000cba00000| Complete 
| 117|0x00000000cbb00000, 0x00000000cbc00000, 0x00000000cbc00000|100%| E|CS|TAMS 0x00000000cbb00000, 0x00000000cbb00000| Complete 
| 118|0x00000000cbc00000, 0x00000000cbd00000, 0x00000000cbd00000|100%| E|CS|TAMS 0x00000000cbc00000, 0x00000000cbc00000| Complete 
| 119|0x00000000cbd00000, 0x00000000cbe00000, 0x00000000cbe00000|100%| E|CS|TAMS 0x00000000cbd00000, 0x00000000cbd00000| Complete 
| 120|0x00000000cbe00000, 0x00000000cbf00000, 0x00000000cbf00000|100%| E|CS|TAMS 0x00000000cbe00000, 0x00000000cbe00000| Complete 
| 121|0x00000000cbf00000, 0x00000000cc000000, 0x00000000cc000000|100%| E|CS|TAMS 0x00000000cbf00000, 0x00000000cbf00000| Complete 
| 122|0x00000000cc000000, 0x00000000cc100000, 0x00000000cc100000|100%| E|CS|TAMS 0x00000000cc000000, 0x00000000cc000000| Complete 
| 123|0x00000000cc100000, 0x00000000cc200000, 0x00000000cc200000|100%| E|CS|TAMS 0x00000000cc100000, 0x00000000cc100000| Complete 
| 124|0x00000000cc200000, 0x00000000cc300000, 0x00000000cc300000|100%| E|CS|TAMS 0x00000000cc200000, 0x00000000cc200000| Complete 
| 125|0x00000000cc300000, 0x00000000cc400000, 0x00000000cc400000|100%| E|CS|TAMS 0x00000000cc300000, 0x00000000cc300000| Complete 
| 126|0x00000000cc400000, 0x00000000cc500000, 0x00000000cc500000|100%| E|CS|TAMS 0x00000000cc400000, 0x00000000cc400000| Complete 
| 127|0x00000000cc500000, 0x00000000cc600000, 0x00000000cc600000|100%| E|CS|TAMS 0x00000000cc500000, 0x00000000cc500000| Complete 
| 128|0x00000000cc600000, 0x00000000cc700000, 0x00000000cc700000|100%| E|CS|TAMS 0x00000000cc600000, 0x00000000cc600000| Complete 
| 129|0x00000000cc700000, 0x00000000cc800000, 0x00000000cc800000|100%| E|CS|TAMS 0x00000000cc700000, 0x00000000cc700000| Complete 
| 130|0x00000000cc800000, 0x00000000cc900000, 0x00000000cc900000|100%| E|CS|TAMS 0x00000000cc800000, 0x00000000cc800000| Complete 
| 131|0x00000000cc900000, 0x00000000cca00000, 0x00000000cca00000|100%| E|CS|TAMS 0x00000000cc900000, 0x00000000cc900000| Complete 
| 952|0x00000000ffe00000, 0x00000000ffe47000, 0x00000000fff00000| 27%|OA|  |TAMS 0x00000000ffe47000, 0x00000000ffe00000| Untracked 
| 953|0x00000000fff00000, 0x00000000fff6b000, 0x0000000100000000| 41%|CA|  |TAMS 0x00000000fff6b000, 0x00000000fff00000| Untracked 

Card table byte_map: [0x00007f56800d3000,0x00007f56802b0000] _byte_map_base: 0x00007f567fab0000

Marking Bits (Prev, Next): (CMBitMap*) 0x00007f5698047e88, (CMBitMap*) 0x00007f5698047ec0
 Prev Bits: [0x00007f567af3b000, 0x00007f567be23000)
 Next Bits: [0x00007f567a053000, 0x00007f567af3b000)

Polling page: 0x00007f569c421000

Metaspace:

Usage:
  Non-class:     36.57 MB capacity,    35.55 MB ( 97%) used,   852.41 KB (  2%) free+waste,   192.25 KB ( <1%) overhead. 
      Class:      6.25 MB capacity,     5.58 MB ( 89%) used,   585.44 KB (  9%) free+waste,    96.00 KB (  2%) overhead. 
       Both:     42.82 MB capacity,    41.13 MB ( 96%) used,     1.40 MB (  3%) free+waste,   288.25 KB ( <1%) overhead. 

Virtual space:
  Non-class space:       38.00 MB reserved,      36.75 MB ( 97%) committed 
      Class space:        1.00 GB reserved,       6.25 MB ( <1%) committed 
             Both:        1.04 GB reserved,      43.00 MB (  4%) committed 

Chunk freelists:
   Non-Class:  70.00 KB
       Class:  5.00 KB
        Both:  75.00 KB

MaxMetaspaceSize: unlimited
CompressedClassSpaceSize: 1.00 GB

CodeHeap 'non-profiled nmethods': size=238948Kb used=8990Kb max_used=8990Kb free=229958Kb
 bounds [0x00007f5680f38000, 0x00007f5681808000, 0x00007f568f891000]
CodeHeap 'non-nmethods': size=6812Kb used=1253Kb max_used=1253Kb free=5558Kb
 bounds [0x00007f5680891000, 0x00007f5680b01000, 0x00007f5680f38000]
 total_blobs=5728 nmethods=5188 adapters=474
 compilation: enabled
              stopped_count=0, restarted_count=0
 full_count=0

Compilation events (20 events):
Event: 131.132 Thread 0x00007f5698134000 5179       1       com.fasterxml.jackson.core.json.UTF8StreamJsonParser::_padLastQuad (17 bytes)
Event: 131.132 Thread 0x00007f5698134000 nmethod 5179 0x00007f56817f9390 code [0x00007f56817f9540, 0x00007f56817f95f0]
Event: 131.132 Thread 0x00007f5698134000 5180       1       com.fasterxml.jackson.core.json.UTF8StreamJsonParser::_parseName (313 bytes)
Event: 131.135 Thread 0x00007f5698134000 nmethod 5180 0x00007f56817f9690 code [0x00007f56817f9900, 0x00007f56817f9fb0]
Event: 131.135 Thread 0x00007f5698134000 5181       1       com.fasterxml.jackson.core.json.UTF8StreamJsonParser::_skipColon (324 bytes)
Event: 131.136 Thread 0x00007f5698134000 nmethod 5181 0x00007f56817fa390 code [0x00007f56817fa5c0, 0x00007f56817faa70]
Event: 131.136 Thread 0x00007f5698134000 5186       1       com.fasterxml.jackson.databind.deser.impl.PropertyBasedCreator::findCreatorProperty (12 bytes)
Event: 131.137 Thread 0x00007f5698134000 nmethod 5186 0x00007f56817fac90 code [0x00007f56817fae40, 0x00007f56817faf80]
Event: 131.137 Thread 0x00007f5698134000 5182       1       com.fasterxml.jackson.core.json.UTF8StreamJsonParser::_nextAfterName (77 bytes)
Event: 131.137 Thread 0x00007f5698134000 nmethod 5182 0x00007f56817fb010 code [0x00007f56817fb1e0, 0x00007f56817fb4b0]
Event: 131.137 Thread 0x00007f5698134000 5183       1       com.fasterxml.jackson.core.base.ParserBase::getCurrentName (45 bytes)
Event: 131.138 Thread 0x00007f5698134000 nmethod 5183 0x00007f56817fb590 code [0x00007f56817fb740, 0x00007f56817fb870]
Event: 131.138 Thread 0x00007f5698134000 5184       1       com.fasterxml.jackson.core.util.TextBuffer::emptyAndGetCurrentSegment (63 bytes)
Event: 131.139 Thread 0x00007f5698134000 nmethod 5184 0x00007f56817fb990 code [0x00007f56817fbb60, 0x00007f56817fbe90]
Event: 131.139 Thread 0x00007f5698134000 5185       1       com.fasterxml.jackson.core.base.ParserMinimalBase::getCurrentToken (5 bytes)
Event: 131.139 Thread 0x00007f5698134000 nmethod 5185 0x00007f56817fc010 code [0x00007f56817fc1c0, 0x00007f56817fc290]
Event: 131.139 Thread 0x00007f5698134000 5187       1       org.apache.http.pool.PoolEntry::getConnection (5 bytes)
Event: 131.139 Thread 0x00007f5698134000 nmethod 5187 0x00007f56817fc310 code [0x00007f56817fc4c0, 0x00007f56817fc590]
Event: 131.139 Thread 0x00007f5698134000 5188       1       org.apache.http.message.BasicListHeaderIterator::hasNext (13 bytes)
Event: 131.140 Thread 0x00007f5698134000 nmethod 5188 0x00007f56817fc610 code [0x00007f56817fc7c0, 0x00007f56817fc8b0]

GC Heap History (20 events):
Event: 3.246 GC heap before
{Heap before GC invocations=3 (full 0):
 garbage-first heap   total 63488K, used 39819K [0x00000000c4600000, 0x0000000100000000)
  region size 1024K, 35 young (35840K), 4 survivors (4096K)
 Metaspace       used 14127K, capacity 14764K, committed 14976K, reserved 1062912K
  class space    used 1809K, capacity 2066K, committed 2176K, reserved 1048576K
}
Event: 3.273 GC heap after
{Heap after GC invocations=4 (full 0):
 garbage-first heap   total 63488K, used 9662K [0x00000000c4600000, 0x0000000100000000)
  region size 1024K, 3 young (3072K), 3 survivors (3072K)
 Metaspace       used 14127K, capacity 14764K, committed 14976K, reserved 1062912K
  class space    used 1809K, capacity 2066K, committed 2176K, reserved 1048576K
}
Event: 3.612 GC heap before
{Heap before GC invocations=4 (full 0):
 garbage-first heap   total 63488K, used 42430K [0x00000000c4600000, 0x0000000100000000)
  region size 1024K, 35 young (35840K), 3 survivors (3072K)
 Metaspace       used 16299K, capacity 17009K, committed 17408K, reserved 1064960K
  class space    used 2170K, capacity 2468K, committed 2560K, reserved 1048576K
}
Event: 3.624 GC heap after
{Heap after GC invocations=5 (full 0):
 garbage-first heap   total 94208K, used 10277K [0x00000000c4600000, 0x0000000100000000)
  region size 1024K, 3 young (3072K), 3 survivors (3072K)
 Metaspace       used 16299K, capacity 17009K, committed 17408K, reserved 1064960K
  class space    used 2170K, capacity 2468K, committed 2560K, reserved 1048576K
}
Event: 4.047 GC heap before
{Heap before GC invocations=5 (full 0):
 garbage-first heap   total 94208K, used 55333K [0x00000000c4600000, 0x0000000100000000)
  region size 1024K, 47 young (48128K), 3 survivors (3072K)
 Metaspace       used 18717K, capacity 19535K, committed 19712K, reserved 1067008K
  class space    used 2498K, capacity 2795K, committed 2816K, reserved 1048576K
}
Event: 4.063 GC heap after
{Heap after GC invocations=6 (full 0):
 garbage-first heap   total 94208K, used 11289K [0x00000000c4600000, 0x0000000100000000)
  region size 1024K, 4 young (4096K), 4 survivors (4096K)
 Metaspace       used 18717K, capacity 19535K, committed 19712K, reserved 1067008K
  class space    used 2498K, capacity 2795K, committed 2816K, reserved 1048576K
}
Event: 4.281 GC heap before
{Heap before GC invocations=6 (full 0):
 garbage-first heap   total 94208K, used 34841K [0x00000000c4600000, 0x0000000100000000)
  region size 1024K, 28 young (28672K), 4 survivors (4096K)
 Metaspace       used 20306K, capacity 21127K, committed 21248K, reserved 1067008K
  class space    used 2685K, capacity 3009K, committed 3072K, reserved 1048576K
}
Event: 4.296 GC heap after
{Heap after GC invocations=7 (full 0):
 garbage-first heap   total 94208K, used 12371K [0x00000000c4600000, 0x0000000100000000)
  region size 1024K, 5 young (5120K), 5 survivors (5120K)
 Metaspace       used 20306K, capacity 21127K, committed 21248K, reserved 1067008K
  class space    used 2685K, capacity 3009K, committed 3072K, reserved 1048576K
}
Event: 5.183 GC heap before
{Heap before GC invocations=8 (full 0):
 garbage-first heap   total 94208K, used 59475K [0x00000000c4600000, 0x0000000100000000)
  region size 1024K, 51 young (52224K), 5 survivors (5120K)
 Metaspace       used 21945K, capacity 22826K, committed 23040K, reserved 1069056K
  class space    used 2935K, capacity 3296K, committed 3328K, reserved 1048576K
}
Event: 5.200 GC heap after
{Heap after GC invocations=9 (full 0):
 garbage-first heap   total 94208K, used 13472K [0x00000000c4600000, 0x0000000100000000)
  region size 1024K, 5 young (5120K), 5 survivors (5120K)
 Metaspace       used 21945K, capacity 22826K, committed 23040K, reserved 1069056K
  class space    used 2935K, capacity 3296K, committed 3328K, reserved 1048576K
}
Event: 6.070 GC heap before
{Heap before GC invocations=9 (full 0):
 garbage-first heap   total 94208K, used 62624K [0x00000000c4600000, 0x0000000100000000)
  region size 1024K, 53 young (54272K), 5 survivors (5120K)
 Metaspace       used 24287K, capacity 25266K, committed 25472K, reserved 1071104K
  class space    used 3308K, capacity 3699K, committed 3712K, reserved 1048576K
}
Event: 6.088 GC heap after
{Heap after GC invocations=10 (full 0):
 garbage-first heap   total 113664K, used 14441K [0x00000000c4600000, 0x0000000100000000)
  region size 1024K, 5 young (5120K), 5 survivors (5120K)
 Metaspace       used 24287K, capacity 25266K, committed 25472K, reserved 1071104K
  class space    used 3308K, capacity 3699K, committed 3712K, reserved 1048576K
}
Event: 7.460 GC heap before
{Heap before GC invocations=10 (full 0):
 garbage-first heap   total 113664K, used 70761K [0x00000000c4600000, 0x0000000100000000)
  region size 1024K, 60 young (61440K), 5 survivors (5120K)
 Metaspace       used 28158K, capacity 29311K, committed 29440K, reserved 1075200K
  class space    used 3780K, capacity 4234K, committed 4352K, reserved 1048576K
}
Event: 7.482 GC heap after
{Heap after GC invocations=11 (full 0):
 garbage-first heap   total 113664K, used 16679K [0x00000000c4600000, 0x0000000100000000)
  region size 1024K, 6 young (6144K), 6 survivors (6144K)
 Metaspace       used 28158K, capacity 29311K, committed 29440K, reserved 1075200K
  class space    used 3780K, capacity 4234K, committed 4352K, reserved 1048576K
}
Event: 8.522 GC heap before
{Heap before GC invocations=11 (full 0):
 garbage-first heap   total 113664K, used 77095K [0x00000000c4600000, 0x0000000100000000)
  region size 1024K, 66 young (67584K), 6 survivors (6144K)
 Metaspace       used 31405K, capacity 32701K, committed 33024K, reserved 1077248K
  class space    used 4239K, capacity 4765K, committed 4864K, reserved 1048576K
}
Event: 8.537 GC heap after
{Heap after GC invocations=12 (full 0):
 garbage-first heap   total 113664K, used 18596K [0x00000000c4600000, 0x0000000100000000)
  region size 1024K, 6 young (6144K), 6 survivors (6144K)
 Metaspace       used 31405K, capacity 32701K, committed 33024K, reserved 1077248K
  class space    used 4239K, capacity 4765K, committed 4864K, reserved 1048576K
}
Event: 9.512 GC heap before
{Heap before GC invocations=12 (full 0):
 garbage-first heap   total 113664K, used 62628K [0x00000000c4600000, 0x0000000100000000)
  region size 1024K, 50 young (51200K), 6 survivors (6144K)
 Metaspace       used 34247K, capacity 35709K, committed 35840K, reserved 1079296K
  class space    used 4669K, capacity 5254K, committed 5376K, reserved 1048576K
}
Event: 9.539 GC heap after
{Heap after GC invocations=13 (full 0):
 garbage-first heap   total 113664K, used 20242K [0x00000000c4600000, 0x0000000100000000)
  region size 1024K, 6 young (6144K), 6 survivors (6144K)
 Metaspace       used 34247K, capacity 35709K, committed 35840K, reserved 1079296K
  class space    used 4669K, capacity 5254K, committed 5376K, reserved 1048576K
}
Event: 10.811 GC heap before
{Heap before GC invocations=14 (full 0):
 garbage-first heap   total 113664K, used 81682K [0x00000000c4600000, 0x0000000100000000)
  region size 1024K, 66 young (67584K), 6 survivors (6144K)
 Metaspace       used 38156K, capacity 39764K, committed 39936K, reserved 1083392K
  class space    used 5223K, capacity 5869K, committed 5888K, reserved 1048576K
}
Event: 10.832 GC heap after
{Heap after GC invocations=15 (full 0):
 garbage-first heap   total 137216K, used 24051K [0x00000000c4600000, 0x0000000100000000)
  region size 1024K, 8 young (8192K), 8 survivors (8192K)
 Metaspace       used 38156K, capacity 39764K, committed 39936K, reserved 1083392K
  class space    used 5223K, capacity 5869K, committed 5888K, reserved 1048576K
}

Deoptimization events (20 events):
Event: 112.270 Thread 0x00007f569939b000 DEOPT PACKING pc=0x00007f5681387d3c sp=0x00007f560e9f6be0
Event: 112.270 Thread 0x00007f569939b000 DEOPT UNPACKING pc=0x00007f56808c84ba sp=0x00007f560e9f60a0 mode 1
Event: 112.270 Thread 0x00007f569939b000 DEOPT PACKING pc=0x00007f5681397c24 sp=0x00007f560e9f6c30
Event: 112.270 Thread 0x00007f569939b000 DEOPT UNPACKING pc=0x00007f56808c84ba sp=0x00007f560e9f6140 mode 1
Event: 123.938 Thread 0x00007f569939b000 DEOPT PACKING pc=0x00007f5681193624 sp=0x00007f560e9f6bf0
Event: 123.938 Thread 0x00007f569939b000 DEOPT UNPACKING pc=0x00007f56808c84ba sp=0x00007f560e9f60a8 mode 1
Event: 123.938 Thread 0x00007f569939b000 DEOPT PACKING pc=0x00007f5681186e3c sp=0x00007f560e9f6cc0
Event: 123.938 Thread 0x00007f569939b000 DEOPT UNPACKING pc=0x00007f56808c84ba sp=0x00007f560e9f6198 mode 1
Event: 123.954 Thread 0x00007f569939b000 DEOPT PACKING pc=0x00007f5681193624 sp=0x00007f560e9f7190
Event: 123.954 Thread 0x00007f569939b000 DEOPT UNPACKING pc=0x00007f56808c84ba sp=0x00007f560e9f6648 mode 1
Event: 123.954 Thread 0x00007f569939b000 DEOPT PACKING pc=0x00007f5681186e3c sp=0x00007f560e9f7260
Event: 123.954 Thread 0x00007f569939b000 DEOPT UNPACKING pc=0x00007f56808c84ba sp=0x00007f560e9f6738 mode 1
Event: 123.955 Thread 0x00007f569939b000 DEOPT PACKING pc=0x00007f5681193624 sp=0x00007f560e9f7260
Event: 123.955 Thread 0x00007f569939b000 DEOPT UNPACKING pc=0x00007f56808c84ba sp=0x00007f560e9f6718 mode 1
Event: 123.955 Thread 0x00007f569939b000 DEOPT PACKING pc=0x00007f5681186e3c sp=0x00007f560e9f7330
Event: 123.955 Thread 0x00007f569939b000 DEOPT UNPACKING pc=0x00007f56808c84ba sp=0x00007f560e9f6808 mode 1
Event: 123.956 Thread 0x00007f569939b000 DEOPT PACKING pc=0x00007f5681193624 sp=0x00007f560e9f7320
Event: 123.956 Thread 0x00007f569939b000 DEOPT UNPACKING pc=0x00007f56808c84ba sp=0x00007f560e9f67d8 mode 1
Event: 123.956 Thread 0x00007f569939b000 DEOPT PACKING pc=0x00007f5681186e3c sp=0x00007f560e9f73f0
Event: 123.956 Thread 0x00007f569939b000 DEOPT UNPACKING pc=0x00007f56808c84ba sp=0x00007f560e9f68c8 mode 1

Classes redefined (0 events):
No events

Internal exceptions (20 events):
Event: 9.935 Thread 0x00007f569801a800 Exception <a 'java/lang/ClassNotFoundException'{0x00000000ca4b2ec0}: java/lang/ObjectCustomizer> (0x00000000ca4b2ec0) thrown at [src/hotspot/share/classfile/systemDictionary.cpp, line 231]
Event: 9.936 Thread 0x00007f569801a800 Exception <a 'java/lang/ClassNotFoundException'{0x00000000ca4c4c58}: org/springframework/jmx/export/metadata/AbstractJmxAttributeCustomizer> (0x00000000ca4c4c58) thrown at [src/hotspot/share/classfile/systemDictionary.cpp, line 231]
Event: 9.937 Thread 0x00007f569801a800 Exception <a 'java/lang/ClassNotFoundException'{0x00000000ca4d6008}: org/springframework/jmx/export/metadata/ManagedAttributeCustomizer> (0x00000000ca4d6008) thrown at [src/hotspot/share/classfile/systemDictionary.cpp, line 231]
Event: 9.962 Thread 0x00007f569801a800 Exception <a 'java/lang/NoSuchMethodError'{0x00000000ca326e00}: 'java.lang.Object java.lang.invoke.DirectMethodHandle$Holder.invokeSpecial(java.lang.Object, java.lang.Object, int, java.lang.Object, int, java.lang.Object)'> (0x00000000ca326e00) thrown at [src/hotspot/share/interpreter/linkResolver.cpp, line 772]
Event: 9.964 Thread 0x00007f569801a800 Exception <a 'java/lang/NoSuchMethodError'{0x00000000ca32e2e8}: 'java.lang.Object java.lang.invoke.DirectMethodHandle$Holder.invokeStatic(java.lang.Object, java.lang.Object, int, java.lang.Object, int)'> (0x00000000ca32e2e8) thrown at [src/hotspot/share/interpreter/linkResolver.cpp, line 772]
Event: 9.964 Thread 0x00007f569801a800 Exception <a 'java/lang/NoSuchMethodError'{0x00000000ca331ac8}: 'java.lang.Object java.lang.invoke.DirectMethodHandle$Holder.invokeSpecial(java.lang.Object, java.lang.Object, java.lang.Object, int, java.lang.Object, int)'> (0x00000000ca331ac8) thrown at [src/hotspot/share/interpreter/linkResolver.cpp, line 772]
Event: 9.966 Thread 0x00007f569801a800 Exception <a 'java/lang/NoSuchMethodError'{0x00000000ca342748}: 'void java.lang.invoke.DirectMethodHandle$Holder.invokeVirtual(java.lang.Object, java.lang.Object)'> (0x00000000ca342748) thrown at [src/hotspot/share/interpreter/linkResolver.cpp, line 772]
Event: 41.074 Thread 0x00007f55f801f800 Exception <a 'java/net/SocketTimeoutException'{0x00000000cabdfc88}: Read timed out> (0x00000000cabdfc88) thrown at [src/hotspot/share/prims/jni.cpp, line 636]
Event: 41.110 Thread 0x000055dcc1f3b800 Exception <a 'java/net/SocketTimeoutException'{0x00000000caafaf18}: Read timed out> (0x00000000caafaf18) thrown at [src/hotspot/share/prims/jni.cpp, line 636]
Event: 71.100 Thread 0x00007f55f801f800 Exception <a 'java/net/SocketTimeoutException'{0x00000000caaff458}: Read timed out> (0x00000000caaff458) thrown at [src/hotspot/share/prims/jni.cpp, line 636]
Event: 71.118 Thread 0x000055dcc1f3b800 Exception <a 'java/net/SocketTimeoutException'{0x00000000ca959a10}: Read timed out> (0x00000000ca959a10) thrown at [src/hotspot/share/prims/jni.cpp, line 636]
Event: 90.792 Thread 0x00007f569939b000 Exception <a 'java/lang/NoSuchMethodError'{0x00000000c9d38780}: 'void java.lang.invoke.DirectMethodHandle$Holder.invokeSpecial(java.lang.Object, java.lang.Object, java.lang.Object, java.lang.Object, java.lang.Object, java.lang.Object, java.lang.Object)'> (0x00000000c9d38780) thrown at [src/hotspot/share/interpreter/linkResolver.cpp, line 772]
Event: 97.810 Thread 0x00007f569939b000 Exception <a 'java/lang/NullPointerException'{0x00000000c9ce49e8}> (0x00000000c9ce49e8) thrown at [src/hotspot/share/interpreter/linkResolver.cpp, line 1440]
Event: 97.839 Thread 0x00007f569939b000 Exception <a 'java/lang/ExceptionInInitializerError'{0x00000000c9ce5420}> (0x00000000c9ce5420) thrown at [src/hotspot/share/oops/instanceKlass.cpp, line 1032]
Event: 101.118 Thread 0x00007f55f801f800 Exception <a 'java/net/SocketTimeoutException'{0x00000000ca90c9f8}: Read timed out> (0x00000000ca90c9f8) thrown at [src/hotspot/share/prims/jni.cpp, line 636]
Event: 101.124 Thread 0x000055dcc1f3b800 Exception <a 'java/net/SocketTimeoutException'{0x00000000ca9612e0}: Read timed out> (0x00000000ca9612e0) thrown at [src/hotspot/share/prims/jni.cpp, line 636]
Event: 112.269 Thread 0x00007f569939b000 Exception <a 'java/lang/reflect/InvocationTargetException'{0x00000000c9ce5998}> (0x00000000c9ce5998) thrown at [src/hotspot/share/runtime/reflection.cpp, line 1245]
Event: 123.938 Thread 0x00007f569939b000 Exception <a 'java/lang/NoClassDefFoundError'{0x00000000c9a78ae0}: sun/reflect/Reflection> (0x00000000c9a78ae0) thrown at [src/hotspot/share/classfile/systemDictionary.cpp, line 220]
Event: 131.126 Thread 0x00007f55f801f800 Exception <a 'java/net/SocketTimeoutException'{0x00000000ca917248}: Read timed out> (0x00000000ca917248) thrown at [src/hotspot/share/prims/jni.cpp, line 636]
Event: 131.131 Thread 0x000055dcc1f3b800 Exception <a 'java/net/SocketTimeoutException'{0x00000000ca968bb0}: Read timed out> (0x00000000ca968bb0) thrown at [src/hotspot/share/prims/jni.cpp, line 636]

Events (20 events):
Event: 124.031 loading class org/apache/tomcat/util/net/NioBlockingSelector$KeyReference
Event: 124.031 loading class org/apache/tomcat/util/net/NioBlockingSelector$KeyReference done
Event: 124.032 loading class org/apache/tomcat/util/net/NioBlockingSelector$BlockPoller$RunnableRemove
Event: 124.032 loading class org/apache/tomcat/util/net/NioBlockingSelector$BlockPoller$RunnableRemove done
Event: 124.032 Executing VM operation: RevokeBias
Event: 124.032 Executing VM operation: RevokeBias done
Event: 124.033 loading class org/springframework/web/context/request/WebRequest
Event: 124.033 loading class org/springframework/web/context/request/WebRequest done
Event: 124.033 loading class org/springframework/web/method/annotation/SessionAttributesHandler
Event: 124.033 loading class org/springframework/web/method/annotation/SessionAttributesHandler done
Event: 124.034 loading class org/apache/catalina/AccessLog
Event: 124.034 loading class org/apache/catalina/AccessLog done
Event: 124.035 Executing VM operation: RevokeBias
Event: 124.035 Executing VM operation: RevokeBias done
Event: 124.036 Executing VM operation: RevokeBias
Event: 124.036 Executing VM operation: RevokeBias done
Event: 124.036 Executing VM operation: RevokeBias
Event: 124.036 Executing VM operation: RevokeBias done
Event: 135.662 Thread 0x00007f5644001800 Thread exited: 0x00007f5644001800
Event: 135.710 loading class sun/rmi/transport/tcp/TCPTransport$ConnectionHandler


Dynamic libraries:
c4600000-cca00000 rw-p 00000000 00:00 0 
cca00000-ffe00000 ---p 00000000 00:00 0 
ffe00000-ffe47000 rw-p 01111000 08:02 3932243                            /usr/lib/jvm/java-11-openjdk-amd64/lib/server/classes.jsa
ffe47000-fff00000 rw-p 00000000 00:00 0 
fff00000-fff6b000 rw-p 010a6000 08:02 3932243                            /usr/lib/jvm/java-11-openjdk-amd64/lib/server/classes.jsa
fff6b000-100000000 rw-p 00000000 00:00 0 
800000000-800002000 rwxp 00001000 08:02 3932243                          /usr/lib/jvm/java-11-openjdk-amd64/lib/server/classes.jsa
800002000-8010a5000 rw-p 00003000 08:02 3932243                          /usr/lib/jvm/java-11-openjdk-amd64/lib/server/classes.jsa
840000000-840640000 rw-p 00000000 00:00 0 
840640000-880000000 ---p 00000000 00:00 0 
55dcc05c5000-55dcc05c6000 r--p 00000000 08:02 3672380                    /usr/lib/jvm/java-11-openjdk-amd64/bin/java
55dcc05c6000-55dcc05c7000 r-xp 00001000 08:02 3672380                    /usr/lib/jvm/java-11-openjdk-amd64/bin/java
55dcc05c7000-55dcc05c8000 r--p 00002000 08:02 3672380                    /usr/lib/jvm/java-11-openjdk-amd64/bin/java
55dcc05c8000-55dcc05c9000 r--p 00002000 08:02 3672380                    /usr/lib/jvm/java-11-openjdk-amd64/bin/java
55dcc05c9000-55dcc05ca000 rw-p 00003000 08:02 3672380                    /usr/lib/jvm/java-11-openjdk-amd64/bin/java
55dcc1f1d000-55dcc1f60000 rw-p 00000000 00:00 0                          [heap]
7f55f8000000-7f55f8040000 rw-p 00000000 00:00 0 
7f55f8040000-7f55fc000000 ---p 00000000 00:00 0 
7f5600000000-7f56000c2000 rw-p 00000000 00:00 0 
7f56000c2000-7f5604000000 ---p 00000000 00:00 0 
7f5604000000-7f5604021000 rw-p 00000000 00:00 0 
7f5604021000-7f5608000000 ---p 00000000 00:00 0 
7f5608000000-7f5608021000 rw-p 00000000 00:00 0 
7f5608021000-7f560c000000 ---p 00000000 00:00 0 
7f560d9ec000-7f560daac000 rw-p 00000000 00:00 0 
7f560daac000-7f560dbec000 ---p 00000000 00:00 0 
7f560dbec000-7f560dbf0000 ---p 00000000 00:00 0 
7f560dbf0000-7f560dced000 rw-p 00000000 00:00 0 
7f560dced000-7f560dcf1000 ---p 00000000 00:00 0 
7f560dcf1000-7f560ddee000 rw-p 00000000 00:00 0 
7f560ddee000-7f560ddf2000 ---p 00000000 00:00 0 
7f560ddf2000-7f560deef000 rw-p 00000000 00:00 0 
7f560deef000-7f560def3000 ---p 00000000 00:00 0 
7f560def3000-7f560dff0000 rw-p 00000000 00:00 0 
7f560dff0000-7f560dff4000 ---p 00000000 00:00 0 
7f560dff4000-7f560e0f1000 rw-p 00000000 00:00 0 
7f560e0f1000-7f560e0f5000 ---p 00000000 00:00 0 
7f560e0f5000-7f560e1f2000 rw-p 00000000 00:00 0 
7f560e1f2000-7f560e1f6000 ---p 00000000 00:00 0 
7f560e1f6000-7f560e2f3000 rw-p 00000000 00:00 0 
7f560e2f3000-7f560e2f7000 ---p 00000000 00:00 0 
7f560e2f7000-7f560e3f4000 rw-p 00000000 00:00 0 
7f560e3f4000-7f560e3f8000 ---p 00000000 00:00 0 
7f560e3f8000-7f560e4f5000 rw-p 00000000 00:00 0 
7f560e4f5000-7f560e4f9000 ---p 00000000 00:00 0 
7f560e4f9000-7f560e5f6000 rw-p 00000000 00:00 0 
7f560e5f6000-7f560e5fa000 ---p 00000000 00:00 0 
7f560e5fa000-7f560e6f7000 rw-p 00000000 00:00 0 
7f560e6f7000-7f560e6fb000 ---p 00000000 00:00 0 
7f560e6fb000-7f560e7f8000 rw-p 00000000 00:00 0 
7f560e7f8000-7f560e7fc000 ---p 00000000 00:00 0 
7f560e7fc000-7f560e8f9000 rw-p 00000000 00:00 0 
7f560e8f9000-7f560e8fd000 ---p 00000000 00:00 0 
7f560e8fd000-7f560e9fa000 rw-p 00000000 00:00 0 
7f560e9fa000-7f560e9fe000 ---p 00000000 00:00 0 
7f560e9fe000-7f560eafb000 rw-p 00000000 00:00 0 
7f560eafb000-7f560eaff000 ---p 00000000 00:00 0 
7f560eaff000-7f560ebfc000 rw-p 00000000 00:00 0 
7f560ebfc000-7f560ec00000 ---p 00000000 00:00 0 
7f560ec00000-7f560ecfd000 rw-p 00000000 00:00 0 
7f560ecfd000-7f560ed01000 ---p 00000000 00:00 0 
7f560ed01000-7f560effe000 rw-p 00000000 00:00 0 
7f560effe000-7f560f1fe000 rw-p 00000000 00:00 0 
7f560f1fe000-7f560f202000 ---p 00000000 00:00 0 
7f560f202000-7f560f4ff000 rw-p 00000000 00:00 0 
7f560f4ff000-7f560f503000 ---p 00000000 00:00 0 
7f560f503000-7f560f800000 rw-p 00000000 00:00 0 
7f560f800000-7f560fa00000 rw-p 00000000 00:00 0 
7f560fa00000-7f560fc00000 rw-p 00000000 00:00 0 
7f560fc00000-7f560fe00000 rw-p 00000000 00:00 0 
7f560fe00000-7f5610000000 rw-p 00000000 00:00 0 
7f5610000000-7f5610021000 rw-p 00000000 00:00 0 
7f5610021000-7f5614000000 ---p 00000000 00:00 0 
7f5614000000-7f5614076000 rw-p 00000000 00:00 0 
7f5614076000-7f5618000000 ---p 00000000 00:00 0 
7f5618000000-7f561827f000 rw-p 00000000 00:00 0 
7f561827f000-7f561c000000 ---p 00000000 00:00 0 
7f561c000000-7f561c021000 rw-p 00000000 00:00 0 
7f561c021000-7f5620000000 ---p 00000000 00:00 0 
7f5620000000-7f5620021000 rw-p 00000000 00:00 0 
7f5620021000-7f5624000000 ---p 00000000 00:00 0 
7f5624000000-7f562402c000 rw-p 00000000 00:00 0 
7f562402c000-7f5628000000 ---p 00000000 00:00 0 
7f5628000000-7f5628021000 rw-p 00000000 00:00 0 
7f5628021000-7f562c000000 ---p 00000000 00:00 0 
7f562c000000-7f562c021000 rw-p 00000000 00:00 0 
7f562c021000-7f5630000000 ---p 00000000 00:00 0 
7f5630000000-7f563002c000 rw-p 00000000 00:00 0 
7f563002c000-7f5634000000 ---p 00000000 00:00 0 
7f5634000000-7f5634021000 rw-p 00000000 00:00 0 
7f5634021000-7f5638000000 ---p 00000000 00:00 0 
7f5638000000-7f5638021000 rw-p 00000000 00:00 0 
7f5638021000-7f563c000000 ---p 00000000 00:00 0 
7f563c000000-7f563c022000 rw-p 00000000 00:00 0 
7f563c022000-7f5640000000 ---p 00000000 00:00 0 
7f5640000000-7f5640021000 rw-p 00000000 00:00 0 
7f5640021000-7f5644000000 ---p 00000000 00:00 0 
7f5644000000-7f564404e000 rw-p 00000000 00:00 0 
7f564404e000-7f5648000000 ---p 00000000 00:00 0 
7f5648000000-7f5648531000 rw-p 00000000 00:00 0 
7f5648531000-7f564c000000 ---p 00000000 00:00 0 
7f564c000000-7f564c021000 rw-p 00000000 00:00 0 
7f564c021000-7f5650000000 ---p 00000000 00:00 0 
7f5650000000-7f5650021000 rw-p 00000000 00:00 0 
7f5650021000-7f5654000000 ---p 00000000 00:00 0 
7f5654000000-7f5654028000 rw-p 00000000 00:00 0 
7f5654028000-7f5658000000 ---p 00000000 00:00 0 
7f5658000000-7f5658021000 rw-p 00000000 00:00 0 
7f5658021000-7f565c000000 ---p 00000000 00:00 0 
7f565c000000-7f565c021000 rw-p 00000000 00:00 0 
7f565c021000-7f5660000000 ---p 00000000 00:00 0 
7f5660000000-7f5660021000 rw-p 00000000 00:00 0 
7f5660021000-7f5664000000 ---p 00000000 00:00 0 
7f5664000000-7f566409e000 rw-p 00000000 00:00 0 
7f566409e000-7f5668000000 ---p 00000000 00:00 0 
7f5668000000-7f5668021000 rw-p 00000000 00:00 0 
7f5668021000-7f566c000000 ---p 00000000 00:00 0 
7f566c000000-7f566c021000 rw-p 00000000 00:00 0 
7f566c021000-7f5670000000 ---p 00000000 00:00 0 
7f567001a000-7f567001e000 ---p 00000000 00:00 0 
7f567001e000-7f567031b000 rw-p 00000000 00:00 0 
7f567031b000-7f567051b000 rw-p 00000000 00:00 0 
7f567051b000-7f567051f000 ---p 00000000 00:00 0 
7f567051f000-7f567081c000 rw-p 00000000 00:00 0 
7f567081c000-7f567081d000 ---p 00000000 00:00 0 
7f567081d000-7f567091e000 rw-p 00000000 00:00 0 
7f567091e000-7f567091f000 ---p 00000000 00:00 0 
7f567091f000-7f5670c20000 rw-p 00000000 00:00 0 
7f5670c20000-7f5670c24000 ---p 00000000 00:00 0 
7f5670c24000-7f5670f21000 rw-p 00000000 00:00 0 
7f5670f21000-7f5670f25000 ---p 00000000 00:00 0 
7f5670f25000-7f5671222000 rw-p 00000000 00:00 0 
7f5671222000-7f5672000000 r--p 00000000 08:02 3544729                    /usr/lib/locale/locale-archive
7f5672000000-7f5674000000 rw-p 00000000 00:00 0 
7f5674000000-7f5674021000 rw-p 00000000 00:00 0 
7f5674021000-7f5678000000 ---p 00000000 00:00 0 
7f5678002000-7f567800a000 r--p 00000000 08:02 3933394                    /usr/lib/jvm/java-11-openjdk-amd64/lib/libsunec.so
7f567800a000-7f5678023000 r-xp 00008000 08:02 3933394                    /usr/lib/jvm/java-11-openjdk-amd64/lib/libsunec.so
7f5678023000-7f567802d000 r--p 00021000 08:02 3933394                    /usr/lib/jvm/java-11-openjdk-amd64/lib/libsunec.so
7f567802d000-7f567802e000 ---p 0002b000 08:02 3933394                    /usr/lib/jvm/java-11-openjdk-amd64/lib/libsunec.so
7f567802e000-7f5678032000 r--p 0002b000 08:02 3933394                    /usr/lib/jvm/java-11-openjdk-amd64/lib/libsunec.so
7f5678032000-7f5678034000 rw-p 0002f000 08:02 3933394                    /usr/lib/jvm/java-11-openjdk-amd64/lib/libsunec.so
7f5678034000-7f5678035000 ---p 00000000 00:00 0 
7f5678035000-7f5678136000 rw-p 00000000 00:00 0 
7f5678136000-7f567813a000 ---p 00000000 00:00 0 
7f567813a000-7f5678237000 rw-p 00000000 00:00 0 
7f5678237000-7f567823b000 ---p 00000000 00:00 0 
7f567823b000-7f5678338000 rw-p 00000000 00:00 0 
7f5678338000-7f567833c000 ---p 00000000 00:00 0 
7f567833c000-7f5678439000 rw-p 00000000 00:00 0 
7f5678439000-7f567843a000 ---p 00000000 00:00 0 
7f567843a000-7f567853b000 rw-p 00000000 00:00 0 
7f567853b000-7f567853f000 ---p 00000000 00:00 0 
7f567853f000-7f567863c000 rw-p 00000000 00:00 0 
7f567863c000-7f5678640000 ---p 00000000 00:00 0 
7f5678640000-7f567873d000 rw-p 00000000 00:00 0 
7f567873d000-7f5678741000 ---p 00000000 00:00 0 
7f5678741000-7f567883e000 rw-p 00000000 00:00 0 
7f567883e000-7f5678842000 ---p 00000000 00:00 0 
7f5678842000-7f567893f000 rw-p 00000000 00:00 0 
7f567893f000-7f5678943000 ---p 00000000 00:00 0 
7f5678943000-7f5678a40000 rw-p 00000000 00:00 0 
7f5678a40000-7f5678a44000 ---p 00000000 00:00 0 
7f5678a44000-7f5678b41000 rw-p 00000000 00:00 0 
7f5678b41000-7f5678b45000 ---p 00000000 00:00 0 
7f5678b45000-7f5678c42000 rw-p 00000000 00:00 0 
7f5678c42000-7f5678c46000 ---p 00000000 00:00 0 
7f5678c46000-7f5678d43000 rw-p 00000000 00:00 0 
7f5678d43000-7f5678d47000 ---p 00000000 00:00 0 
7f5678d47000-7f5678e44000 rw-p 00000000 00:00 0 
7f5678e44000-7f5678e48000 ---p 00000000 00:00 0 
7f5678e48000-7f5678f45000 rw-p 00000000 00:00 0 
7f5678f45000-7f5678f46000 ---p 00000000 00:00 0 
7f5678f46000-7f5679847000 rw-p 00000000 00:00 0 
7f5679847000-7f5679848000 ---p 00000000 00:00 0 
7f5679848000-7f5679949000 rw-p 00000000 00:00 0 
7f5679949000-7f567994a000 ---p 00000000 00:00 0 
7f567994a000-7f5679e4f000 rw-p 00000000 00:00 0 
7f5679e4f000-7f5679e50000 ---p 00000000 00:00 0 
7f5679e50000-7f5679f51000 rw-p 00000000 00:00 0 
7f5679f51000-7f5679f52000 ---p 00000000 00:00 0 
7f5679f52000-7f567a263000 rw-p 00000000 00:00 0 
7f567a263000-7f567af33000 ---p 00000000 00:00 0 
7f567af33000-7f567b14b000 rw-p 00000000 00:00 0 
7f567b14b000-7f567be1b000 ---p 00000000 00:00 0 
7f567be1b000-7f567be65000 rw-p 00000000 00:00 0 
7f567be65000-7f567bfff000 ---p 00000000 00:00 0 
7f567bfff000-7f567c000000 rw-p 00000000 00:00 0 
7f567c000000-7f567c021000 rw-p 00000000 00:00 0 
7f567c021000-7f5680000000 ---p 00000000 00:00 0 
7f568000f000-7f5680011000 r--p 00000000 08:02 3546158                    /usr/lib/x86_64-linux-gnu/libnss_dns-2.31.so
7f5680011000-7f5680015000 r-xp 00002000 08:02 3546158                    /usr/lib/x86_64-linux-gnu/libnss_dns-2.31.so
7f5680015000-7f5680016000 r--p 00006000 08:02 3546158                    /usr/lib/x86_64-linux-gnu/libnss_dns-2.31.so
7f5680016000-7f5680017000 r--p 00006000 08:02 3546158                    /usr/lib/x86_64-linux-gnu/libnss_dns-2.31.so
7f5680017000-7f5680018000 rw-p 00007000 08:02 3546158                    /usr/lib/x86_64-linux-gnu/libnss_dns-2.31.so
7f5680018000-7f568001c000 r--p 00000000 08:02 3546342                    /usr/lib/x86_64-linux-gnu/libresolv-2.31.so
7f568001c000-7f568002c000 r-xp 00004000 08:02 3546342                    /usr/lib/x86_64-linux-gnu/libresolv-2.31.so
7f568002c000-7f568002f000 r--p 00014000 08:02 3546342                    /usr/lib/x86_64-linux-gnu/libresolv-2.31.so
7f568002f000-7f5680030000 ---p 00017000 08:02 3546342                    /usr/lib/x86_64-linux-gnu/libresolv-2.31.so
7f5680030000-7f5680031000 r--p 00017000 08:02 3546342                    /usr/lib/x86_64-linux-gnu/libresolv-2.31.so
7f5680031000-7f5680032000 rw-p 00018000 08:02 3546342                    /usr/lib/x86_64-linux-gnu/libresolv-2.31.so
7f5680032000-7f5680034000 rw-p 00000000 00:00 0 
7f5680034000-7f5680035000 r--p 00000000 08:02 3546166                    /usr/lib/x86_64-linux-gnu/libnss_mdns4_minimal.so.2
7f5680035000-7f5680037000 r-xp 00001000 08:02 3546166                    /usr/lib/x86_64-linux-gnu/libnss_mdns4_minimal.so.2
7f5680037000-7f5680038000 r--p 00003000 08:02 3546166                    /usr/lib/x86_64-linux-gnu/libnss_mdns4_minimal.so.2
7f5680038000-7f5680039000 r--p 00003000 08:02 3546166                    /usr/lib/x86_64-linux-gnu/libnss_mdns4_minimal.so.2
7f5680039000-7f568003a000 rw-p 00004000 08:02 3546166                    /usr/lib/x86_64-linux-gnu/libnss_mdns4_minimal.so.2
7f568004d000-7f568004e000 r--p 00000000 08:02 3933369                    /usr/lib/jvm/java-11-openjdk-amd64/lib/libextnet.so
7f568004e000-7f568004f000 r-xp 00001000 08:02 3933369                    /usr/lib/jvm/java-11-openjdk-amd64/lib/libextnet.so
7f568004f000-7f5680050000 r--p 00002000 08:02 3933369                    /usr/lib/jvm/java-11-openjdk-amd64/lib/libextnet.so
7f5680050000-7f5680051000 r--p 00002000 08:02 3933369                    /usr/lib/jvm/java-11-openjdk-amd64/lib/libextnet.so
7f5680051000-7f5680052000 rw-p 00003000 08:02 3933369                    /usr/lib/jvm/java-11-openjdk-amd64/lib/libextnet.so
7f5680052000-7f5680115000 rw-p 00000000 00:00 0 
7f5680115000-7f56802af000 ---p 00000000 00:00 0 
7f56802af000-7f56802f2000 rw-p 00000000 00:00 0 
7f56802f2000-7f568048c000 ---p 00000000 00:00 0 
7f568048c000-7f5680891000 rw-p 00000000 00:00 0 
7f5680891000-7f5680b01000 rwxp 00000000 00:00 0 
7f5680b01000-7f5680f38000 ---p 00000000 00:00 0 
7f5680f38000-7f5681808000 rwxp 00000000 00:00 0 
7f5681808000-7f568f891000 ---p 00000000 00:00 0 
7f5698000000-7f56993c9000 rw-p 00000000 00:00 0 
7f56993c9000-7f569c000000 ---p 00000000 00:00 0 
7f569c002000-7f569c004000 r--p 00000000 08:02 3933386                    /usr/lib/jvm/java-11-openjdk-amd64/lib/libmanagement_ext.so
7f569c004000-7f569c007000 r-xp 00002000 08:02 3933386                    /usr/lib/jvm/java-11-openjdk-amd64/lib/libmanagement_ext.so
7f569c007000-7f569c008000 r--p 00005000 08:02 3933386                    /usr/lib/jvm/java-11-openjdk-amd64/lib/libmanagement_ext.so
7f569c008000-7f569c009000 ---p 00006000 08:02 3933386                    /usr/lib/jvm/java-11-openjdk-amd64/lib/libmanagement_ext.so
7f569c009000-7f569c00a000 r--p 00006000 08:02 3933386                    /usr/lib/jvm/java-11-openjdk-amd64/lib/libmanagement_ext.so
7f569c00a000-7f569c00b000 rw-p 00007000 08:02 3933386                    /usr/lib/jvm/java-11-openjdk-amd64/lib/libmanagement_ext.so
7f569c00b000-7f569c00e000 r--p 00000000 08:02 3933384                    /usr/lib/jvm/java-11-openjdk-amd64/lib/libmanagement.so
7f569c00e000-7f569c00f000 r-xp 00003000 08:02 3933384                    /usr/lib/jvm/java-11-openjdk-amd64/lib/libmanagement.so
7f569c00f000-7f569c010000 r--p 00004000 08:02 3933384                    /usr/lib/jvm/java-11-openjdk-amd64/lib/libmanagement.so
7f569c010000-7f569c011000 r--p 00004000 08:02 3933384                    /usr/lib/jvm/java-11-openjdk-amd64/lib/libmanagement.so
7f569c011000-7f569c012000 rw-p 00005000 08:02 3933384                    /usr/lib/jvm/java-11-openjdk-amd64/lib/libmanagement.so
7f569c012000-7f569c016000 r--p 00000000 08:02 3933388                    /usr/lib/jvm/java-11-openjdk-amd64/lib/libnet.so
7f569c016000-7f569c025000 r-xp 00004000 08:02 3933388                    /usr/lib/jvm/java-11-openjdk-amd64/lib/libnet.so
7f569c025000-7f569c029000 r--p 00013000 08:02 3933388                    /usr/lib/jvm/java-11-openjdk-amd64/lib/libnet.so
7f569c029000-7f569c02a000 r--p 00016000 08:02 3933388                    /usr/lib/jvm/java-11-openjdk-amd64/lib/libnet.so
7f569c02a000-7f569c02b000 rw-p 00017000 08:02 3933388                    /usr/lib/jvm/java-11-openjdk-amd64/lib/libnet.so
7f569c02b000-7f569c032000 r--p 00000000 08:02 3933389                    /usr/lib/jvm/java-11-openjdk-amd64/lib/libnio.so
7f569c032000-7f569c03a000 r-xp 00007000 08:02 3933389                    /usr/lib/jvm/java-11-openjdk-amd64/lib/libnio.so
7f569c03a000-7f569c03d000 r--p 0000f000 08:02 3933389                    /usr/lib/jvm/java-11-openjdk-amd64/lib/libnio.so
7f569c03d000-7f569c03e000 r--p 00011000 08:02 3933389                    /usr/lib/jvm/java-11-openjdk-amd64/lib/libnio.so
7f569c03e000-7f569c03f000 rw-p 00012000 08:02 3933389                    /usr/lib/jvm/java-11-openjdk-amd64/lib/libnio.so
7f569c03f000-7f569c041000 r--p 00000000 08:02 3933368                    /usr/lib/jvm/java-11-openjdk-amd64/lib/libdt_socket.so
7f569c041000-7f569c044000 r-xp 00002000 08:02 3933368                    /usr/lib/jvm/java-11-openjdk-amd64/lib/libdt_socket.so
7f569c044000-7f569c045000 r--p 00005000 08:02 3933368                    /usr/lib/jvm/java-11-openjdk-amd64/lib/libdt_socket.so
7f569c045000-7f569c046000 ---p 00006000 08:02 3933368                    /usr/lib/jvm/java-11-openjdk-amd64/lib/libdt_socket.so
7f569c046000-7f569c047000 r--p 00006000 08:02 3933368                    /usr/lib/jvm/java-11-openjdk-amd64/lib/libdt_socket.so
7f569c047000-7f569c048000 rw-p 00007000 08:02 3933368                    /usr/lib/jvm/java-11-openjdk-amd64/lib/libdt_socket.so
7f569c048000-7f569c04f000 r--s 00000000 08:02 4196904                    /usr/lib/x86_64-linux-gnu/gconv/gconv-modules.cache
7f569c04f000-7f569c0ca000 rw-p 00000000 00:00 0 
7f569c0ca000-7f569c0cb000 ---p 00000000 00:00 0 
7f569c0cb000-7f569c1de000 rw-p 00000000 00:00 0 
7f569c1de000-7f569c39f000 ---p 00000000 00:00 0 
7f569c39f000-7f569c3a4000 rw-p 00000000 00:00 0 
7f569c3a4000-7f569c3ad000 ---p 00000000 00:00 0 
7f569c3ad000-7f569c3af000 r--s 0000c000 08:02 4329210                    /usr/share/java/java-atk-wrapper.jar
7f569c3af000-7f569c3b2000 r--p 00000000 08:02 3546160                    /usr/lib/x86_64-linux-gnu/libnss_files-2.31.so
7f569c3b2000-7f569c3b9000 r-xp 00003000 08:02 3546160                    /usr/lib/x86_64-linux-gnu/libnss_files-2.31.so
7f569c3b9000-7f569c3bb000 r--p 0000a000 08:02 3546160                    /usr/lib/x86_64-linux-gnu/libnss_files-2.31.so
7f569c3bb000-7f569c3bc000 r--p 0000b000 08:02 3546160                    /usr/lib/x86_64-linux-gnu/libnss_files-2.31.so
7f569c3bc000-7f569c3bd000 rw-p 0000c000 08:02 3546160                    /usr/lib/x86_64-linux-gnu/libnss_files-2.31.so
7f569c3bd000-7f569c3c3000 rw-p 00000000 00:00 0 
7f569c3c4000-7f569c3c6000 r--p 00000000 08:02 3933397                    /usr/lib/jvm/java-11-openjdk-amd64/lib/libzip.so
7f569c3c6000-7f569c3ca000 r-xp 00002000 08:02 3933397                    /usr/lib/jvm/java-11-openjdk-amd64/lib/libzip.so
7f569c3ca000-7f569c3cc000 r--p 00006000 08:02 3933397                    /usr/lib/jvm/java-11-openjdk-amd64/lib/libzip.so
7f569c3cc000-7f569c3cd000 r--p 00007000 08:02 3933397                    /usr/lib/jvm/java-11-openjdk-amd64/lib/libzip.so
7f569c3cd000-7f569c3ce000 rw-p 00008000 08:02 3933397                    /usr/lib/jvm/java-11-openjdk-amd64/lib/libzip.so
7f569c3ce000-7f569c3d6000 rw-s 00000000 08:02 3152239                    /tmp/hsperfdata_arjoo/133814
7f569c3d6000-7f569c3d8000 r--p 00000000 08:02 3933371                    /usr/lib/jvm/java-11-openjdk-amd64/lib/libinstrument.so
7f569c3d8000-7f569c3de000 r-xp 00002000 08:02 3933371                    /usr/lib/jvm/java-11-openjdk-amd64/lib/libinstrument.so
7f569c3de000-7f569c3e1000 r--p 00008000 08:02 3933371                    /usr/lib/jvm/java-11-openjdk-amd64/lib/libinstrument.so
7f569c3e1000-7f569c3e2000 r--p 0000a000 08:02 3933371                    /usr/lib/jvm/java-11-openjdk-amd64/lib/libinstrument.so
7f569c3e2000-7f569c3e3000 rw-p 0000b000 08:02 3933371                    /usr/lib/jvm/java-11-openjdk-amd64/lib/libinstrument.so
7f569c3e3000-7f569c3e5000 r--p 00000000 08:02 3933379                    /usr/lib/jvm/java-11-openjdk-amd64/lib/libjdwp.so
7f569c3e5000-7f569c411000 r-xp 00002000 08:02 3933379                    /usr/lib/jvm/java-11-openjdk-amd64/lib/libjdwp.so
7f569c411000-7f569c41f000 r--p 0002e000 08:02 3933379                    /usr/lib/jvm/java-11-openjdk-amd64/lib/libjdwp.so
7f569c41f000-7f569c420000 r--p 0003b000 08:02 3933379                    /usr/lib/jvm/java-11-openjdk-amd64/lib/libjdwp.so
7f569c420000-7f569c421000 rw-p 0003c000 08:02 3933379                    /usr/lib/jvm/java-11-openjdk-amd64/lib/libjdwp.so
7f569c421000-7f569c422000 ---p 00000000 00:00 0 
7f569c422000-7f569c423000 r--p 00000000 00:00 0 
7f569c423000-7f569c425000 r--p 00000000 08:02 3933380                    /usr/lib/jvm/java-11-openjdk-amd64/lib/libjimage.so
7f569c425000-7f569c428000 r-xp 00002000 08:02 3933380                    /usr/lib/jvm/java-11-openjdk-amd64/lib/libjimage.so
7f569c428000-7f569c429000 r--p 00005000 08:02 3933380                    /usr/lib/jvm/java-11-openjdk-amd64/lib/libjimage.so
7f569c429000-7f569c42a000 ---p 00006000 08:02 3933380                    /usr/lib/jvm/java-11-openjdk-amd64/lib/libjimage.so
7f569c42a000-7f569c42b000 r--p 00006000 08:02 3933380                    /usr/lib/jvm/java-11-openjdk-amd64/lib/libjimage.so
7f569c42b000-7f569c42c000 rw-p 00007000 08:02 3933380                    /usr/lib/jvm/java-11-openjdk-amd64/lib/libjimage.so
7f569c42c000-7f569c43a000 r--p 00000000 08:02 3933376                    /usr/lib/jvm/java-11-openjdk-amd64/lib/libjava.so
7f569c43a000-7f569c450000 r-xp 0000e000 08:02 3933376                    /usr/lib/jvm/java-11-openjdk-amd64/lib/libjava.so
7f569c450000-7f569c457000 r--p 00024000 08:02 3933376                    /usr/lib/jvm/java-11-openjdk-amd64/lib/libjava.so
7f569c457000-7f569c458000 r--p 0002a000 08:02 3933376                    /usr/lib/jvm/java-11-openjdk-amd64/lib/libjava.so
7f569c458000-7f569c459000 rw-p 0002b000 08:02 3933376                    /usr/lib/jvm/java-11-openjdk-amd64/lib/libjava.so
7f569c459000-7f569c45a000 rw-p 00000000 00:00 0 
7f569c45a000-7f569c45d000 r--p 00000000 08:02 3546362                    /usr/lib/x86_64-linux-gnu/librt-2.31.so
7f569c45d000-7f569c461000 r-xp 00003000 08:02 3546362                    /usr/lib/x86_64-linux-gnu/librt-2.31.so
7f569c461000-7f569c462000 r--p 00007000 08:02 3546362                    /usr/lib/x86_64-linux-gnu/librt-2.31.so
7f569c462000-7f569c463000 ---p 00008000 08:02 3546362                    /usr/lib/x86_64-linux-gnu/librt-2.31.so
7f569c463000-7f569c464000 r--p 00008000 08:02 3546362                    /usr/lib/x86_64-linux-gnu/librt-2.31.so
7f569c464000-7f569c465000 rw-p 00009000 08:02 3546362                    /usr/lib/x86_64-linux-gnu/librt-2.31.so
7f569c465000-7f569c469000 ---p 00000000 00:00 0 
7f569c469000-7f569c566000 rw-p 00000000 00:00 0 
7f569c566000-7f569c569000 r--p 00000000 08:02 3544226                    /usr/lib/x86_64-linux-gnu/libgcc_s.so.1
7f569c569000-7f569c57b000 r-xp 00003000 08:02 3544226                    /usr/lib/x86_64-linux-gnu/libgcc_s.so.1
7f569c57b000-7f569c57f000 r--p 00015000 08:02 3544226                    /usr/lib/x86_64-linux-gnu/libgcc_s.so.1
7f569c57f000-7f569c580000 r--p 00018000 08:02 3544226                    /usr/lib/x86_64-linux-gnu/libgcc_s.so.1
7f569c580000-7f569c581000 rw-p 00019000 08:02 3544226                    /usr/lib/x86_64-linux-gnu/libgcc_s.so.1
7f569c581000-7f569c590000 r--p 00000000 08:02 3546036                    /usr/lib/x86_64-linux-gnu/libm-2.31.so
7f569c590000-7f569c637000 r-xp 0000f000 08:02 3546036                    /usr/lib/x86_64-linux-gnu/libm-2.31.so
7f569c637000-7f569c6ce000 r--p 000b6000 08:02 3546036                    /usr/lib/x86_64-linux-gnu/libm-2.31.so
7f569c6ce000-7f569c6cf000 r--p 0014c000 08:02 3546036                    /usr/lib/x86_64-linux-gnu/libm-2.31.so
7f569c6cf000-7f569c6d0000 rw-p 0014d000 08:02 3546036                    /usr/lib/x86_64-linux-gnu/libm-2.31.so
7f569c6d0000-7f569c766000 r--p 00000000 08:02 3539856                    /usr/lib/x86_64-linux-gnu/libstdc++.so.6.0.28
7f569c766000-7f569c856000 r-xp 00096000 08:02 3539856                    /usr/lib/x86_64-linux-gnu/libstdc++.so.6.0.28
7f569c856000-7f569c89f000 r--p 00186000 08:02 3539856                    /usr/lib/x86_64-linux-gnu/libstdc++.so.6.0.28
7f569c89f000-7f569c8a0000 ---p 001cf000 08:02 3539856                    /usr/lib/x86_64-linux-gnu/libstdc++.so.6.0.28
7f569c8a0000-7f569c8ab000 r--p 001cf000 08:02 3539856                    /usr/lib/x86_64-linux-gnu/libstdc++.so.6.0.28
7f569c8ab000-7f569c8ae000 rw-p 001da000 08:02 3539856                    /usr/lib/x86_64-linux-gnu/libstdc++.so.6.0.28
7f569c8ae000-7f569c8b1000 rw-p 00000000 00:00 0 
7f569c8b1000-7f569cb2a000 r--p 00000000 08:02 3933401                    /usr/lib/jvm/java-11-openjdk-amd64/lib/server/libjvm.so
7f569cb2a000-7f569d7ab000 r-xp 00279000 08:02 3933401                    /usr/lib/jvm/java-11-openjdk-amd64/lib/server/libjvm.so
7f569d7ab000-7f569da01000 r--p 00efa000 08:02 3933401                    /usr/lib/jvm/java-11-openjdk-amd64/lib/server/libjvm.so
7f569da01000-7f569da02000 ---p 01150000 08:02 3933401                    /usr/lib/jvm/java-11-openjdk-amd64/lib/server/libjvm.so
7f569da02000-7f569dac3000 r--p 01150000 08:02 3933401                    /usr/lib/jvm/java-11-openjdk-amd64/lib/server/libjvm.so
7f569dac3000-7f569dafe000 rw-p 01211000 08:02 3933401                    /usr/lib/jvm/java-11-openjdk-amd64/lib/server/libjvm.so
7f569dafe000-7f569db57000 rw-p 00000000 00:00 0 
7f569db57000-7f569db5e000 r--p 00000000 08:02 3546301                    /usr/lib/x86_64-linux-gnu/libpthread-2.31.so
7f569db5e000-7f569db6f000 r-xp 00007000 08:02 3546301                    /usr/lib/x86_64-linux-gnu/libpthread-2.31.so
7f569db6f000-7f569db74000 r--p 00018000 08:02 3546301                    /usr/lib/x86_64-linux-gnu/libpthread-2.31.so
7f569db74000-7f569db75000 r--p 0001c000 08:02 3546301                    /usr/lib/x86_64-linux-gnu/libpthread-2.31.so
7f569db75000-7f569db76000 rw-p 0001d000 08:02 3546301                    /usr/lib/x86_64-linux-gnu/libpthread-2.31.so
7f569db76000-7f569db7a000 rw-p 00000000 00:00 0 
7f569db7a000-7f569db7b000 r--p 00000000 08:02 3545533                    /usr/lib/x86_64-linux-gnu/libdl-2.31.so
7f569db7b000-7f569db7d000 r-xp 00001000 08:02 3545533                    /usr/lib/x86_64-linux-gnu/libdl-2.31.so
7f569db7d000-7f569db7e000 r--p 00003000 08:02 3545533                    /usr/lib/x86_64-linux-gnu/libdl-2.31.so
7f569db7e000-7f569db7f000 r--p 00003000 08:02 3545533                    /usr/lib/x86_64-linux-gnu/libdl-2.31.so
7f569db7f000-7f569db80000 rw-p 00004000 08:02 3545533                    /usr/lib/x86_64-linux-gnu/libdl-2.31.so
7f569db80000-7f569db82000 r--p 00000000 08:02 3539138                    /usr/lib/x86_64-linux-gnu/libz.so.1.2.11
7f569db82000-7f569db93000 r-xp 00002000 08:02 3539138                    /usr/lib/x86_64-linux-gnu/libz.so.1.2.11
7f569db93000-7f569db99000 r--p 00013000 08:02 3539138                    /usr/lib/x86_64-linux-gnu/libz.so.1.2.11
7f569db99000-7f569db9a000 ---p 00019000 08:02 3539138                    /usr/lib/x86_64-linux-gnu/libz.so.1.2.11
7f569db9a000-7f569db9b000 r--p 00019000 08:02 3539138                    /usr/lib/x86_64-linux-gnu/libz.so.1.2.11
7f569db9b000-7f569db9c000 rw-p 0001a000 08:02 3539138                    /usr/lib/x86_64-linux-gnu/libz.so.1.2.11
7f569db9c000-7f569dbc1000 r--p 00000000 08:02 3545398                    /usr/lib/x86_64-linux-gnu/libc-2.31.so
7f569dbc1000-7f569dd39000 r-xp 00025000 08:02 3545398                    /usr/lib/x86_64-linux-gnu/libc-2.31.so
7f569dd39000-7f569dd83000 r--p 0019d000 08:02 3545398                    /usr/lib/x86_64-linux-gnu/libc-2.31.so
7f569dd83000-7f569dd84000 ---p 001e7000 08:02 3545398                    /usr/lib/x86_64-linux-gnu/libc-2.31.so
7f569dd84000-7f569dd87000 r--p 001e7000 08:02 3545398                    /usr/lib/x86_64-linux-gnu/libc-2.31.so
7f569dd87000-7f569dd8a000 rw-p 001ea000 08:02 3545398                    /usr/lib/x86_64-linux-gnu/libc-2.31.so
7f569dd8a000-7f569dd8e000 rw-p 00000000 00:00 0 
7f569dd8f000-7f569dd94000 r--p 00000000 08:02 3933396                    /usr/lib/jvm/java-11-openjdk-amd64/lib/libverify.so
7f569dd94000-7f569dd9b000 r-xp 00005000 08:02 3933396                    /usr/lib/jvm/java-11-openjdk-amd64/lib/libverify.so
7f569dd9b000-7f569dd9d000 r--p 0000c000 08:02 3933396                    /usr/lib/jvm/java-11-openjdk-amd64/lib/libverify.so
7f569dd9d000-7f569dd9e000 ---p 0000e000 08:02 3933396                    /usr/lib/jvm/java-11-openjdk-amd64/lib/libverify.so
7f569dd9e000-7f569dda0000 r--p 0000e000 08:02 3933396                    /usr/lib/jvm/java-11-openjdk-amd64/lib/libverify.so
7f569dda0000-7f569dda1000 rw-p 00010000 08:02 3933396                    /usr/lib/jvm/java-11-openjdk-amd64/lib/libverify.so
7f569dda1000-7f569dda4000 r--p 00000000 08:02 3933360                    /usr/lib/jvm/java-11-openjdk-amd64/lib/jli/libjli.so
7f569dda4000-7f569ddae000 r-xp 00003000 08:02 3933360                    /usr/lib/jvm/java-11-openjdk-amd64/lib/jli/libjli.so
7f569ddae000-7f569ddb1000 r--p 0000d000 08:02 3933360                    /usr/lib/jvm/java-11-openjdk-amd64/lib/jli/libjli.so
7f569ddb1000-7f569ddb2000 ---p 00010000 08:02 3933360                    /usr/lib/jvm/java-11-openjdk-amd64/lib/jli/libjli.so
7f569ddb2000-7f569ddb3000 r--p 00010000 08:02 3933360                    /usr/lib/jvm/java-11-openjdk-amd64/lib/jli/libjli.so
7f569ddb3000-7f569ddb4000 rw-p 00011000 08:02 3933360                    /usr/lib/jvm/java-11-openjdk-amd64/lib/jli/libjli.so
7f569ddb4000-7f569ddb6000 rw-p 00000000 00:00 0 
7f569ddb6000-7f569ddb7000 r--p 00000000 08:02 3545185                    /usr/lib/x86_64-linux-gnu/ld-2.31.so
7f569ddb7000-7f569ddda000 r-xp 00001000 08:02 3545185                    /usr/lib/x86_64-linux-gnu/ld-2.31.so
7f569ddda000-7f569dde2000 r--p 00024000 08:02 3545185                    /usr/lib/x86_64-linux-gnu/ld-2.31.so
7f569dde3000-7f569dde4000 r--p 0002c000 08:02 3545185                    /usr/lib/x86_64-linux-gnu/ld-2.31.so
7f569dde4000-7f569dde5000 rw-p 0002d000 08:02 3545185                    /usr/lib/x86_64-linux-gnu/ld-2.31.so
7f569dde5000-7f569dde6000 rw-p 00000000 00:00 0 
7ffd0172a000-7ffd0174d000 rw-p 00000000 00:00 0                          [stack]
7ffd01790000-7ffd01794000 r--p 00000000 00:00 0                          [vvar]
7ffd01794000-7ffd01796000 r-xp 00000000 00:00 0                          [vdso]
ffffffffff600000-ffffffffff601000 --xp 00000000 00:00 0                  [vsyscall]


VM Arguments:
jvm_args: -agentlib:jdwp=transport=dt_socket,suspend=y,address=localhost:38515 -Dcom.sun.management.jmxremote -Dcom.sun.management.jmxremote.port=41171 -Dcom.sun.management.jmxremote.authenticate=false -Dcom.sun.management.jmxremote.ssl=false -Djava.rmi.server.hostname=localhost -Dspring.jmx.enabled=true -Dspring.application.admin.enabled=true -Djava.security.egd=file:/dev/./urandom -Xverify:none -XX:TieredStopAtLevel=1 -Dspring.boot.project.name=book-info-service -javaagent:/home/arjoo/Desktop/all setup/sts/spring-tool-suite-4-4.6.2.RELEASE-e4.15.0-linux.gtk.x86_64/sts-4.6.2.RELEASE/configuration/org.eclipse.osgi/239/0/.cp/lib/javaagent-shaded.jar -Dfile.encoding=UTF-8 
java_command: com.arjoo.microservices.BookInfoServiceApplication --spring.output.ansi.enabled=always
java_class_path (initial): /home/arjoo/Desktop/MicroserviceWorkspace/book-catolog-microservice-application/book-info-service/target/classes:/home/arjoo/.m2/repository/org/springframework/boot/spring-boot-starter-actuator/2.4.4/spring-boot-starter-actuator-2.4.4.jar:/home/arjoo/.m2/repository/org/springframework/boot/spring-boot-starter/2.4.4/spring-boot-starter-2.4.4.jar:/home/arjoo/.m2/repository/org/springframework/boot/spring-boot/2.4.4/spring-boot-2.4.4.jar:/home/arjoo/.m2/repository/org/springframework/boot/spring-boot-autoconfigure/2.4.4/spring-boot-autoconfigure-2.4.4.jar:/home/arjoo/.m2/repository/org/springframework/boot/spring-boot-starter-logging/2.4.4/spring-boot-starter-logging-2.4.4.jar:/home/arjoo/.m2/repository/ch/qos/logback/logback-classic/1.2.3/logback-classic-1.2.3.jar:/home/arjoo/.m2/repository/ch/qos/logback/logback-core/1.2.3/logback-core-1.2.3.jar:/home/arjoo/.m2/repository/org/apache/logging/log4j/log4j-to-slf4j/2.13.3/log4j-to-slf4j-2.13.3.jar:/home/arjoo/.m2/repository/org/apache/logging/log4j/log4j-api/2.13.3/log4j-api-2.13.3.jar:/home/arjoo/.m2/repository/org/slf4j/jul-to-slf4j/1.7.30/jul-to-slf4j-1.7.30.jar:/home/arjoo/.m2/repository/jakarta/annotation/jakarta.annotation-api/1.3.5/jakarta.annotation-api-1.3.5.jar:/home/arjoo/.m2/repository/org/yaml/snakeyaml/1.27/snakeyaml-1.27.jar:/home/arjoo/.m2/repository/org/springframework/boot/spring-boot-actuator-autoconfigure/2.4.4/spring-boot-actuator-autoconfigure-2.4.4.jar:/home/arjoo/.m2/repository/org/springframework/boot/spring-boot-actuator/2.4.4/spring-boot-actuator-2.4.4.jar:/home/arjoo/.m2/repository/com/fasterxml/jackson/core/jackson-databind/2.11.4/jackson-databind-2.11.4.jar:/home/arjoo/.m2/repository/com/fasterxml/jackson/datatype/jackson-datatype-jsr310/2.11.4/jackson-datatype-jsr310-2.11.4.jar:/home/arjoo/.m2/repository/io/micrometer/micrometer-core/1.6.5/micrometer-core-1.6.5.jar:/home/arjoo/.m2/repository/org/hdrhistogram/HdrHistogram/2.1.12/HdrHistogram-2.1.12.jar:/home/arjo
Launcher Type: SUN_STANDARD

[Global flags]
     bool BytecodeVerificationLocal                = false                                     {product} {command line}
     bool BytecodeVerificationRemote               = false                                     {product} {command line}
     intx CICompilerCount                          = 3                                         {product} {ergonomic}
     uint ConcGCThreads                            = 1                                         {product} {ergonomic}
     uint G1ConcRefinementThreads                  = 4                                         {product} {ergonomic}
   size_t G1HeapRegionSize                         = 1048576                                   {product} {ergonomic}
    uintx GCDrainStackTargetSize                   = 64                                        {product} {ergonomic}
   size_t InitialHeapSize                          = 62914560                                  {product} {ergonomic}
     bool ManagementServer                         = true                                      {product} {command line}
   size_t MarkStackSize                            = 4194304                                   {product} {ergonomic}
   size_t MaxHeapSize                              = 1000341504                                {product} {ergonomic}
   size_t MaxNewSize                               = 599785472                                 {product} {ergonomic}
   size_t MinHeapDeltaBytes                        = 1048576                                   {product} {ergonomic}
    uintx NonNMethodCodeHeapSize                   = 6973028                                {pd product} {ergonomic}
    uintx NonProfiledCodeHeapSize                  = 244685212                              {pd product} {ergonomic}
    uintx ProfiledCodeHeapSize                     = 0                                      {pd product} {ergonomic}
    uintx ReservedCodeCacheSize                    = 251658240                              {pd product} {ergonomic}
     bool SegmentedCodeCache                       = true                                      {product} {ergonomic}
     intx TieredStopAtLevel                        = 1                                         {product} {command line}
     bool UseCompressedClassPointers               = true                                 {lp64_product} {ergonomic}
     bool UseCompressedOops                        = true                                 {lp64_product} {ergonomic}
     bool UseG1GC                                  = true                                      {product} {ergonomic}

Logging:
Log output configuration:
 #0: stdout all=warning uptime,level,tags
 #1: stderr all=off uptime,level,tags

Environment Variables:
PATH=/home/arjoo/.local/bin:/usr/local/sbin:/usr/local/bin:/usr/sbin:/usr/bin:/sbin:/bin:/usr/games:/usr/local/games:/snap/bin
USERNAME=arjoo
SHELL=/bin/bash
DISPLAY=:0
LANG=en_IN

Signal Handlers:
SIGSEGV: [libjvm.so+0xe85e00], sa_mask[0]=11111111011111111101111111111110, sa_flags=SA_RESTART|SA_SIGINFO
SIGBUS: [libjvm.so+0xe85e00], sa_mask[0]=11111111011111111101111111111110, sa_flags=SA_RESTART|SA_SIGINFO
SIGFPE: [libjvm.so+0xe85e00], sa_mask[0]=11111111011111111101111111111110, sa_flags=SA_RESTART|SA_SIGINFO
SIGPIPE: [libjvm.so+0xbcbc30], sa_mask[0]=11111111011111111101111111111110, sa_flags=SA_RESTART|SA_SIGINFO
SIGXFSZ: [libjvm.so+0xbcbc30], sa_mask[0]=11111111011111111101111111111110, sa_flags=SA_RESTART|SA_SIGINFO
SIGILL: [libjvm.so+0xe85e00], sa_mask[0]=11111111011111111101111111111110, sa_flags=SA_RESTART|SA_SIGINFO
SIGUSR2: [libjvm.so+0xbcbad0], sa_mask[0]=00100000000000000000000000000000, sa_flags=SA_RESTART|SA_SIGINFO
SIGHUP: [libjvm.so+0xbcbf70], sa_mask[0]=11111111011111111101111111111110, sa_flags=SA_RESTART|SA_SIGINFO
SIGINT: [libjvm.so+0xbcbf70], sa_mask[0]=11111111011111111101111111111110, sa_flags=SA_RESTART|SA_SIGINFO
SIGTERM: [libjvm.so+0xbcbf70], sa_mask[0]=11111111011111111101111111111110, sa_flags=SA_RESTART|SA_SIGINFO
SIGQUIT: [libjvm.so+0xbcbf70], sa_mask[0]=11111111011111111101111111111110, sa_flags=SA_RESTART|SA_SIGINFO


---------------  S Y S T E M  ---------------

OS:DISTRIB_ID=Ubuntu
DISTRIB_RELEASE=20.04
DISTRIB_CODENAME=focal
DISTRIB_DESCRIPTION="Ubuntu 20.04 LTS"
uname:Linux 5.8.0-48-generic #54~20.04.1-Ubuntu SMP Sat Mar 20 13:40:25 UTC 2021 x86_64
OS uptime: 2 days 6:25 hours
libc:glibc 2.31 NPTL 2.31 
rlimit (soft/hard): STACK 8192k/infinity , CORE 0k/infinity , NPROC 15032/15032 , NOFILE 1048576/1048576 , AS infinity/infinity , CPU infinity/infinity , DATA infinity/infinity , FSIZE infinity/infinity , MEMLOCK 65536k/65536k
load average:1.94 1.75 1.43

/proc/meminfo:
MemTotal:        3907564 kB
MemFree:          118968 kB
MemAvailable:     230736 kB
Buffers:           16324 kB
Cached:           462216 kB
SwapCached:        34620 kB
Active:          2807240 kB
Inactive:         644216 kB
Active(anon):    2645120 kB
Inactive(anon):   523704 kB
Active(file):     162120 kB
Inactive(file):   120512 kB
Unevictable:       26572 kB
Mlocked:             176 kB
SwapTotal:       2097148 kB
SwapFree:         324640 kB
Dirty:               692 kB
Writeback:            20 kB
AnonPages:       2962968 kB
Mapped:           273824 kB
Shmem:            195916 kB
KReclaimable:      69452 kB
Slab:             197812 kB
SReclaimable:      69452 kB
SUnreclaim:       128360 kB
KernelStack:       18400 kB
PageTables:        36648 kB
NFS_Unstable:          0 kB
Bounce:                0 kB
WritebackTmp:          0 kB
CommitLimit:     4050928 kB
Committed_AS:   11425420 kB
VmallocTotal:   34359738367 kB
VmallocUsed:       35332 kB
VmallocChunk:          0 kB
Percpu:             6784 kB
HardwareCorrupted:     0 kB
AnonHugePages:         0 kB
ShmemHugePages:        0 kB
ShmemPmdMapped:        0 kB
FileHugePages:         0 kB
FilePmdMapped:         0 kB
HugePages_Total:       0
HugePages_Free:        0
HugePages_Rsvd:        0
HugePages_Surp:        0
Hugepagesize:       2048 kB
Hugetlb:               0 kB
DirectMap4k:      364284 kB
DirectMap2M:     3708928 kB

/sys/kernel/mm/transparent_hugepage/enabled:
always [madvise] never
/sys/kernel/mm/transparent_hugepage/defrag (defrag/compaction efforts parameter):
always defer defer+madvise [madvise] never

/proc/sys/kernel/threads-max (system-wide limit on the number of threads):
30065
/proc/sys/vm/max_map_count (maximum number of memory map areas a process may have):
65530
/proc/sys/kernel/pid_max (system-wide limit on number of process identifiers):
4194304

container (cgroup) information:
container_type: cgroupv1
cpu_cpuset_cpus: 0-3
cpu_memory_nodes: 0
active_processor_count: 4
cpu_quota: -1
cpu_period: 100000
cpu_shares: -1
memory_limit_in_bytes: -1
memory_and_swap_limit_in_bytes: -1
memory_soft_limit_in_bytes: -1
memory_usage_in_bytes: 3504357376
memory_max_usage_in_bytes: 3562057728

Steal ticks since vm start: 0
Steal ticks percentage since vm start:  0.000

CPU:total 4 (initial active 4) (2 cores per cpu, 2 threads per core) family 6 model 58 stepping 9 microcode 0x21, cmov, cx8, fxsr, mmx, sse, sse2, sse3, ssse3, sse4.1, sse4.2, popcnt, avx, clmul, erms, ht, tsc, tscinvbit, tscinv
CPU Model and flags from /proc/cpuinfo:
model name	: Intel(R) Core(TM) i3-3217U CPU @ 1.80GHz
flags		: fpu vme de pse tsc msr pae mce cx8 apic sep mtrr pge mca cmov pat pse36 clflush dts acpi mmx fxsr sse sse2 ss ht tm pbe syscall nx rdtscp lm constant_tsc arch_perfmon pebs bts rep_good nopl xtopology nonstop_tsc cpuid aperfmperf pni pclmulqdq dtes64 monitor ds_cpl vmx est tm2 ssse3 cx16 xtpr pdcm pcid sse4_1 sse4_2 x2apic popcnt tsc_deadline_timer xsave avx f16c lahf_lm cpuid_fault epb pti ssbd ibrs ibpb stibp tpr_shadow vnmi flexpriority ept vpid fsgsbase smep erms xsaveopt dtherm ida arat pln pts md_clear flush_l1d
Online cpus:
0-3
Offline cpus:
4-7
BIOS frequency limitation:
<Not Available>
Frequency switch latency (ns):
20000
Available cpu frequencies:
<Not Available>
Current governor:
ondemand
Core performance/turbo boost:
<Not Available>

Memory: 4k page, physical 3907564k(118968k free), swap 2097148k(324640k free)

vm_info: OpenJDK 64-Bit Server VM (11.0.10+9-Ubuntu-0ubuntu1.20.04) for linux-amd64 JRE (11.0.10+9-Ubuntu-0ubuntu1.20.04), built on Jan 20 2021 02:32:18 by "unknown" with gcc 9.3.0

END.
