#
# A fatal error has been detected by the Java Runtime Environment:
#
#  SIGSEGV (0xb) at pc=0x00007ff1222ef0ad, pid=134816, tid=134848
#
# JRE version: OpenJDK Runtime Environment (11.0.10+9) (build 11.0.10+9-Ubuntu-0ubuntu1.20.04)
# Java VM: OpenJDK 64-Bit Server VM (11.0.10+9-Ubuntu-0ubuntu1.20.04, mixed mode, sharing, tiered, compressed oops, g1 gc, linux-amd64)
# Problematic frame:
# C  [libjimage.so+0x30ad]
#
# Core dump will be written. Default location: Core dumps may be processed with "/usr/share/apport/apport %p %s %c %d %P %E" (or dumping to /home/arjoo/Desktop/MicroserviceWorkspace/book-catolog-microservice-application/book-catalog-service/core.134816)
#
# If you would like to submit a bug report, please visit:
#   https://bugs.launchpad.net/ubuntu/+source/openjdk-lts
#

---------------  S U M M A R Y ------------

Command Line: -agentlib:jdwp=transport=dt_socket,suspend=y,address=localhost:39617 -Dcom.sun.management.jmxremote -Dcom.sun.management.jmxremote.port=43599 -Dcom.sun.management.jmxremote.authenticate=false -Dcom.sun.management.jmxremote.ssl=false -Djava.rmi.server.hostname=localhost -Dspring.jmx.enabled=true -Dspring.application.admin.enabled=true -Djava.security.egd=file:/dev/./urandom -Xverify:none -XX:TieredStopAtLevel=1 -Dspring.boot.project.name=book-catalog-service -javaagent:/home/arjoo/Desktop/all setup/sts/spring-tool-suite-4-4.6.2.RELEASE-e4.15.0-linux.gtk.x86_64/sts-4.6.2.RELEASE/configuration/org.eclipse.osgi/239/0/.cp/lib/javaagent-shaded.jar -Dfile.encoding=UTF-8 com.arjoo.microservices.BookCatalogServiceApplication --spring.output.ansi.enabled=always

Host: Intel(R) Core(TM) i3-3217U CPU @ 1.80GHz, 4 cores, 3G, Ubuntu 20.04 LTS
Time: Fri Apr  2 00:40:15 2021 IST elapsed time: 72.473271 seconds (0d 0h 1m 12s)

---------------  T H R E A D  ---------------

Current thread (0x00007ff11c68a000):  JavaThread "RMI TCP Accept-43599" daemon [_thread_in_vm, id=134848, stack(0x00007ff0fc10f000,0x00007ff0fc210000)]

Stack: [0x00007ff0fc10f000,0x00007ff0fc210000],  sp=0x00007ff0fc20d220,  free space=1016k
Native frames: (J=compiled Java code, A=aot compiled Java code, j=interpreted, Vv=VM code, C=native code)
C  [libjimage.so+0x30ad]
C  [libjimage.so+0x3da2]
C  [libjimage.so+0x42b1]  JIMAGE_FindResource+0xf1
V  [libjvm.so+0x5af401]
V  [libjvm.so+0x5b1bb1]
V  [libjvm.so+0xde46ed]
V  [libjvm.so+0xde327a]
V  [libjvm.so+0xde583b]
V  [libjvm.so+0x66111e]
V  [libjvm.so+0x84ee46]
j  sun.rmi.transport.tcp.TCPTransport$AcceptLoop.executeAcceptLoop()V+68 java.rmi@11.0.10
j  sun.rmi.transport.tcp.TCPTransport$AcceptLoop.run()V+1 java.rmi@11.0.10
j  java.lang.Thread.run()V+11 java.base@11.0.10
v  ~StubRoutines::call_stub
V  [libjvm.so+0x857b39]
V  [libjvm.so+0x85618e]
V  [libjvm.so+0x901e31]
V  [libjvm.so+0xe1b50f]
V  [libjvm.so+0xe17b40]
V  [libjvm.so+0xbd5436]

Java frames: (J=compiled Java code, j=interpreted, Vv=VM code)
j  sun.rmi.transport.tcp.TCPTransport$AcceptLoop.executeAcceptLoop()V+68 java.rmi@11.0.10
j  sun.rmi.transport.tcp.TCPTransport$AcceptLoop.run()V+1 java.rmi@11.0.10
j  java.lang.Thread.run()V+11 java.base@11.0.10
v  ~StubRoutines::call_stub

siginfo: si_signo: 11 (SIGSEGV), si_code: 1 (SEGV_MAPERR), si_addr: 0x00007ff1138a6f48

Register to memory mapping:

RAX=0x00000000000057cb is an unknown value
RBX=0x00007ff0fc20d2d1 is pointing into the stack for thread: 0x00007ff11c68a000
RCX=0x00007ff0fc20d30d is pointing into the stack for thread: 0x00007ff11c68a000
RDX=0x00000000000057cb is an unknown value
RSP=0x00007ff0fc20d220 is pointing into the stack for thread: 0x00007ff11c68a000
RBP=0x00007ff0fc20d240 is pointing into the stack for thread: 0x00007ff11c68a000
RSI=0x0 is NULL
RDI=0x00007ff1222f4030: <offset 0x0000000000008030> in /usr/lib/jvm/java-11-openjdk-amd64/lib/libjimage.so at 0x00007ff1222ec000
R8 =0x00007ff11389101c is an unknown value
R9 =0x00007ff0fc20e0e0 is pointing into the stack for thread: 0x00007ff11c68a000
R10=0x00007ff1236ba400: <offset 0x0000000000f40400> in /usr/lib/jvm/java-11-openjdk-amd64/lib/server/libjvm.so at 0x00007ff12277a000
R11=0x00007ff123c17210: <offset 0x00000000001b2210> in /lib/x86_64-linux-gnu/libc.so.6 at 0x00007ff123a65000
R12=0x0000000000008424 is an unknown value
R13=0x00007ff0fc20d2d0 is pointing into the stack for thread: 0x00007ff11c68a000
R14=0x0 is NULL
R15=0x00007ff0d40c0800 points into unknown readable memory: 0x2f696d722f6e7573 | 73 75 6e 2f 72 6d 69 2f


Registers:
RAX=0x00000000000057cb, RBX=0x00007ff0fc20d2d1, RCX=0x00007ff0fc20d30d, RDX=0x00000000000057cb
RSP=0x00007ff0fc20d220, RBP=0x00007ff0fc20d240, RSI=0x0000000000000000, RDI=0x00007ff1222f4030
R8 =0x00007ff11389101c, R9 =0x00007ff0fc20e0e0, R10=0x00007ff1236ba400, R11=0x00007ff123c17210
R12=0x0000000000008424, R13=0x00007ff0fc20d2d0, R14=0x0000000000000000, R15=0x00007ff0d40c0800
RIP=0x00007ff1222ef0ad, EFLAGS=0x0000000000010246, CSGSFS=0x002b000000000033, ERR=0x0000000000000004
  TRAPNO=0x000000000000000e

Top of Stack: (sp=0x00007ff0fc20d220)
0x00007ff0fc20d220:   0000000000000000 00007ff0fc20e368
0x00007ff0fc20d230:   00007ff11c0098b0 00007ff0fc20d2d0
0x00007ff0fc20d240:   00007ff0fc20d2b0 00007ff1222efda2
0x00007ff0fc20d250:   0000000000000000 0000000000000000 

Instructions: (pc=0x00007ff1222ef0ad)
0x00007ff1222eefad:   f3 ff ff 44 03 65 90 e9 3f fe ff ff 0f 1f 80 00
0x00007ff1222eefbd:   00 00 00 41 8b 10 41 89 55 00 41 8b 54 00 fc 41
0x00007ff1222eefcd:   89 54 05 fc e9 82 fc ff ff 66 2e 0f 1f 84 00 00
0x00007ff1222eefdd:   00 00 00 b9 0a 00 00 00 e9 f0 fc ff ff 41 0f b7
0x00007ff1222eefed:   54 00 fe 66 41 89 54 05 fe e9 5d fc ff ff 0f 1f
0x00007ff1222eeffd:   44 00 00 f3 0f 1e fa 0f b6 17 89 f0 89 f1 4c 8d
0x00007ff1222ef00d:   47 01 84 d2 74 1c 0f 1f 44 00 00 69 c9 93 01 00
0x00007ff1222ef01d:   01 49 83 c0 01 31 d1 41 0f b6 50 ff 84 d2 75 eb
0x00007ff1222ef02d:   89 c8 25 ff ff ff 7f c3 90 66 2e 0f 1f 84 00 00
0x00007ff1222ef03d:   00 00 00 f3 0f 1e fa 48 85 d2 0f 84 da 00 00 00
0x00007ff1222ef04d:   55 48 89 e5 41 55 41 54 41 89 cc 53 48 83 ec 08
0x00007ff1222ef05d:   85 c9 0f 84 ba 00 00 00 49 89 f5 48 8d 5e 01 0f
0x00007ff1222ef06d:   b6 36 49 89 d0 40 84 f6 0f 84 9d 00 00 00 48 89
0x00007ff1222ef07d:   d9 b8 93 01 00 01 0f 1f 44 00 00 69 d0 93 01 00
0x00007ff1222ef08d:   01 48 83 c1 01 40 0f b6 c6 0f b6 71 ff 31 d0 40
0x00007ff1222ef09d:   84 f6 75 e7 25 ff ff ff 7f 31 d2 41 f7 f4 89 d0
0x00007ff1222ef0ad:   41 8b 34 80 48 8b 07 ff 50 20 85 c0 7f 15 74 62
0x00007ff1222ef0bd:   f7 d0 41 89 c0 48 83 c4 08 44 89 c0 5b 41 5c 41
0x00007ff1222ef0cd:   5d 5d c3 41 0f b6 4d 00 89 c6 84 c9 74 1b 0f 1f
0x00007ff1222ef0dd:   44 00 00 69 f6 93 01 00 01 48 83 c3 01 31 ce 0f
0x00007ff1222ef0ed:   b6 4b ff 84 c9 75 ec 89 f0 25 ff ff ff 7f 31 d2
0x00007ff1222ef0fd:   48 83 c4 08 41 f7 f4 5b 41 5c 41 5d 5d 41 89 d0
0x00007ff1222ef10d:   44 89 c0 c3 0f 1f 80 00 00 00 00 b8 93 01 00 01
0x00007ff1222ef11d:   eb 87 41 b8 ff ff ff ff eb 9b 41 83 c8 ff 44 89
0x00007ff1222ef12d:   c0 c3 90 f3 0f 1e fa eb 1d 66 2e 0f 1f 84 00 00
0x00007ff1222ef13d:   00 00 00 0f b6 16 84 d2 74 13 38 c2 75 15 48 83
0x00007ff1222ef14d:   c7 01 48 83 c6 01 0f b6 07 84 c0 75 e6 48 89 f8
0x00007ff1222ef15d:   c3 66 90 31 c0 c3 90 66 66 2e 0f 1f 84 00 00 00
0x00007ff1222ef16d:   00 00 90 f3 0f 1e fa 48 85 f6 74 51 0f b6 06 84
0x00007ff1222ef17d:   c0 74 4a 0f b6 d0 83 e0 07 c1 fa 03 44 8d 50 01
0x00007ff1222ef18d:   0f b6 c0 41 89 d1 4c 8d 44 06 02 48 8d 56 01 31
0x00007ff1222ef19d:   c0 66 90 0f b6 0a 48 c1 e0 08 48 83 c2 01 48 09 


Stack slot to memory mapping:
stack at sp + 0 slots: 0x0 is NULL
stack at sp + 1 slots: 0x00007ff0fc20e368 is pointing into the stack for thread: 0x00007ff11c68a000
stack at sp + 2 slots: 0x00007ff11c0098b0 points into unknown readable memory: 0x00007ff0c0004200 | 00 42 00 c0 f0 7f 00 00
stack at sp + 3 slots: 0x00007ff0fc20d2d0 is pointing into the stack for thread: 0x00007ff11c68a000
stack at sp + 4 slots: 0x00007ff0fc20d2b0 is pointing into the stack for thread: 0x00007ff11c68a000
stack at sp + 5 slots: 0x00007ff1222efda2: <offset 0x0000000000003da2> in /usr/lib/jvm/java-11-openjdk-amd64/lib/libjimage.so at 0x00007ff1222ec000
stack at sp + 6 slots: 0x0 is NULL
stack at sp + 7 slots: 0x0 is NULL


---------------  P R O C E S S  ---------------

Threads class SMR info:
_java_thread_list=0x00007ff0b80048a0, length=37, elements={
0x00007ff11c128000, 0x00007ff11c12a000, 0x00007ff11c130000, 0x00007ff11c132000,
0x00007ff11c134000, 0x00007ff11c136000, 0x00007ff11c14c000, 0x00007ff11c197000,
0x00007ff11c19b000, 0x00007ff11c681000, 0x00007ff11c68a000, 0x00007ff11c6b3000,
0x00007ff0d8001000, 0x00007ff11cfa7800, 0x00007ff0a4188800, 0x00007ff11cfab000,
0x00007ff11d09d000, 0x00007ff11d1e5800, 0x00007ff11d2b9000, 0x00007ff11d2bb000,
0x00007ff11d2be000, 0x00007ff11d2d7800, 0x00007ff11d2d9800, 0x00007ff11d2da800,
0x00007ff11d2dc800, 0x00007ff11d2df800, 0x00007ff11d2e1800, 0x00007ff11d2e3800,
0x00007ff11d2e5800, 0x00007ff11d2e7800, 0x00007ff11d2e9800, 0x00007ff11d2eb800,
0x00007ff11d2f1800, 0x00007ff11d2f6800, 0x00007ff11c01a800, 0x00007ff080021800,
0x00005641ab6ee800
}

Java Threads: ( => current thread )
  0x00007ff11c128000 JavaThread "Reference Handler" daemon [_thread_blocked, id=134831, stack(0x00007ff10448a000,0x00007ff10458b000)]
  0x00007ff11c12a000 JavaThread "Finalizer" daemon [_thread_blocked, id=134832, stack(0x00007ff104389000,0x00007ff10448a000)]
  0x00007ff11c130000 JavaThread "Signal Dispatcher" daemon [_thread_blocked, id=134833, stack(0x00007ff104288000,0x00007ff104389000)]
  0x00007ff11c132000 JavaThread "Service Thread" daemon [_thread_blocked, id=134834, stack(0x00007ff104187000,0x00007ff104288000)]
  0x00007ff11c134000 JavaThread "C1 CompilerThread0" daemon [_thread_blocked, id=134835, stack(0x00007ff104086000,0x00007ff104187000)]
  0x00007ff11c136000 JavaThread "Sweeper thread" daemon [_thread_blocked, id=134836, stack(0x00007ff0fc817000,0x00007ff0fc918000)]
  0x00007ff11c14c000 JavaThread "Common-Cleaner" daemon [_thread_blocked, id=134837, stack(0x00007ff0fc716000,0x00007ff0fc817000)]
  0x00007ff11c197000 JavaThread "JDWP Transport Listener: dt_socket" daemon [_thread_in_native, id=134839, stack(0x00007ff0fc615000,0x00007ff0fc716000)]
  0x00007ff11c19b000 JavaThread "JDWP Event Helper Thread" daemon [_thread_blocked, id=134841, stack(0x00007ff0fc514000,0x00007ff0fc615000)]
  0x00007ff11c681000 JavaThread "RMI TCP Accept-0" daemon [_thread_in_native, id=134847, stack(0x00007ff0fc210000,0x00007ff0fc311000)]
=>0x00007ff11c68a000 JavaThread "RMI TCP Accept-43599" daemon [_thread_in_vm, id=134848, stack(0x00007ff0fc10f000,0x00007ff0fc210000)]
  0x00007ff11c6b3000 JavaThread "RMI TCP Accept-0" daemon [_thread_in_native, id=134849, stack(0x00007ff0fc00e000,0x00007ff0fc10f000)]
  0x00007ff0d8001000 JavaThread "Attach Listener" daemon [_thread_blocked, id=134851, stack(0x00007ff0df01f000,0x00007ff0df120000)]
  0x00007ff11cfa7800 JavaThread "Catalina-utility-1" [_thread_blocked, id=134862, stack(0x00007ff0deb1e000,0x00007ff0dec1f000)]
  0x00007ff0a4188800 JavaThread "Catalina-utility-2" [_thread_blocked, id=134863, stack(0x00007ff0de219000,0x00007ff0de31a000)]
  0x00007ff11cfab000 JavaThread "container-0" [_thread_blocked, id=134864, stack(0x00007ff0dd718000,0x00007ff0dd819000)]
  0x00007ff11d09d000 JavaThread "spring.cloud.inetutils" daemon [_thread_blocked, id=134867, stack(0x00007ff0dd417000,0x00007ff0dd518000)]
  0x00007ff11d1e5800 JavaThread "AsyncResolver-bootstrap-0" daemon [_thread_blocked, id=134874, stack(0x00007ff0dd116000,0x00007ff0dd217000)]
  0x00007ff11d2b9000 JavaThread "DiscoveryClient-0" daemon [_thread_blocked, id=134917, stack(0x00007ff0dcbe3000,0x00007ff0dcce4000)]
  0x00007ff11d2bb000 JavaThread "DiscoveryClient-1" daemon [_thread_blocked, id=134918, stack(0x00007ff0dcae2000,0x00007ff0dcbe3000)]
  0x00007ff11d2be000 JavaThread "DiscoveryClient-InstanceInfoReplicator-0" daemon [_thread_blocked, id=134919, stack(0x00007ff0dc9e1000,0x00007ff0dcae2000)]
  0x00007ff11d2d7800 JavaThread "http-nio-8081-BlockPoller" daemon [_thread_in_native, id=134920, stack(0x00007ff0dc8e0000,0x00007ff0dc9e1000)]
  0x00007ff11d2d9800 JavaThread "http-nio-8081-exec-1" daemon [_thread_blocked, id=134921, stack(0x00007ff0dc7df000,0x00007ff0dc8e0000)]
  0x00007ff11d2da800 JavaThread "http-nio-8081-exec-2" daemon [_thread_blocked, id=134922, stack(0x00007ff0dc6de000,0x00007ff0dc7df000)]
  0x00007ff11d2dc800 JavaThread "http-nio-8081-exec-3" daemon [_thread_blocked, id=134923, stack(0x00007ff0dc5dd000,0x00007ff0dc6de000)]
  0x00007ff11d2df800 JavaThread "http-nio-8081-exec-4" daemon [_thread_blocked, id=134924, stack(0x00007ff0dc4dc000,0x00007ff0dc5dd000)]
  0x00007ff11d2e1800 JavaThread "http-nio-8081-exec-5" daemon [_thread_blocked, id=134925, stack(0x00007ff0dc3db000,0x00007ff0dc4dc000)]
  0x00007ff11d2e3800 JavaThread "http-nio-8081-exec-6" daemon [_thread_blocked, id=134926, stack(0x00007ff0dc2da000,0x00007ff0dc3db000)]
  0x00007ff11d2e5800 JavaThread "http-nio-8081-exec-7" daemon [_thread_blocked, id=134927, stack(0x00007ff0dc1d9000,0x00007ff0dc2da000)]
  0x00007ff11d2e7800 JavaThread "http-nio-8081-exec-8" daemon [_thread_blocked, id=134928, stack(0x00007ff0dc0d8000,0x00007ff0dc1d9000)]
  0x00007ff11d2e9800 JavaThread "http-nio-8081-exec-9" daemon [_thread_blocked, id=134929, stack(0x00007ff087eff000,0x00007ff088000000)]
  0x00007ff11d2eb800 JavaThread "http-nio-8081-exec-10" daemon [_thread_blocked, id=134930, stack(0x00007ff087dfe000,0x00007ff087eff000)]
  0x00007ff11d2f1800 JavaThread "http-nio-8081-ClientPoller" daemon [_thread_in_native, id=134931, stack(0x00007ff087cfd000,0x00007ff087dfe000)]
  0x00007ff11d2f6800 JavaThread "http-nio-8081-Acceptor" daemon [_thread_in_native, id=134932, stack(0x00007ff087bfc000,0x00007ff087cfd000)]
  0x00007ff11c01a800 JavaThread "DestroyJavaVM" [_thread_blocked, id=134823, stack(0x00007ff12232e000,0x00007ff12242f000)]
  0x00007ff080021800 JavaThread "DiscoveryClient-CacheRefreshExecutor-0" daemon [_thread_blocked, id=135026, stack(0x00007ff087afb000,0x00007ff087bfc000)]
  0x00005641ab6ee800 JavaThread "DiscoveryClient-HeartbeatExecutor-0" daemon [_thread_blocked, id=135027, stack(0x00007ff0879fa000,0x00007ff087afb000)]

Other Threads:
  0x00007ff11c125800 VMThread "VM Thread" [stack: 0x00007ff10458d000,0x00007ff10468d000] [id=134830]
  0x00007ff11c6b6000 WatcherThread [stack: 0x00007ff0df122000,0x00007ff0df222000] [id=134850]
  0x00007ff11c032000 GCTaskThread "GC Thread#0" [stack: 0x00007ff121f95000,0x00007ff122095000] [id=134825]
  0x00007ff0ec001000 GCTaskThread "GC Thread#1" [stack: 0x00007ff0fc313000,0x00007ff0fc413000] [id=134846]
  0x00007ff0ec004000 GCTaskThread "GC Thread#2" [stack: 0x00007ff0dea1e000,0x00007ff0deb1e000] [id=134857]
  0x00007ff0ec005800 GCTaskThread "GC Thread#3" [stack: 0x00007ff0de91c000,0x00007ff0dea1c000] [id=134858]
  0x00007ff11c04c800 ConcurrentGCThread "G1 Main Marker" [stack: 0x00007ff1205f0000,0x00007ff1206f0000] [id=134826]
  0x00007ff11c04e800 ConcurrentGCThread "G1 Conc#0" [stack: 0x00007ff1204ee000,0x00007ff1205ee000] [id=134827]
  0x00007ff11c090000 ConcurrentGCThread "G1 Refine#0" [stack: 0x00007ff104791000,0x00007ff104891000] [id=134828]
  0x00007ff11c092000 ConcurrentGCThread "G1 Young RemSet Sampling" [stack: 0x00007ff10468f000,0x00007ff10478f000] [id=134829]

Threads with active compile tasks:

VM state:not at safepoint (normal execution)

VM Mutex/Monitor currently owned by a thread: None

Heap address: 0x00000000c4600000, size: 954 MB, Compressed Oops mode: 32-bit
Narrow klass base: 0x0000000800000000, Narrow klass shift: 3
Compressed class space size: 1073741824 Address: 0x0000000840000000

Heap:
 garbage-first heap   total 115712K, used 84119K [0x00000000c4600000, 0x0000000100000000)
  region size 1024K, 65 young (66560K), 4 survivors (4096K)
 Metaspace       used 40388K, capacity 42039K, committed 42368K, reserved 1085440K
  class space    used 5508K, capacity 6174K, committed 6272K, reserved 1048576K
Heap Regions: E=young(eden), S=young(survivor), O=old, HS=humongous(starts), HC=humongous(continues), CS=collection set, F=free, A=archive, TAMS=top-at-mark-start (previous, next)
|   0|0x00000000c4600000, 0x00000000c4700000, 0x00000000c4700000|100%| O|  |TAMS 0x00000000c4700000, 0x00000000c4600000| Untracked 
|   1|0x00000000c4700000, 0x00000000c4800000, 0x00000000c4800000|100%| O|  |TAMS 0x00000000c4800000, 0x00000000c4700000| Untracked 
|   2|0x00000000c4800000, 0x00000000c4900000, 0x00000000c4900000|100%| O|  |TAMS 0x00000000c4900000, 0x00000000c4800000| Untracked 
|   3|0x00000000c4900000, 0x00000000c4a00000, 0x00000000c4a00000|100%| O|  |TAMS 0x00000000c4a00000, 0x00000000c4900000| Untracked 
|   4|0x00000000c4a00000, 0x00000000c4b00000, 0x00000000c4b00000|100%| O|  |TAMS 0x00000000c4b00000, 0x00000000c4a00000| Untracked 
|   5|0x00000000c4b00000, 0x00000000c4c00000, 0x00000000c4c00000|100%| O|  |TAMS 0x00000000c4c00000, 0x00000000c4b00000| Untracked 
|   6|0x00000000c4c00000, 0x00000000c4d00000, 0x00000000c4d00000|100%| O|  |TAMS 0x00000000c4d00000, 0x00000000c4c00000| Untracked 
|   7|0x00000000c4d00000, 0x00000000c4e00000, 0x00000000c4e00000|100%| O|  |TAMS 0x00000000c4e00000, 0x00000000c4d00000| Untracked 
|   8|0x00000000c4e00000, 0x00000000c4f00000, 0x00000000c4f00000|100%| O|  |TAMS 0x00000000c4f00000, 0x00000000c4e00000| Untracked 
|   9|0x00000000c4f00000, 0x00000000c5000000, 0x00000000c5000000|100%| O|  |TAMS 0x00000000c5000000, 0x00000000c4f00000| Untracked 
|  10|0x00000000c5000000, 0x00000000c5100000, 0x00000000c5100000|100%| O|  |TAMS 0x00000000c5100000, 0x00000000c5000000| Untracked 
|  11|0x00000000c5100000, 0x00000000c5200000, 0x00000000c5200000|100%| O|  |TAMS 0x00000000c5200000, 0x00000000c5100000| Untracked 
|  12|0x00000000c5200000, 0x00000000c5300000, 0x00000000c5300000|100%| O|  |TAMS 0x00000000c5300000, 0x00000000c5200000| Untracked 
|  13|0x00000000c5300000, 0x00000000c5400000, 0x00000000c5400000|100%| O|  |TAMS 0x00000000c5400000, 0x00000000c5300000| Untracked 
|  14|0x00000000c5400000, 0x00000000c5500000, 0x00000000c5500000|100%| O|  |TAMS 0x00000000c5500000, 0x00000000c5400000| Untracked 
|  15|0x00000000c5500000, 0x00000000c5600000, 0x00000000c5600000|100%| O|  |TAMS 0x00000000c5600000, 0x00000000c5500000| Untracked 
|  16|0x00000000c5600000, 0x00000000c5700000, 0x00000000c5700000|100%| O|  |TAMS 0x00000000c5700000, 0x00000000c5600000| Untracked 
|  17|0x00000000c5700000, 0x00000000c57a8200, 0x00000000c5800000| 65%| O|  |TAMS 0x00000000c57a8200, 0x00000000c5700000| Untracked 
|  18|0x00000000c5800000, 0x00000000c5800000, 0x00000000c5900000|  0%| F|  |TAMS 0x00000000c5800000, 0x00000000c5800000| Untracked 
|  19|0x00000000c5900000, 0x00000000c5900000, 0x00000000c5a00000|  0%| F|  |TAMS 0x00000000c5900000, 0x00000000c5900000| Untracked 
|  20|0x00000000c5a00000, 0x00000000c5a00000, 0x00000000c5b00000|  0%| F|  |TAMS 0x00000000c5a00000, 0x00000000c5a00000| Untracked 
|  21|0x00000000c5b00000, 0x00000000c5b00000, 0x00000000c5c00000|  0%| F|  |TAMS 0x00000000c5b00000, 0x00000000c5b00000| Untracked 
|  22|0x00000000c5c00000, 0x00000000c5c00000, 0x00000000c5d00000|  0%| F|  |TAMS 0x00000000c5c00000, 0x00000000c5c00000| Untracked 
|  23|0x00000000c5d00000, 0x00000000c5d00000, 0x00000000c5e00000|  0%| F|  |TAMS 0x00000000c5d00000, 0x00000000c5d00000| Untracked 
|  24|0x00000000c5e00000, 0x00000000c5e00000, 0x00000000c5f00000|  0%| F|  |TAMS 0x00000000c5e00000, 0x00000000c5e00000| Untracked 
|  25|0x00000000c5f00000, 0x00000000c5f00000, 0x00000000c6000000|  0%| F|  |TAMS 0x00000000c5f00000, 0x00000000c5f00000| Untracked 
|  26|0x00000000c6000000, 0x00000000c6000000, 0x00000000c6100000|  0%| F|  |TAMS 0x00000000c6000000, 0x00000000c6000000| Untracked 
|  27|0x00000000c6100000, 0x00000000c6100000, 0x00000000c6200000|  0%| F|  |TAMS 0x00000000c6100000, 0x00000000c6100000| Untracked 
|  28|0x00000000c6200000, 0x00000000c6200000, 0x00000000c6300000|  0%| F|  |TAMS 0x00000000c6200000, 0x00000000c6200000| Untracked 
|  29|0x00000000c6300000, 0x00000000c6300000, 0x00000000c6400000|  0%| F|  |TAMS 0x00000000c6300000, 0x00000000c6300000| Untracked 
|  30|0x00000000c6400000, 0x00000000c6400000, 0x00000000c6500000|  0%| F|  |TAMS 0x00000000c6400000, 0x00000000c6400000| Untracked 
|  31|0x00000000c6500000, 0x00000000c6500000, 0x00000000c6600000|  0%| F|  |TAMS 0x00000000c6500000, 0x00000000c6500000| Untracked 
|  32|0x00000000c6600000, 0x00000000c6600000, 0x00000000c6700000|  0%| F|  |TAMS 0x00000000c6600000, 0x00000000c6600000| Untracked 
|  33|0x00000000c6700000, 0x00000000c6700000, 0x00000000c6800000|  0%| F|  |TAMS 0x00000000c6700000, 0x00000000c6700000| Untracked 
|  34|0x00000000c6800000, 0x00000000c6800000, 0x00000000c6900000|  0%| F|  |TAMS 0x00000000c6800000, 0x00000000c6800000| Untracked 
|  35|0x00000000c6900000, 0x00000000c6900000, 0x00000000c6a00000|  0%| F|  |TAMS 0x00000000c6900000, 0x00000000c6900000| Untracked 
|  36|0x00000000c6a00000, 0x00000000c6a00000, 0x00000000c6b00000|  0%| F|  |TAMS 0x00000000c6a00000, 0x00000000c6a00000| Untracked 
|  37|0x00000000c6b00000, 0x00000000c6b00000, 0x00000000c6c00000|  0%| F|  |TAMS 0x00000000c6b00000, 0x00000000c6b00000| Untracked 
|  38|0x00000000c6c00000, 0x00000000c6c00000, 0x00000000c6d00000|  0%| F|  |TAMS 0x00000000c6c00000, 0x00000000c6c00000| Untracked 
|  39|0x00000000c6d00000, 0x00000000c6d00000, 0x00000000c6e00000|  0%| F|  |TAMS 0x00000000c6d00000, 0x00000000c6d00000| Untracked 
|  40|0x00000000c6e00000, 0x00000000c6e00000, 0x00000000c6f00000|  0%| F|  |TAMS 0x00000000c6e00000, 0x00000000c6e00000| Untracked 
|  41|0x00000000c6f00000, 0x00000000c6f00000, 0x00000000c7000000|  0%| F|  |TAMS 0x00000000c6f00000, 0x00000000c6f00000| Untracked 
|  42|0x00000000c7000000, 0x00000000c7000000, 0x00000000c7100000|  0%| F|  |TAMS 0x00000000c7000000, 0x00000000c7000000| Untracked 
|  43|0x00000000c7100000, 0x00000000c7100000, 0x00000000c7200000|  0%| F|  |TAMS 0x00000000c7100000, 0x00000000c7100000| Untracked 
|  44|0x00000000c7200000, 0x00000000c7200000, 0x00000000c7300000|  0%| F|  |TAMS 0x00000000c7200000, 0x00000000c7200000| Untracked 
|  45|0x00000000c7300000, 0x00000000c7300000, 0x00000000c7400000|  0%| F|  |TAMS 0x00000000c7300000, 0x00000000c7300000| Untracked 
|  46|0x00000000c7400000, 0x00000000c74a1cd0, 0x00000000c7500000| 63%| E|  |TAMS 0x00000000c7400000, 0x00000000c7400000| Complete 
|  47|0x00000000c7500000, 0x00000000c7600000, 0x00000000c7600000|100%| E|CS|TAMS 0x00000000c7500000, 0x00000000c7500000| Complete 
|  48|0x00000000c7600000, 0x00000000c7700000, 0x00000000c7700000|100%| E|CS|TAMS 0x00000000c7600000, 0x00000000c7600000| Complete 
|  49|0x00000000c7700000, 0x00000000c7800000, 0x00000000c7800000|100%| E|CS|TAMS 0x00000000c7700000, 0x00000000c7700000| Complete 
|  50|0x00000000c7800000, 0x00000000c7900000, 0x00000000c7900000|100%| E|CS|TAMS 0x00000000c7800000, 0x00000000c7800000| Complete 
|  51|0x00000000c7900000, 0x00000000c7a00000, 0x00000000c7a00000|100%| E|CS|TAMS 0x00000000c7900000, 0x00000000c7900000| Complete 
|  52|0x00000000c7a00000, 0x00000000c7b00000, 0x00000000c7b00000|100%| E|CS|TAMS 0x00000000c7a00000, 0x00000000c7a00000| Complete 
|  53|0x00000000c7b00000, 0x00000000c7c00000, 0x00000000c7c00000|100%| E|CS|TAMS 0x00000000c7b00000, 0x00000000c7b00000| Complete 
|  54|0x00000000c7c00000, 0x00000000c7d00000, 0x00000000c7d00000|100%| E|CS|TAMS 0x00000000c7c00000, 0x00000000c7c00000| Complete 
|  55|0x00000000c7d00000, 0x00000000c7e00000, 0x00000000c7e00000|100%| E|CS|TAMS 0x00000000c7d00000, 0x00000000c7d00000| Complete 
|  56|0x00000000c7e00000, 0x00000000c7f00000, 0x00000000c7f00000|100%| E|CS|TAMS 0x00000000c7e00000, 0x00000000c7e00000| Complete 
|  57|0x00000000c7f00000, 0x00000000c8000000, 0x00000000c8000000|100%| E|CS|TAMS 0x00000000c7f00000, 0x00000000c7f00000| Complete 
|  58|0x00000000c8000000, 0x00000000c8100000, 0x00000000c8100000|100%| E|CS|TAMS 0x00000000c8000000, 0x00000000c8000000| Complete 
|  59|0x00000000c8100000, 0x00000000c8200000, 0x00000000c8200000|100%| E|CS|TAMS 0x00000000c8100000, 0x00000000c8100000| Complete 
|  60|0x00000000c8200000, 0x00000000c8300000, 0x00000000c8300000|100%| E|CS|TAMS 0x00000000c8200000, 0x00000000c8200000| Complete 
|  61|0x00000000c8300000, 0x00000000c8400000, 0x00000000c8400000|100%| E|CS|TAMS 0x00000000c8300000, 0x00000000c8300000| Complete 
|  62|0x00000000c8400000, 0x00000000c8500000, 0x00000000c8500000|100%| E|CS|TAMS 0x00000000c8400000, 0x00000000c8400000| Complete 
|  63|0x00000000c8500000, 0x00000000c8600000, 0x00000000c8600000|100%| E|CS|TAMS 0x00000000c8500000, 0x00000000c8500000| Complete 
|  64|0x00000000c8600000, 0x00000000c8700000, 0x00000000c8700000|100%| E|CS|TAMS 0x00000000c8600000, 0x00000000c8600000| Complete 
|  65|0x00000000c8700000, 0x00000000c8800000, 0x00000000c8800000|100%| E|CS|TAMS 0x00000000c8700000, 0x00000000c8700000| Complete 
|  66|0x00000000c8800000, 0x00000000c8900000, 0x00000000c8900000|100%| E|CS|TAMS 0x00000000c8800000, 0x00000000c8800000| Complete 
|  67|0x00000000c8900000, 0x00000000c8a00000, 0x00000000c8a00000|100%| E|CS|TAMS 0x00000000c8900000, 0x00000000c8900000| Complete 
|  68|0x00000000c8a00000, 0x00000000c8b00000, 0x00000000c8b00000|100%| E|CS|TAMS 0x00000000c8a00000, 0x00000000c8a00000| Complete 
|  69|0x00000000c8b00000, 0x00000000c8c00000, 0x00000000c8c00000|100%| E|CS|TAMS 0x00000000c8b00000, 0x00000000c8b00000| Complete 
|  70|0x00000000c8c00000, 0x00000000c8d00000, 0x00000000c8d00000|100%| E|CS|TAMS 0x00000000c8c00000, 0x00000000c8c00000| Complete 
|  71|0x00000000c8d00000, 0x00000000c8e00000, 0x00000000c8e00000|100%| E|CS|TAMS 0x00000000c8d00000, 0x00000000c8d00000| Complete 
|  72|0x00000000c8e00000, 0x00000000c8f00000, 0x00000000c8f00000|100%| E|CS|TAMS 0x00000000c8e00000, 0x00000000c8e00000| Complete 
|  73|0x00000000c8f00000, 0x00000000c9000000, 0x00000000c9000000|100%| E|CS|TAMS 0x00000000c8f00000, 0x00000000c8f00000| Complete 
|  74|0x00000000c9000000, 0x00000000c9100000, 0x00000000c9100000|100%| E|CS|TAMS 0x00000000c9000000, 0x00000000c9000000| Complete 
|  75|0x00000000c9100000, 0x00000000c9200000, 0x00000000c9200000|100%| E|CS|TAMS 0x00000000c9100000, 0x00000000c9100000| Complete 
|  76|0x00000000c9200000, 0x00000000c9300000, 0x00000000c9300000|100%| E|CS|TAMS 0x00000000c9200000, 0x00000000c9200000| Complete 
|  77|0x00000000c9300000, 0x00000000c9400000, 0x00000000c9400000|100%| E|CS|TAMS 0x00000000c9300000, 0x00000000c9300000| Complete 
|  78|0x00000000c9400000, 0x00000000c9500000, 0x00000000c9500000|100%| E|CS|TAMS 0x00000000c9400000, 0x00000000c9400000| Complete 
|  79|0x00000000c9500000, 0x00000000c9600000, 0x00000000c9600000|100%| E|CS|TAMS 0x00000000c9500000, 0x00000000c9500000| Complete 
|  80|0x00000000c9600000, 0x00000000c9700000, 0x00000000c9700000|100%| E|CS|TAMS 0x00000000c9600000, 0x00000000c9600000| Complete 
|  81|0x00000000c9700000, 0x00000000c9800000, 0x00000000c9800000|100%| E|CS|TAMS 0x00000000c9700000, 0x00000000c9700000| Complete 
|  82|0x00000000c9800000, 0x00000000c9900000, 0x00000000c9900000|100%| E|CS|TAMS 0x00000000c9800000, 0x00000000c9800000| Complete 
|  83|0x00000000c9900000, 0x00000000c9a00000, 0x00000000c9a00000|100%| E|CS|TAMS 0x00000000c9900000, 0x00000000c9900000| Complete 
|  84|0x00000000c9a00000, 0x00000000c9b00000, 0x00000000c9b00000|100%| E|CS|TAMS 0x00000000c9a00000, 0x00000000c9a00000| Complete 
|  85|0x00000000c9b00000, 0x00000000c9c00000, 0x00000000c9c00000|100%| E|CS|TAMS 0x00000000c9b00000, 0x00000000c9b00000| Complete 
|  86|0x00000000c9c00000, 0x00000000c9d00000, 0x00000000c9d00000|100%| E|CS|TAMS 0x00000000c9c00000, 0x00000000c9c00000| Complete 
|  87|0x00000000c9d00000, 0x00000000c9e00000, 0x00000000c9e00000|100%| E|CS|TAMS 0x00000000c9d00000, 0x00000000c9d00000| Complete 
|  88|0x00000000c9e00000, 0x00000000c9f00000, 0x00000000c9f00000|100%| E|CS|TAMS 0x00000000c9e00000, 0x00000000c9e00000| Complete 
|  89|0x00000000c9f00000, 0x00000000ca000000, 0x00000000ca000000|100%| E|CS|TAMS 0x00000000c9f00000, 0x00000000c9f00000| Complete 
|  90|0x00000000ca000000, 0x00000000ca100000, 0x00000000ca100000|100%| E|CS|TAMS 0x00000000ca000000, 0x00000000ca000000| Complete 
|  91|0x00000000ca100000, 0x00000000ca200000, 0x00000000ca200000|100%| E|CS|TAMS 0x00000000ca100000, 0x00000000ca100000| Complete 
|  92|0x00000000ca200000, 0x00000000ca300000, 0x00000000ca300000|100%| E|CS|TAMS 0x00000000ca200000, 0x00000000ca200000| Complete 
|  93|0x00000000ca300000, 0x00000000ca400000, 0x00000000ca400000|100%| E|CS|TAMS 0x00000000ca300000, 0x00000000ca300000| Complete 
|  94|0x00000000ca400000, 0x00000000ca500000, 0x00000000ca500000|100%| E|CS|TAMS 0x00000000ca400000, 0x00000000ca400000| Complete 
|  95|0x00000000ca500000, 0x00000000ca600000, 0x00000000ca600000|100%| E|CS|TAMS 0x00000000ca500000, 0x00000000ca500000| Complete 
|  96|0x00000000ca600000, 0x00000000ca700000, 0x00000000ca700000|100%| E|CS|TAMS 0x00000000ca600000, 0x00000000ca600000| Complete 
|  97|0x00000000ca700000, 0x00000000ca800000, 0x00000000ca800000|100%| E|CS|TAMS 0x00000000ca700000, 0x00000000ca700000| Complete 
|  98|0x00000000ca800000, 0x00000000ca900000, 0x00000000ca900000|100%| E|CS|TAMS 0x00000000ca800000, 0x00000000ca800000| Complete 
|  99|0x00000000ca900000, 0x00000000ca9cbce8, 0x00000000caa00000| 79%| S|CS|TAMS 0x00000000ca900000, 0x00000000ca900000| Complete 
| 100|0x00000000caa00000, 0x00000000cab00000, 0x00000000cab00000|100%| S|CS|TAMS 0x00000000caa00000, 0x00000000caa00000| Complete 
| 101|0x00000000cab00000, 0x00000000cac00000, 0x00000000cac00000|100%| S|CS|TAMS 0x00000000cab00000, 0x00000000cab00000| Complete 
| 102|0x00000000cac00000, 0x00000000cad00000, 0x00000000cad00000|100%| S|CS|TAMS 0x00000000cac00000, 0x00000000cac00000| Complete 
| 103|0x00000000cad00000, 0x00000000cae00000, 0x00000000cae00000|100%| E|CS|TAMS 0x00000000cad00000, 0x00000000cad00000| Complete 
| 104|0x00000000cae00000, 0x00000000caf00000, 0x00000000caf00000|100%| E|CS|TAMS 0x00000000cae00000, 0x00000000cae00000| Complete 
| 105|0x00000000caf00000, 0x00000000cb000000, 0x00000000cb000000|100%| E|CS|TAMS 0x00000000caf00000, 0x00000000caf00000| Complete 
| 106|0x00000000cb000000, 0x00000000cb100000, 0x00000000cb100000|100%| E|CS|TAMS 0x00000000cb000000, 0x00000000cb000000| Complete 
| 107|0x00000000cb100000, 0x00000000cb200000, 0x00000000cb200000|100%| E|CS|TAMS 0x00000000cb100000, 0x00000000cb100000| Complete 
| 108|0x00000000cb200000, 0x00000000cb300000, 0x00000000cb300000|100%| E|CS|TAMS 0x00000000cb200000, 0x00000000cb200000| Complete 
| 109|0x00000000cb300000, 0x00000000cb400000, 0x00000000cb400000|100%| E|CS|TAMS 0x00000000cb300000, 0x00000000cb300000| Complete 
| 110|0x00000000cb400000, 0x00000000cb500000, 0x00000000cb500000|100%| E|CS|TAMS 0x00000000cb400000, 0x00000000cb400000| Complete 
| 952|0x00000000ffe00000, 0x00000000ffe47000, 0x00000000fff00000| 27%|OA|  |TAMS 0x00000000ffe47000, 0x00000000ffe00000| Untracked 
| 953|0x00000000fff00000, 0x00000000fff6b000, 0x0000000100000000| 41%|CA|  |TAMS 0x00000000fff6b000, 0x00000000fff00000| Untracked 

Card table byte_map: [0x00007ff1217d5000,0x00007ff1219b2000] _byte_map_base: 0x00007ff1211b2000

Marking Bits (Prev, Next): (CMBitMap*) 0x00007ff11c047ee0, (CMBitMap*) 0x00007ff11c047ea8
 Prev Bits: [0x00007ff0ff118000, 0x00007ff100000000)
 Next Bits: [0x00007ff120710000, 0x00007ff1215f8000)

Polling page: 0x00007ff1222ea000

Metaspace:

Usage:
  Non-class:     35.02 MB capacity,    34.06 MB ( 97%) used,   797.30 KB (  2%) free+waste,   187.31 KB ( <1%) overhead. 
      Class:      6.03 MB capacity,     5.38 MB ( 89%) used,   571.96 KB (  9%) free+waste,    93.81 KB (  2%) overhead. 
       Both:     41.05 MB capacity,    39.44 MB ( 96%) used,     1.34 MB (  3%) free+waste,   281.12 KB ( <1%) overhead. 

Virtual space:
  Non-class space:       36.00 MB reserved,      35.25 MB ( 98%) committed 
      Class space:        1.00 GB reserved,       6.12 MB ( <1%) committed 
             Both:        1.04 GB reserved,      41.38 MB (  4%) committed 

Chunk freelists:
   Non-Class:  23.00 KB
       Class:  2.00 KB
        Both:  25.00 KB

MaxMetaspaceSize: unlimited
CompressedClassSpaceSize: 1.00 GB

CodeHeap 'non-profiled nmethods': size=238948Kb used=8701Kb max_used=8701Kb free=230246Kb
 bounds [0x00007ff104f38000, 0x00007ff1057b8000, 0x00007ff113891000]
CodeHeap 'non-nmethods': size=6812Kb used=1247Kb max_used=1247Kb free=5564Kb
 bounds [0x00007ff104891000, 0x00007ff104b01000, 0x00007ff104f38000]
 total_blobs=5554 nmethods=5023 adapters=465
 compilation: enabled
              stopped_count=0, restarted_count=0
 full_count=0

Compilation events (20 events):
Event: 47.657 Thread 0x00007ff11c134000 5018       1       org.apache.http.util.CharArrayBuffer::length (5 bytes)
Event: 47.657 Thread 0x00007ff11c134000 nmethod 5018 0x00007ff1057b4a10 code [0x00007ff1057b4bc0, 0x00007ff1057b4c90]
Event: 49.678 Thread 0x00007ff11c134000 5019       1       java.nio.channels.spi.AbstractSelector::cancelledKeys (5 bytes)
Event: 49.678 Thread 0x00007ff11c134000 nmethod 5019 0x00007ff1057b4d10 code [0x00007ff1057b4ec0, 0x00007ff1057b4f90]
Event: 50.677 Thread 0x00007ff11c134000 5020       1       java.util.concurrent.ScheduledThreadPoolExecutor$DelayedWorkQueue::setIndex (16 bytes)
Event: 50.677 Thread 0x00007ff11c134000 nmethod 5020 0x00007ff1057b5010 code [0x00007ff1057b51c0, 0x00007ff1057b52f0]
Event: 50.677 Thread 0x00007ff11c134000 5021       1       java.util.concurrent.locks.ReentrantLock$Sync::isHeldExclusively (16 bytes)
Event: 50.677 Thread 0x00007ff11c134000 nmethod 5021 0x00007ff1057b5390 code [0x00007ff1057b5540, 0x00007ff1057b5630]
Event: 54.677 Thread 0x00007ff11c134000 5022       1       java.util.concurrent.locks.AbstractQueuedSynchronizer::isOnSyncQueue (33 bytes)
Event: 54.677 Thread 0x00007ff11c134000 nmethod 5022 0x00007ff1057b5690 code [0x00007ff1057b5840, 0x00007ff1057b59b0]
Event: 59.636 Thread 0x00007ff11c134000 5023       1       java.util.concurrent.locks.AbstractQueuedSynchronizer$Node::predecessor (19 bytes)
Event: 59.637 Thread 0x00007ff11c134000 nmethod 5023 0x00007ff1057b5a90 code [0x00007ff1057b5c60, 0x00007ff1057b5e00]
Event: 62.677 Thread 0x00007ff11c134000 5024       1       java.util.concurrent.TimeUnit::toNanos (45 bytes)
Event: 62.677 Thread 0x00007ff11c134000 nmethod 5024 0x00007ff1057b5f10 code [0x00007ff1057b60c0, 0x00007ff1057b6210]
Event: 67.727 Thread 0x00007ff11c134000 5026       1       jdk.internal.misc.Unsafe::weakCompareAndSetLong (11 bytes)
Event: 67.728 Thread 0x00007ff11c134000 nmethod 5026 0x00007ff1057b6690 code [0x00007ff1057b6840, 0x00007ff1057b6930]
Event: 69.633 Thread 0x00007ff11c134000 5027       1       java.util.concurrent.ScheduledThreadPoolExecutor$ScheduledFutureTask::compareTo (9 bytes)
Event: 69.633 Thread 0x00007ff11c134000 nmethod 5027 0x00007ff1057b6990 code [0x00007ff1057b6b40, 0x00007ff1057b6ca0]
Event: 69.633 Thread 0x00007ff11c134000 5028       1       java.util.concurrent.ScheduledThreadPoolExecutor$ScheduledFutureTask::compareTo (101 bytes)
Event: 69.635 Thread 0x00007ff11c134000 nmethod 5028 0x00007ff1057b6d90 code [0x00007ff1057b6f60, 0x00007ff1057b7330]

GC Heap History (20 events):
Event: 5.586 GC heap before
{Heap before GC invocations=5 (full 0):
 garbage-first heap   total 76800K, used 42132K [0x00000000c4600000, 0x0000000100000000)
  region size 1024K, 36 young (36864K), 3 survivors (3072K)
 Metaspace       used 15619K, capacity 16351K, committed 16512K, reserved 1062912K
  class space    used 2031K, capacity 2330K, committed 2432K, reserved 1048576K
}
Event: 5.606 GC heap after
{Heap after GC invocations=6 (full 0):
 garbage-first heap   total 76800K, used 10031K [0x00000000c4600000, 0x0000000100000000)
  region size 1024K, 3 young (3072K), 3 survivors (3072K)
 Metaspace       used 15619K, capacity 16351K, committed 16512K, reserved 1062912K
  class space    used 2031K, capacity 2330K, committed 2432K, reserved 1048576K
}
Event: 5.950 GC heap before
{Heap before GC invocations=6 (full 0):
 garbage-first heap   total 76800K, used 44847K [0x00000000c4600000, 0x0000000100000000)
  region size 1024K, 38 young (38912K), 3 survivors (3072K)
 Metaspace       used 17663K, capacity 18416K, committed 18560K, reserved 1064960K
  class space    used 2386K, capacity 2677K, committed 2688K, reserved 1048576K
}
Event: 5.965 GC heap after
{Heap after GC invocations=7 (full 0):
 garbage-first heap   total 76800K, used 10809K [0x00000000c4600000, 0x0000000100000000)
  region size 1024K, 3 young (3072K), 3 survivors (3072K)
 Metaspace       used 17663K, capacity 18416K, committed 18560K, reserved 1064960K
  class space    used 2386K, capacity 2677K, committed 2688K, reserved 1048576K
}
Event: 6.367 GC heap before
{Heap before GC invocations=7 (full 0):
 garbage-first heap   total 76800K, used 47673K [0x00000000c4600000, 0x0000000100000000)
  region size 1024K, 41 young (41984K), 3 survivors (3072K)
 Metaspace       used 20209K, capacity 21025K, committed 21248K, reserved 1067008K
  class space    used 2643K, capacity 2971K, committed 3072K, reserved 1048576K
}
Event: 6.385 GC heap after
{Heap after GC invocations=8 (full 0):
 garbage-first heap   total 76800K, used 11833K [0x00000000c4600000, 0x0000000100000000)
  region size 1024K, 4 young (4096K), 4 survivors (4096K)
 Metaspace       used 20209K, capacity 21025K, committed 21248K, reserved 1067008K
  class space    used 2643K, capacity 2971K, committed 3072K, reserved 1048576K
}
Event: 7.095 GC heap before
{Heap before GC invocations=9 (full 0):
 garbage-first heap   total 76800K, used 51769K [0x00000000c4600000, 0x0000000100000000)
  region size 1024K, 43 young (44032K), 4 survivors (4096K)
 Metaspace       used 21763K, capacity 22666K, committed 22784K, reserved 1069056K
  class space    used 2897K, capacity 3262K, committed 3328K, reserved 1048576K
}
Event: 7.114 GC heap after
{Heap after GC invocations=10 (full 0):
 garbage-first heap   total 92160K, used 13177K [0x00000000c4600000, 0x0000000100000000)
  region size 1024K, 4 young (4096K), 4 survivors (4096K)
 Metaspace       used 21763K, capacity 22666K, committed 22784K, reserved 1069056K
  class space    used 2897K, capacity 3262K, committed 3328K, reserved 1048576K
}
Event: 7.978 GC heap before
{Heap before GC invocations=11 (full 0):
 garbage-first heap   total 92160K, used 56185K [0x00000000c4600000, 0x0000000100000000)
  region size 1024K, 47 young (48128K), 4 survivors (4096K)
 Metaspace       used 23554K, capacity 24535K, committed 24832K, reserved 1071104K
  class space    used 3177K, capacity 3558K, committed 3584K, reserved 1048576K
}
Event: 7.993 GC heap after
{Heap after GC invocations=12 (full 0):
 garbage-first heap   total 92160K, used 13861K [0x00000000c4600000, 0x0000000100000000)
  region size 1024K, 4 young (4096K), 4 survivors (4096K)
 Metaspace       used 23554K, capacity 24535K, committed 24832K, reserved 1071104K
  class space    used 3177K, capacity 3558K, committed 3584K, reserved 1048576K
}
Event: 8.809 GC heap before
{Heap before GC invocations=12 (full 0):
 garbage-first heap   total 92160K, used 60965K [0x00000000c4600000, 0x0000000100000000)
  region size 1024K, 50 young (51200K), 4 survivors (4096K)
 Metaspace       used 26650K, capacity 27739K, committed 27904K, reserved 1073152K
  class space    used 3640K, capacity 4068K, committed 4096K, reserved 1048576K
}
Event: 8.834 GC heap after
{Heap after GC invocations=13 (full 0):
 garbage-first heap   total 92160K, used 15517K [0x00000000c4600000, 0x0000000100000000)
  region size 1024K, 5 young (5120K), 5 survivors (5120K)
 Metaspace       used 26650K, capacity 27739K, committed 27904K, reserved 1073152K
  class space    used 3640K, capacity 4068K, committed 4096K, reserved 1048576K
}
Event: 9.358 GC heap before
{Heap before GC invocations=13 (full 0):
 garbage-first heap   total 92160K, used 65693K [0x00000000c4600000, 0x0000000100000000)
  region size 1024K, 54 young (55296K), 5 survivors (5120K)
 Metaspace       used 29138K, capacity 30366K, committed 30592K, reserved 1075200K
  class space    used 3919K, capacity 4387K, committed 4480K, reserved 1048576K
}
Event: 9.386 GC heap after
{Heap after GC invocations=14 (full 0):
 garbage-first heap   total 92160K, used 16615K [0x00000000c4600000, 0x0000000100000000)
  region size 1024K, 5 young (5120K), 5 survivors (5120K)
 Metaspace       used 29138K, capacity 30366K, committed 30592K, reserved 1075200K
  class space    used 3919K, capacity 4387K, committed 4480K, reserved 1048576K
}
Event: 10.525 GC heap before
{Heap before GC invocations=14 (full 0):
 garbage-first heap   total 92160K, used 66791K [0x00000000c4600000, 0x0000000100000000)
  region size 1024K, 54 young (55296K), 5 survivors (5120K)
 Metaspace       used 32551K, capacity 33951K, committed 34176K, reserved 1079296K
  class space    used 4393K, capacity 4944K, committed 4992K, reserved 1048576K
}
Event: 10.547 GC heap after
{Heap after GC invocations=15 (full 0):
 garbage-first heap   total 115712K, used 18970K [0x00000000c4600000, 0x0000000100000000)
  region size 1024K, 6 young (6144K), 6 survivors (6144K)
 Metaspace       used 32551K, capacity 33951K, committed 34176K, reserved 1079296K
  class space    used 4393K, capacity 4944K, committed 4992K, reserved 1048576K
}
Event: 13.235 GC heap before
{Heap before GC invocations=15 (full 0):
 garbage-first heap   total 115712K, used 75290K [0x00000000c4600000, 0x0000000100000000)
  region size 1024K, 61 young (62464K), 6 survivors (6144K)
 Metaspace       used 35517K, capacity 37082K, committed 37248K, reserved 1081344K
  class space    used 4862K, capacity 5490K, committed 5504K, reserved 1048576K
}
Event: 13.259 GC heap after
{Heap after GC invocations=16 (full 0):
 garbage-first heap   total 115712K, used 21706K [0x00000000c4600000, 0x0000000100000000)
  region size 1024K, 7 young (7168K), 7 survivors (7168K)
 Metaspace       used 35517K, capacity 37082K, committed 37248K, reserved 1081344K
  class space    used 4862K, capacity 5490K, committed 5504K, reserved 1048576K
}
Event: 13.836 GC heap before
{Heap before GC invocations=16 (full 0):
 garbage-first heap   total 115712K, used 28874K [0x00000000c4600000, 0x0000000100000000)
  region size 1024K, 15 young (15360K), 7 survivors (7168K)
 Metaspace       used 36203K, capacity 37754K, committed 37888K, reserved 1081344K
  class space    used 4944K, capacity 5586K, committed 5632K, reserved 1048576K
}
Event: 13.867 GC heap after
{Heap after GC invocations=17 (full 0):
 garbage-first heap   total 115712K, used 22679K [0x00000000c4600000, 0x0000000100000000)
  region size 1024K, 4 young (4096K), 4 survivors (4096K)
 Metaspace       used 36203K, capacity 37754K, committed 37888K, reserved 1081344K
  class space    used 4944K, capacity 5586K, committed 5632K, reserved 1048576K
}

Deoptimization events (20 events):
Event: 17.638 Thread 0x00007ff11d2be000 DEOPT PACKING pc=0x00007ff1051bc4f4 sp=0x00007ff0dcadfd20
Event: 17.638 Thread 0x00007ff11d2be000 DEOPT UNPACKING pc=0x00007ff1048c84ba sp=0x00007ff0dcadf230 mode 1
Event: 17.639 Thread 0x00007ff11d2be000 DEOPT PACKING pc=0x00007ff10518f024 sp=0x00007ff0dcadf4c0
Event: 17.639 Thread 0x00007ff11d2be000 DEOPT UNPACKING pc=0x00007ff1048c84ba sp=0x00007ff0dcade978 mode 1
Event: 17.639 Thread 0x00007ff11d2be000 DEOPT PACKING pc=0x00007ff105182bbc sp=0x00007ff0dcadf590
Event: 17.639 Thread 0x00007ff11d2be000 DEOPT UNPACKING pc=0x00007ff1048c84ba sp=0x00007ff0dcadea68 mode 1
Event: 17.639 Thread 0x00007ff11d2be000 DEOPT PACKING pc=0x00007ff1051bc4f4 sp=0x00007ff0dcadfd30
Event: 17.639 Thread 0x00007ff11d2be000 DEOPT UNPACKING pc=0x00007ff1048c84ba sp=0x00007ff0dcadf228 mode 1
Event: 17.639 Thread 0x00007ff11d2be000 DEOPT PACKING pc=0x00007ff10536d784 sp=0x00007ff0dcadfdd0
Event: 17.639 Thread 0x00007ff11d2be000 DEOPT UNPACKING pc=0x00007ff1048c84ba sp=0x00007ff0dcadf388 mode 1
Event: 17.639 Thread 0x00007ff11d2be000 DEOPT PACKING pc=0x00007ff10518f024 sp=0x00007ff0dcadf570
Event: 17.639 Thread 0x00007ff11d2be000 DEOPT UNPACKING pc=0x00007ff1048c84ba sp=0x00007ff0dcadea28 mode 1
Event: 17.639 Thread 0x00007ff11d2be000 DEOPT PACKING pc=0x00007ff105182bbc sp=0x00007ff0dcadf640
Event: 17.639 Thread 0x00007ff11d2be000 DEOPT UNPACKING pc=0x00007ff1048c84ba sp=0x00007ff0dcadeb18 mode 1
Event: 17.639 Thread 0x00007ff11d2be000 DEOPT PACKING pc=0x00007ff1051bc4f4 sp=0x00007ff0dcadfde0
Event: 17.639 Thread 0x00007ff11d2be000 DEOPT UNPACKING pc=0x00007ff1048c84ba sp=0x00007ff0dcadf2f0 mode 1
Event: 17.646 Thread 0x00007ff11c01a800 DEOPT PACKING pc=0x00007ff10518f024 sp=0x00007ff12242c1e0
Event: 17.646 Thread 0x00007ff11c01a800 DEOPT UNPACKING pc=0x00007ff1048c84ba sp=0x00007ff12242b698 mode 1
Event: 17.646 Thread 0x00007ff11c01a800 DEOPT PACKING pc=0x00007ff105182bbc sp=0x00007ff12242c2b0
Event: 17.646 Thread 0x00007ff11c01a800 DEOPT UNPACKING pc=0x00007ff1048c84ba sp=0x00007ff12242b788 mode 1

Classes redefined (0 events):
No events

Internal exceptions (20 events):
Event: 11.648 Thread 0x00007ff11c01a800 Exception <a 'java/lang/ClassNotFoundException'{0x00000000c8746000}: org/springframework/beans/factory/config/ScopeCustomizer> (0x00000000c8746000) thrown at [src/hotspot/share/classfile/systemDictionary.cpp, line 231]
Event: 11.649 Thread 0x00007ff11c01a800 Exception <a 'java/lang/ClassNotFoundException'{0x00000000c8757f88}: org/springframework/beans/factory/config/BeanFactoryPostProcessorCustomizer> (0x00000000c8757f88) thrown at [src/hotspot/share/classfile/systemDictionary.cpp, line 231]
Event: 11.650 Thread 0x00007ff11c01a800 Exception <a 'java/lang/ClassNotFoundException'{0x00000000c87693e0}: org/springframework/beans/factory/support/BeanDefinitionRegistryPostProcessorCustomizer> (0x00000000c87693e0) thrown at [src/hotspot/share/classfile/systemDictionary.cpp, line 231]
Event: 11.651 Thread 0x00007ff11c01a800 Exception <a 'java/lang/ClassNotFoundException'{0x00000000c8779800}: org/springframework/beans/factory/config/BeanFactoryPostProcessorCustomizer> (0x00000000c8779800) thrown at [src/hotspot/share/classfile/systemDictionary.cpp, line 231]
Event: 11.652 Thread 0x00007ff11c01a800 Exception <a 'java/lang/ClassNotFoundException'{0x00000000c8787c10}: org/springframework/beans/factory/DisposableBeanCustomizer> (0x00000000c8787c10) thrown at [src/hotspot/share/classfile/systemDictionary.cpp, line 231]
Event: 11.656 Thread 0x00007ff11c01a800 Exception <a 'java/lang/ClassNotFoundException'{0x00000000c87983b0}: java/lang/ObjectCustomizer> (0x00000000c87983b0) thrown at [src/hotspot/share/classfile/systemDictionary.cpp, line 231]
Event: 11.658 Thread 0x00007ff11c01a800 Exception <a 'java/lang/ClassNotFoundException'{0x00000000c87abdd8}: org/springframework/cloud/context/properties/ConfigurationPropertiesRebinderCustomizer> (0x00000000c87abdd8) thrown at [src/hotspot/share/classfile/systemDictionary.cpp, line 231]
Event: 11.659 Thread 0x00007ff11c01a800 Exception <a 'java/lang/ClassNotFoundException'{0x00000000c87c6480}: org/springframework/context/ApplicationContextAwareCustomizer> (0x00000000c87c6480) thrown at [src/hotspot/share/classfile/systemDictionary.cpp, line 231]
Event: 11.660 Thread 0x00007ff11c01a800 Exception <a 'java/lang/ClassNotFoundException'{0x00000000c87d3b18}: org/springframework/beans/factory/AwareCustomizer> (0x00000000c87d3b18) thrown at [src/hotspot/share/classfile/systemDictionary.cpp, line 231]
Event: 11.661 Thread 0x00007ff11c01a800 Exception <a 'java/lang/ClassNotFoundException'{0x00000000c87e0c78}: org/springframework/context/ApplicationListenerCustomizer> (0x00000000c87e0c78) thrown at [src/hotspot/share/classfile/systemDictionary.cpp, line 231]
Event: 11.661 Thread 0x00007ff11c01a800 Exception <a 'java/lang/ClassNotFoundException'{0x00000000c87e31b0}: java/util/EventListenerCustomizer> (0x00000000c87e31b0) thrown at [src/hotspot/share/classfile/systemDictionary.cpp, line 231]
Event: 11.662 Thread 0x00007ff11c01a800 Exception <a 'java/lang/ClassNotFoundException'{0x00000000c87f07e8}: java/lang/ObjectCustomizer> (0x00000000c87f07e8) thrown at [src/hotspot/share/classfile/systemDictionary.cpp, line 231]
Event: 11.663 Thread 0x00007ff11c01a800 Exception <a 'java/lang/ClassNotFoundException'{0x00000000c8602a78}: org/springframework/jmx/export/metadata/AbstractJmxAttributeCustomizer> (0x00000000c8602a78) thrown at [src/hotspot/share/classfile/systemDictionary.cpp, line 231]
Event: 11.664 Thread 0x00007ff11c01a800 Exception <a 'java/lang/ClassNotFoundException'{0x00000000c8613e58}: org/springframework/jmx/export/metadata/ManagedAttributeCustomizer> (0x00000000c8613e58) thrown at [src/hotspot/share/classfile/systemDictionary.cpp, line 231]
Event: 11.679 Thread 0x00007ff11c01a800 Exception <a 'java/lang/NoSuchMethodError'{0x00000000c8663978}: 'java.lang.Object java.lang.invoke.DirectMethodHandle$Holder.invokeSpecial(java.lang.Object, java.lang.Object, int, java.lang.Object, int, java.lang.Object)'> (0x00000000c8663978) thrown at [src/hotspot/share/interpreter/linkResolver.cpp, line 772]
Event: 11.680 Thread 0x00007ff11c01a800 Exception <a 'java/lang/NoSuchMethodError'{0x00000000c866ae60}: 'java.lang.Object java.lang.invoke.DirectMethodHandle$Holder.invokeStatic(java.lang.Object, java.lang.Object, int, java.lang.Object, int)'> (0x00000000c866ae60) thrown at [src/hotspot/share/interpreter/linkResolver.cpp, line 772]
Event: 11.680 Thread 0x00007ff11c01a800 Exception <a 'java/lang/NoSuchMethodError'{0x00000000c866e640}: 'java.lang.Object java.lang.invoke.DirectMethodHandle$Holder.invokeSpecial(java.lang.Object, java.lang.Object, java.lang.Object, int, java.lang.Object, int)'> (0x00000000c866e640) thrown at [src/hotspot/share/interpreter/linkResolver.cpp, line 772]
Event: 11.681 Thread 0x00007ff11c01a800 Exception <a 'java/lang/NoSuchMethodError'{0x00000000c867f2d8}: 'void java.lang.invoke.DirectMethodHandle$Holder.invokeVirtual(java.lang.Object, java.lang.Object)'> (0x00000000c867f2d8) thrown at [src/hotspot/share/interpreter/linkResolver.cpp, line 772]
Event: 47.610 Thread 0x00007ff080021800 Exception <a 'java/net/SocketTimeoutException'{0x00000000c750b0f0}: Read timed out> (0x00000000c750b0f0) thrown at [src/hotspot/share/prims/jni.cpp, line 636]
Event: 47.643 Thread 0x00005641ab6ee800 Exception <a 'java/net/SocketTimeoutException'{0x00000000c74486d8}: Read timed out> (0x00000000c74486d8) thrown at [src/hotspot/share/prims/jni.cpp, line 636]

Events (20 events):
Event: 47.629 loading class com/netflix/appinfo/InstanceInfo
Event: 47.629 loading class com/netflix/appinfo/InstanceInfo done
Event: 47.630 loading class org/springframework/cloud/client/discovery/event/HeartbeatEvent
Event: 47.630 loading class org/springframework/cloud/client/discovery/event/HeartbeatEvent done
Event: 47.630 Executing VM operation: RevokeBias
Event: 47.630 Executing VM operation: RevokeBias done
Event: 47.631 Executing VM operation: RevokeBias
Event: 47.631 Executing VM operation: RevokeBias done
Event: 47.632 Executing VM operation: RevokeBias
Event: 47.632 Executing VM operation: RevokeBias done
Event: 47.636 Executing VM operation: RevokeBias
Event: 47.636 Executing VM operation: RevokeBias done
Event: 47.636 Executing VM operation: RevokeBias
Event: 47.636 Executing VM operation: RevokeBias done
Event: 47.642 Executing VM operation: RevokeBias
Event: 47.642 Executing VM operation: RevokeBias done
Event: 69.637 loading class org/apache/catalina/Session
Event: 69.637 loading class org/apache/catalina/Session done
Event: 72.466 Thread 0x00007ff0c0001800 Thread exited: 0x00007ff0c0001800
Event: 72.472 loading class sun/rmi/transport/tcp/TCPTransport$ConnectionHandler


Dynamic libraries:
c4600000-cb500000 rw-p 00000000 00:00 0 
cb500000-ffe00000 ---p 00000000 00:00 0 
ffe00000-ffe47000 rw-p 01111000 08:02 3932243                            /usr/lib/jvm/java-11-openjdk-amd64/lib/server/classes.jsa
ffe47000-fff00000 rw-p 00000000 00:00 0 
fff00000-fff6b000 rw-p 010a6000 08:02 3932243                            /usr/lib/jvm/java-11-openjdk-amd64/lib/server/classes.jsa
fff6b000-100000000 rw-p 00000000 00:00 0 
800000000-800002000 rwxp 00001000 08:02 3932243                          /usr/lib/jvm/java-11-openjdk-amd64/lib/server/classes.jsa
800002000-8010a5000 rw-p 00003000 08:02 3932243                          /usr/lib/jvm/java-11-openjdk-amd64/lib/server/classes.jsa
840000000-840620000 rw-p 00000000 00:00 0 
840620000-880000000 ---p 00000000 00:00 0 
5641aa7e4000-5641aa7e5000 r--p 00000000 08:02 3672380                    /usr/lib/jvm/java-11-openjdk-amd64/bin/java
5641aa7e5000-5641aa7e6000 r-xp 00001000 08:02 3672380                    /usr/lib/jvm/java-11-openjdk-amd64/bin/java
5641aa7e6000-5641aa7e7000 r--p 00002000 08:02 3672380                    /usr/lib/jvm/java-11-openjdk-amd64/bin/java
5641aa7e7000-5641aa7e8000 r--p 00002000 08:02 3672380                    /usr/lib/jvm/java-11-openjdk-amd64/bin/java
5641aa7e8000-5641aa7e9000 rw-p 00003000 08:02 3672380                    /usr/lib/jvm/java-11-openjdk-amd64/bin/java
5641ab6d0000-5641ab713000 rw-p 00000000 00:00 0                          [heap]
7ff080000000-7ff08003a000 rw-p 00000000 00:00 0 
7ff08003a000-7ff084000000 ---p 00000000 00:00 0 
7ff0879fa000-7ff0879fe000 ---p 00000000 00:00 0 
7ff0879fe000-7ff087afb000 rw-p 00000000 00:00 0 
7ff087afb000-7ff087aff000 ---p 00000000 00:00 0 
7ff087aff000-7ff087bfc000 rw-p 00000000 00:00 0 
7ff087bfc000-7ff087c00000 ---p 00000000 00:00 0 
7ff087c00000-7ff087cfd000 rw-p 00000000 00:00 0 
7ff087cfd000-7ff087d01000 ---p 00000000 00:00 0 
7ff087d01000-7ff087dfe000 rw-p 00000000 00:00 0 
7ff087dfe000-7ff087e02000 ---p 00000000 00:00 0 
7ff087e02000-7ff087eff000 rw-p 00000000 00:00 0 
7ff087eff000-7ff087f03000 ---p 00000000 00:00 0 
7ff087f03000-7ff088000000 rw-p 00000000 00:00 0 
7ff088000000-7ff088021000 rw-p 00000000 00:00 0 
7ff088021000-7ff08c000000 ---p 00000000 00:00 0 
7ff08c000000-7ff08c021000 rw-p 00000000 00:00 0 
7ff08c021000-7ff090000000 ---p 00000000 00:00 0 
7ff090000000-7ff090095000 rw-p 00000000 00:00 0 
7ff090095000-7ff094000000 ---p 00000000 00:00 0 
7ff094000000-7ff094021000 rw-p 00000000 00:00 0 
7ff094021000-7ff098000000 ---p 00000000 00:00 0 
7ff098000000-7ff098021000 rw-p 00000000 00:00 0 
7ff098021000-7ff09c000000 ---p 00000000 00:00 0 
7ff09c000000-7ff09c021000 rw-p 00000000 00:00 0 
7ff09c021000-7ff0a0000000 ---p 00000000 00:00 0 
7ff0a0000000-7ff0a0084000 rw-p 00000000 00:00 0 
7ff0a0084000-7ff0a4000000 ---p 00000000 00:00 0 
7ff0a4000000-7ff0a42b2000 rw-p 00000000 00:00 0 
7ff0a42b2000-7ff0a8000000 ---p 00000000 00:00 0 
7ff0a8000000-7ff0a8021000 rw-p 00000000 00:00 0 
7ff0a8021000-7ff0ac000000 ---p 00000000 00:00 0 
7ff0ac000000-7ff0ac021000 rw-p 00000000 00:00 0 
7ff0ac021000-7ff0b0000000 ---p 00000000 00:00 0 
7ff0b0000000-7ff0b0021000 rw-p 00000000 00:00 0 
7ff0b0021000-7ff0b4000000 ---p 00000000 00:00 0 
7ff0b4000000-7ff0b4021000 rw-p 00000000 00:00 0 
7ff0b4021000-7ff0b8000000 ---p 00000000 00:00 0 
7ff0b8000000-7ff0b8021000 rw-p 00000000 00:00 0 
7ff0b8021000-7ff0bc000000 ---p 00000000 00:00 0 
7ff0bc000000-7ff0bc021000 rw-p 00000000 00:00 0 
7ff0bc021000-7ff0c0000000 ---p 00000000 00:00 0 
7ff0c0000000-7ff0c0045000 rw-p 00000000 00:00 0 
7ff0c0045000-7ff0c4000000 ---p 00000000 00:00 0 
7ff0c4000000-7ff0c4021000 rw-p 00000000 00:00 0 
7ff0c4021000-7ff0c8000000 ---p 00000000 00:00 0 
7ff0c8000000-7ff0c8021000 rw-p 00000000 00:00 0 
7ff0c8021000-7ff0cc000000 ---p 00000000 00:00 0 
7ff0cc000000-7ff0cc021000 rw-p 00000000 00:00 0 
7ff0cc021000-7ff0d0000000 ---p 00000000 00:00 0 
7ff0d0000000-7ff0d002a000 rw-p 00000000 00:00 0 
7ff0d002a000-7ff0d4000000 ---p 00000000 00:00 0 
7ff0d4000000-7ff0d4516000 rw-p 00000000 00:00 0 
7ff0d4516000-7ff0d8000000 ---p 00000000 00:00 0 
7ff0d8000000-7ff0d8021000 rw-p 00000000 00:00 0 
7ff0d8021000-7ff0dc000000 ---p 00000000 00:00 0 
7ff0dc0d8000-7ff0dc0dc000 ---p 00000000 00:00 0 
7ff0dc0dc000-7ff0dc1d9000 rw-p 00000000 00:00 0 
7ff0dc1d9000-7ff0dc1dd000 ---p 00000000 00:00 0 
7ff0dc1dd000-7ff0dc2da000 rw-p 00000000 00:00 0 
7ff0dc2da000-7ff0dc2de000 ---p 00000000 00:00 0 
7ff0dc2de000-7ff0dc3db000 rw-p 00000000 00:00 0 
7ff0dc3db000-7ff0dc3df000 ---p 00000000 00:00 0 
7ff0dc3df000-7ff0dc4dc000 rw-p 00000000 00:00 0 
7ff0dc4dc000-7ff0dc4e0000 ---p 00000000 00:00 0 
7ff0dc4e0000-7ff0dc5dd000 rw-p 00000000 00:00 0 
7ff0dc5dd000-7ff0dc5e1000 ---p 00000000 00:00 0 
7ff0dc5e1000-7ff0dc6de000 rw-p 00000000 00:00 0 
7ff0dc6de000-7ff0dc6e2000 ---p 00000000 00:00 0 
7ff0dc6e2000-7ff0dc7df000 rw-p 00000000 00:00 0 
7ff0dc7df000-7ff0dc7e3000 ---p 00000000 00:00 0 
7ff0dc7e3000-7ff0dc8e0000 rw-p 00000000 00:00 0 
7ff0dc8e0000-7ff0dc8e4000 ---p 00000000 00:00 0 
7ff0dc8e4000-7ff0dc9e1000 rw-p 00000000 00:00 0 
7ff0dc9e1000-7ff0dc9e5000 ---p 00000000 00:00 0 
7ff0dc9e5000-7ff0dcae2000 rw-p 00000000 00:00 0 
7ff0dcae2000-7ff0dcae6000 ---p 00000000 00:00 0 
7ff0dcae6000-7ff0dcbe3000 rw-p 00000000 00:00 0 
7ff0dcbe3000-7ff0dcbe7000 ---p 00000000 00:00 0 
7ff0dcbe7000-7ff0dce24000 rw-p 00000000 00:00 0 
7ff0dce24000-7ff0dcee4000 ---p 00000000 00:00 0 
7ff0dcee4000-7ff0dd0e4000 rw-p 00000000 00:00 0 
7ff0dd0e4000-7ff0dd0ec000 r--p 00000000 08:02 3933394                    /usr/lib/jvm/java-11-openjdk-amd64/lib/libsunec.so
7ff0dd0ec000-7ff0dd105000 r-xp 00008000 08:02 3933394                    /usr/lib/jvm/java-11-openjdk-amd64/lib/libsunec.so
7ff0dd105000-7ff0dd10f000 r--p 00021000 08:02 3933394                    /usr/lib/jvm/java-11-openjdk-amd64/lib/libsunec.so
7ff0dd10f000-7ff0dd110000 ---p 0002b000 08:02 3933394                    /usr/lib/jvm/java-11-openjdk-amd64/lib/libsunec.so
7ff0dd110000-7ff0dd114000 r--p 0002b000 08:02 3933394                    /usr/lib/jvm/java-11-openjdk-amd64/lib/libsunec.so
7ff0dd114000-7ff0dd116000 rw-p 0002f000 08:02 3933394                    /usr/lib/jvm/java-11-openjdk-amd64/lib/libsunec.so
7ff0dd116000-7ff0dd11a000 ---p 00000000 00:00 0 
7ff0dd11a000-7ff0dd417000 rw-p 00000000 00:00 0 
7ff0dd417000-7ff0dd41b000 ---p 00000000 00:00 0 
7ff0dd41b000-7ff0dd718000 rw-p 00000000 00:00 0 
7ff0dd718000-7ff0dd71c000 ---p 00000000 00:00 0 
7ff0dd71c000-7ff0dda19000 rw-p 00000000 00:00 0 
7ff0dda19000-7ff0ddc19000 rw-p 00000000 00:00 0 
7ff0ddc19000-7ff0dde19000 rw-p 00000000 00:00 0 
7ff0dde19000-7ff0de019000 rw-p 00000000 00:00 0 
7ff0de019000-7ff0de219000 rw-p 00000000 00:00 0 
7ff0de219000-7ff0de21d000 ---p 00000000 00:00 0 
7ff0de21d000-7ff0de51a000 rw-p 00000000 00:00 0 
7ff0de51a000-7ff0de71a000 rw-p 00000000 00:00 0 
7ff0de71a000-7ff0de91a000 rw-p 00000000 00:00 0 
7ff0de91a000-7ff0de91b000 ---p 00000000 00:00 0 
7ff0de91b000-7ff0dea1c000 rw-p 00000000 00:00 0 
7ff0dea1c000-7ff0dea1d000 ---p 00000000 00:00 0 
7ff0dea1d000-7ff0deb1e000 rw-p 00000000 00:00 0 
7ff0deb1e000-7ff0deb22000 ---p 00000000 00:00 0 
7ff0deb22000-7ff0dee1f000 rw-p 00000000 00:00 0 
7ff0dee1f000-7ff0df01f000 rw-p 00000000 00:00 0 
7ff0df01f000-7ff0df023000 ---p 00000000 00:00 0 
7ff0df023000-7ff0df120000 rw-p 00000000 00:00 0 
7ff0df120000-7ff0df121000 ---p 00000000 00:00 0 
7ff0df121000-7ff0df222000 rw-p 00000000 00:00 0 
7ff0df222000-7ff0e0000000 r--p 00000000 08:02 3544729                    /usr/lib/locale/locale-archive
7ff0e0000000-7ff0e0021000 rw-p 00000000 00:00 0 
7ff0e0021000-7ff0e4000000 ---p 00000000 00:00 0 
7ff0e4000000-7ff0e4021000 rw-p 00000000 00:00 0 
7ff0e4021000-7ff0e8000000 ---p 00000000 00:00 0 
7ff0e8000000-7ff0e8021000 rw-p 00000000 00:00 0 
7ff0e8021000-7ff0ec000000 ---p 00000000 00:00 0 
7ff0ec000000-7ff0ec03c000 rw-p 00000000 00:00 0 
7ff0ec03c000-7ff0f0000000 ---p 00000000 00:00 0 
7ff0f0000000-7ff0f0021000 rw-p 00000000 00:00 0 
7ff0f0021000-7ff0f4000000 ---p 00000000 00:00 0 
7ff0f4000000-7ff0f4021000 rw-p 00000000 00:00 0 
7ff0f4021000-7ff0f8000000 ---p 00000000 00:00 0 
7ff0f8000000-7ff0f8021000 rw-p 00000000 00:00 0 
7ff0f8021000-7ff0fc000000 ---p 00000000 00:00 0 
7ff0fc00e000-7ff0fc012000 ---p 00000000 00:00 0 
7ff0fc012000-7ff0fc10f000 rw-p 00000000 00:00 0 
7ff0fc10f000-7ff0fc113000 ---p 00000000 00:00 0 
7ff0fc113000-7ff0fc210000 rw-p 00000000 00:00 0 
7ff0fc210000-7ff0fc214000 ---p 00000000 00:00 0 
7ff0fc214000-7ff0fc311000 rw-p 00000000 00:00 0 
7ff0fc311000-7ff0fc312000 ---p 00000000 00:00 0 
7ff0fc312000-7ff0fc413000 rw-p 00000000 00:00 0 
7ff0fc413000-7ff0fc417000 ---p 00000000 00:00 0 
7ff0fc417000-7ff0fc514000 rw-p 00000000 00:00 0 
7ff0fc514000-7ff0fc518000 ---p 00000000 00:00 0 
7ff0fc518000-7ff0fc615000 rw-p 00000000 00:00 0 
7ff0fc615000-7ff0fc619000 ---p 00000000 00:00 0 
7ff0fc619000-7ff0fc716000 rw-p 00000000 00:00 0 
7ff0fc716000-7ff0fc71a000 ---p 00000000 00:00 0 
7ff0fc71a000-7ff0fc817000 rw-p 00000000 00:00 0 
7ff0fc817000-7ff0fc81b000 ---p 00000000 00:00 0 
7ff0fc81b000-7ff0ff2d4000 rw-p 00000000 00:00 0 
7ff0ff2d4000-7ff0ffff8000 ---p 00000000 00:00 0 
7ff0ffff8000-7ff100000000 rw-p 00000000 00:00 0 
7ff100000000-7ff100021000 rw-p 00000000 00:00 0 
7ff100021000-7ff104000000 ---p 00000000 00:00 0 
7ff104002000-7ff104004000 r--p 00000000 08:02 3546158                    /usr/lib/x86_64-linux-gnu/libnss_dns-2.31.so
7ff104004000-7ff104008000 r-xp 00002000 08:02 3546158                    /usr/lib/x86_64-linux-gnu/libnss_dns-2.31.so
7ff104008000-7ff104009000 r--p 00006000 08:02 3546158                    /usr/lib/x86_64-linux-gnu/libnss_dns-2.31.so
7ff104009000-7ff10400a000 r--p 00006000 08:02 3546158                    /usr/lib/x86_64-linux-gnu/libnss_dns-2.31.so
7ff10400a000-7ff10400b000 rw-p 00007000 08:02 3546158                    /usr/lib/x86_64-linux-gnu/libnss_dns-2.31.so
7ff10400b000-7ff10400f000 r--p 00000000 08:02 3546342                    /usr/lib/x86_64-linux-gnu/libresolv-2.31.so
7ff10400f000-7ff10401f000 r-xp 00004000 08:02 3546342                    /usr/lib/x86_64-linux-gnu/libresolv-2.31.so
7ff10401f000-7ff104022000 r--p 00014000 08:02 3546342                    /usr/lib/x86_64-linux-gnu/libresolv-2.31.so
7ff104022000-7ff104023000 ---p 00017000 08:02 3546342                    /usr/lib/x86_64-linux-gnu/libresolv-2.31.so
7ff104023000-7ff104024000 r--p 00017000 08:02 3546342                    /usr/lib/x86_64-linux-gnu/libresolv-2.31.so
7ff104024000-7ff104025000 rw-p 00018000 08:02 3546342                    /usr/lib/x86_64-linux-gnu/libresolv-2.31.so
7ff104025000-7ff104027000 rw-p 00000000 00:00 0 
7ff104027000-7ff104028000 r--p 00000000 08:02 3546166                    /usr/lib/x86_64-linux-gnu/libnss_mdns4_minimal.so.2
7ff104028000-7ff10402a000 r-xp 00001000 08:02 3546166                    /usr/lib/x86_64-linux-gnu/libnss_mdns4_minimal.so.2
7ff10402a000-7ff10402b000 r--p 00003000 08:02 3546166                    /usr/lib/x86_64-linux-gnu/libnss_mdns4_minimal.so.2
7ff10402b000-7ff10402c000 r--p 00003000 08:02 3546166                    /usr/lib/x86_64-linux-gnu/libnss_mdns4_minimal.so.2
7ff10402c000-7ff10402d000 rw-p 00004000 08:02 3546166                    /usr/lib/x86_64-linux-gnu/libnss_mdns4_minimal.so.2
7ff104040000-7ff104042000 r--p 00000000 08:02 3933386                    /usr/lib/jvm/java-11-openjdk-amd64/lib/libmanagement_ext.so
7ff104042000-7ff104045000 r-xp 00002000 08:02 3933386                    /usr/lib/jvm/java-11-openjdk-amd64/lib/libmanagement_ext.so
7ff104045000-7ff104046000 r--p 00005000 08:02 3933386                    /usr/lib/jvm/java-11-openjdk-amd64/lib/libmanagement_ext.so
7ff104046000-7ff104047000 ---p 00006000 08:02 3933386                    /usr/lib/jvm/java-11-openjdk-amd64/lib/libmanagement_ext.so
7ff104047000-7ff104048000 r--p 00006000 08:02 3933386                    /usr/lib/jvm/java-11-openjdk-amd64/lib/libmanagement_ext.so
7ff104048000-7ff104049000 rw-p 00007000 08:02 3933386                    /usr/lib/jvm/java-11-openjdk-amd64/lib/libmanagement_ext.so
7ff104049000-7ff10404c000 r--p 00000000 08:02 3933384                    /usr/lib/jvm/java-11-openjdk-amd64/lib/libmanagement.so
7ff10404c000-7ff10404d000 r-xp 00003000 08:02 3933384                    /usr/lib/jvm/java-11-openjdk-amd64/lib/libmanagement.so
7ff10404d000-7ff10404e000 r--p 00004000 08:02 3933384                    /usr/lib/jvm/java-11-openjdk-amd64/lib/libmanagement.so
7ff10404e000-7ff10404f000 r--p 00004000 08:02 3933384                    /usr/lib/jvm/java-11-openjdk-amd64/lib/libmanagement.so
7ff10404f000-7ff104050000 rw-p 00005000 08:02 3933384                    /usr/lib/jvm/java-11-openjdk-amd64/lib/libmanagement.so
7ff104050000-7ff104054000 r--p 00000000 08:02 3933388                    /usr/lib/jvm/java-11-openjdk-amd64/lib/libnet.so
7ff104054000-7ff104063000 r-xp 00004000 08:02 3933388                    /usr/lib/jvm/java-11-openjdk-amd64/lib/libnet.so
7ff104063000-7ff104067000 r--p 00013000 08:02 3933388                    /usr/lib/jvm/java-11-openjdk-amd64/lib/libnet.so
7ff104067000-7ff104068000 r--p 00016000 08:02 3933388                    /usr/lib/jvm/java-11-openjdk-amd64/lib/libnet.so
7ff104068000-7ff104069000 rw-p 00017000 08:02 3933388                    /usr/lib/jvm/java-11-openjdk-amd64/lib/libnet.so
7ff104069000-7ff104070000 r--p 00000000 08:02 3933389                    /usr/lib/jvm/java-11-openjdk-amd64/lib/libnio.so
7ff104070000-7ff104078000 r-xp 00007000 08:02 3933389                    /usr/lib/jvm/java-11-openjdk-amd64/lib/libnio.so
7ff104078000-7ff10407b000 r--p 0000f000 08:02 3933389                    /usr/lib/jvm/java-11-openjdk-amd64/lib/libnio.so
7ff10407b000-7ff10407c000 r--p 00011000 08:02 3933389                    /usr/lib/jvm/java-11-openjdk-amd64/lib/libnio.so
7ff10407c000-7ff10407d000 rw-p 00012000 08:02 3933389                    /usr/lib/jvm/java-11-openjdk-amd64/lib/libnio.so
7ff10407d000-7ff10407f000 r--p 00000000 08:02 3933368                    /usr/lib/jvm/java-11-openjdk-amd64/lib/libdt_socket.so
7ff10407f000-7ff104082000 r-xp 00002000 08:02 3933368                    /usr/lib/jvm/java-11-openjdk-amd64/lib/libdt_socket.so
7ff104082000-7ff104083000 r--p 00005000 08:02 3933368                    /usr/lib/jvm/java-11-openjdk-amd64/lib/libdt_socket.so
7ff104083000-7ff104084000 ---p 00006000 08:02 3933368                    /usr/lib/jvm/java-11-openjdk-amd64/lib/libdt_socket.so
7ff104084000-7ff104085000 r--p 00006000 08:02 3933368                    /usr/lib/jvm/java-11-openjdk-amd64/lib/libdt_socket.so
7ff104085000-7ff104086000 rw-p 00007000 08:02 3933368                    /usr/lib/jvm/java-11-openjdk-amd64/lib/libdt_socket.so
7ff104086000-7ff10408a000 ---p 00000000 00:00 0 
7ff10408a000-7ff104187000 rw-p 00000000 00:00 0 
7ff104187000-7ff10418b000 ---p 00000000 00:00 0 
7ff10418b000-7ff104288000 rw-p 00000000 00:00 0 
7ff104288000-7ff10428c000 ---p 00000000 00:00 0 
7ff10428c000-7ff104389000 rw-p 00000000 00:00 0 
7ff104389000-7ff10438d000 ---p 00000000 00:00 0 
7ff10438d000-7ff10448a000 rw-p 00000000 00:00 0 
7ff10448a000-7ff10448e000 ---p 00000000 00:00 0 
7ff10448e000-7ff10458b000 rw-p 00000000 00:00 0 
7ff10458b000-7ff10458c000 ---p 00000000 00:00 0 
7ff10458c000-7ff10468d000 rw-p 00000000 00:00 0 
7ff10468d000-7ff10468e000 ---p 00000000 00:00 0 
7ff10468e000-7ff10478f000 rw-p 00000000 00:00 0 
7ff10478f000-7ff104790000 ---p 00000000 00:00 0 
7ff104790000-7ff104891000 rw-p 00000000 00:00 0 
7ff104891000-7ff104b01000 rwxp 00000000 00:00 0 
7ff104b01000-7ff104f38000 ---p 00000000 00:00 0 
7ff104f38000-7ff1057b8000 rwxp 00000000 00:00 0 
7ff1057b8000-7ff113891000 ---p 00000000 00:00 0 
7ff11c000000-7ff11d306000 rw-p 00000000 00:00 0 
7ff11d306000-7ff120000000 ---p 00000000 00:00 0 
7ff120000000-7ff120001000 r--p 00000000 08:02 3933369                    /usr/lib/jvm/java-11-openjdk-amd64/lib/libextnet.so
7ff120001000-7ff120002000 r-xp 00001000 08:02 3933369                    /usr/lib/jvm/java-11-openjdk-amd64/lib/libextnet.so
7ff120002000-7ff120003000 r--p 00002000 08:02 3933369                    /usr/lib/jvm/java-11-openjdk-amd64/lib/libextnet.so
7ff120003000-7ff120004000 r--p 00002000 08:02 3933369                    /usr/lib/jvm/java-11-openjdk-amd64/lib/libextnet.so
7ff120004000-7ff120005000 rw-p 00003000 08:02 3933369                    /usr/lib/jvm/java-11-openjdk-amd64/lib/libextnet.so
7ff120005000-7ff12000c000 r--s 00000000 08:02 4196904                    /usr/lib/x86_64-linux-gnu/gconv/gconv-modules.cache
7ff12000c000-7ff1204ec000 rw-p 00000000 00:00 0 
7ff1204ec000-7ff1204ed000 ---p 00000000 00:00 0 
7ff1204ed000-7ff1205ee000 rw-p 00000000 00:00 0 
7ff1205ee000-7ff1205ef000 ---p 00000000 00:00 0 
7ff1205ef000-7ff1208cc000 rw-p 00000000 00:00 0 
7ff1208cc000-7ff1215f0000 ---p 00000000 00:00 0 
7ff1215f0000-7ff121630000 rw-p 00000000 00:00 0 
7ff121630000-7ff1217d4000 ---p 00000000 00:00 0 
7ff1217d4000-7ff12180d000 rw-p 00000000 00:00 0 
7ff12180d000-7ff1219b1000 ---p 00000000 00:00 0 
7ff1219b1000-7ff1219ea000 rw-p 00000000 00:00 0 
7ff1219ea000-7ff121b8e000 ---p 00000000 00:00 0 
7ff121b8e000-7ff121f93000 rw-p 00000000 00:00 0 
7ff121f93000-7ff121f94000 ---p 00000000 00:00 0 
7ff121f94000-7ff1220a6000 rw-p 00000000 00:00 0 
7ff1220a6000-7ff122268000 ---p 00000000 00:00 0 
7ff122268000-7ff12226d000 rw-p 00000000 00:00 0 
7ff12226d000-7ff122276000 ---p 00000000 00:00 0 
7ff122276000-7ff122278000 r--s 0000c000 08:02 4329210                    /usr/share/java/java-atk-wrapper.jar
7ff122278000-7ff12227b000 r--p 00000000 08:02 3546160                    /usr/lib/x86_64-linux-gnu/libnss_files-2.31.so
7ff12227b000-7ff122282000 r-xp 00003000 08:02 3546160                    /usr/lib/x86_64-linux-gnu/libnss_files-2.31.so
7ff122282000-7ff122284000 r--p 0000a000 08:02 3546160                    /usr/lib/x86_64-linux-gnu/libnss_files-2.31.so
7ff122284000-7ff122285000 r--p 0000b000 08:02 3546160                    /usr/lib/x86_64-linux-gnu/libnss_files-2.31.so
7ff122285000-7ff122286000 rw-p 0000c000 08:02 3546160                    /usr/lib/x86_64-linux-gnu/libnss_files-2.31.so
7ff122286000-7ff12228c000 rw-p 00000000 00:00 0 
7ff12228d000-7ff12228f000 r--p 00000000 08:02 3933397                    /usr/lib/jvm/java-11-openjdk-amd64/lib/libzip.so
7ff12228f000-7ff122293000 r-xp 00002000 08:02 3933397                    /usr/lib/jvm/java-11-openjdk-amd64/lib/libzip.so
7ff122293000-7ff122295000 r--p 00006000 08:02 3933397                    /usr/lib/jvm/java-11-openjdk-amd64/lib/libzip.so
7ff122295000-7ff122296000 r--p 00007000 08:02 3933397                    /usr/lib/jvm/java-11-openjdk-amd64/lib/libzip.so
7ff122296000-7ff122297000 rw-p 00008000 08:02 3933397                    /usr/lib/jvm/java-11-openjdk-amd64/lib/libzip.so
7ff122297000-7ff12229f000 rw-s 00000000 08:02 3152238                    /tmp/hsperfdata_arjoo/134816
7ff12229f000-7ff1222a1000 r--p 00000000 08:02 3933371                    /usr/lib/jvm/java-11-openjdk-amd64/lib/libinstrument.so
7ff1222a1000-7ff1222a7000 r-xp 00002000 08:02 3933371                    /usr/lib/jvm/java-11-openjdk-amd64/lib/libinstrument.so
7ff1222a7000-7ff1222aa000 r--p 00008000 08:02 3933371                    /usr/lib/jvm/java-11-openjdk-amd64/lib/libinstrument.so
7ff1222aa000-7ff1222ab000 r--p 0000a000 08:02 3933371                    /usr/lib/jvm/java-11-openjdk-amd64/lib/libinstrument.so
7ff1222ab000-7ff1222ac000 rw-p 0000b000 08:02 3933371                    /usr/lib/jvm/java-11-openjdk-amd64/lib/libinstrument.so
7ff1222ac000-7ff1222ae000 r--p 00000000 08:02 3933379                    /usr/lib/jvm/java-11-openjdk-amd64/lib/libjdwp.so
7ff1222ae000-7ff1222da000 r-xp 00002000 08:02 3933379                    /usr/lib/jvm/java-11-openjdk-amd64/lib/libjdwp.so
7ff1222da000-7ff1222e8000 r--p 0002e000 08:02 3933379                    /usr/lib/jvm/java-11-openjdk-amd64/lib/libjdwp.so
7ff1222e8000-7ff1222e9000 r--p 0003b000 08:02 3933379                    /usr/lib/jvm/java-11-openjdk-amd64/lib/libjdwp.so
7ff1222e9000-7ff1222ea000 rw-p 0003c000 08:02 3933379                    /usr/lib/jvm/java-11-openjdk-amd64/lib/libjdwp.so
7ff1222ea000-7ff1222eb000 ---p 00000000 00:00 0 
7ff1222eb000-7ff1222ec000 r--p 00000000 00:00 0 
7ff1222ec000-7ff1222ee000 r--p 00000000 08:02 3933380                    /usr/lib/jvm/java-11-openjdk-amd64/lib/libjimage.so
7ff1222ee000-7ff1222f1000 r-xp 00002000 08:02 3933380                    /usr/lib/jvm/java-11-openjdk-amd64/lib/libjimage.so
7ff1222f1000-7ff1222f2000 r--p 00005000 08:02 3933380                    /usr/lib/jvm/java-11-openjdk-amd64/lib/libjimage.so
7ff1222f2000-7ff1222f3000 ---p 00006000 08:02 3933380                    /usr/lib/jvm/java-11-openjdk-amd64/lib/libjimage.so
7ff1222f3000-7ff1222f4000 r--p 00006000 08:02 3933380                    /usr/lib/jvm/java-11-openjdk-amd64/lib/libjimage.so
7ff1222f4000-7ff1222f5000 rw-p 00007000 08:02 3933380                    /usr/lib/jvm/java-11-openjdk-amd64/lib/libjimage.so
7ff1222f5000-7ff122303000 r--p 00000000 08:02 3933376                    /usr/lib/jvm/java-11-openjdk-amd64/lib/libjava.so
7ff122303000-7ff122319000 r-xp 0000e000 08:02 3933376                    /usr/lib/jvm/java-11-openjdk-amd64/lib/libjava.so
7ff122319000-7ff122320000 r--p 00024000 08:02 3933376                    /usr/lib/jvm/java-11-openjdk-amd64/lib/libjava.so
7ff122320000-7ff122321000 r--p 0002a000 08:02 3933376                    /usr/lib/jvm/java-11-openjdk-amd64/lib/libjava.so
7ff122321000-7ff122322000 rw-p 0002b000 08:02 3933376                    /usr/lib/jvm/java-11-openjdk-amd64/lib/libjava.so
7ff122322000-7ff122323000 rw-p 00000000 00:00 0 
7ff122323000-7ff122326000 r--p 00000000 08:02 3546362                    /usr/lib/x86_64-linux-gnu/librt-2.31.so
7ff122326000-7ff12232a000 r-xp 00003000 08:02 3546362                    /usr/lib/x86_64-linux-gnu/librt-2.31.so
7ff12232a000-7ff12232b000 r--p 00007000 08:02 3546362                    /usr/lib/x86_64-linux-gnu/librt-2.31.so
7ff12232b000-7ff12232c000 ---p 00008000 08:02 3546362                    /usr/lib/x86_64-linux-gnu/librt-2.31.so
7ff12232c000-7ff12232d000 r--p 00008000 08:02 3546362                    /usr/lib/x86_64-linux-gnu/librt-2.31.so
7ff12232d000-7ff12232e000 rw-p 00009000 08:02 3546362                    /usr/lib/x86_64-linux-gnu/librt-2.31.so
7ff12232e000-7ff122332000 ---p 00000000 00:00 0 
7ff122332000-7ff12242f000 rw-p 00000000 00:00 0 
7ff12242f000-7ff122432000 r--p 00000000 08:02 3544226                    /usr/lib/x86_64-linux-gnu/libgcc_s.so.1
7ff122432000-7ff122444000 r-xp 00003000 08:02 3544226                    /usr/lib/x86_64-linux-gnu/libgcc_s.so.1
7ff122444000-7ff122448000 r--p 00015000 08:02 3544226                    /usr/lib/x86_64-linux-gnu/libgcc_s.so.1
7ff122448000-7ff122449000 r--p 00018000 08:02 3544226                    /usr/lib/x86_64-linux-gnu/libgcc_s.so.1
7ff122449000-7ff12244a000 rw-p 00019000 08:02 3544226                    /usr/lib/x86_64-linux-gnu/libgcc_s.so.1
7ff12244a000-7ff122459000 r--p 00000000 08:02 3546036                    /usr/lib/x86_64-linux-gnu/libm-2.31.so
7ff122459000-7ff122500000 r-xp 0000f000 08:02 3546036                    /usr/lib/x86_64-linux-gnu/libm-2.31.so
7ff122500000-7ff122597000 r--p 000b6000 08:02 3546036                    /usr/lib/x86_64-linux-gnu/libm-2.31.so
7ff122597000-7ff122598000 r--p 0014c000 08:02 3546036                    /usr/lib/x86_64-linux-gnu/libm-2.31.so
7ff122598000-7ff122599000 rw-p 0014d000 08:02 3546036                    /usr/lib/x86_64-linux-gnu/libm-2.31.so
7ff122599000-7ff12262f000 r--p 00000000 08:02 3539856                    /usr/lib/x86_64-linux-gnu/libstdc++.so.6.0.28
7ff12262f000-7ff12271f000 r-xp 00096000 08:02 3539856                    /usr/lib/x86_64-linux-gnu/libstdc++.so.6.0.28
7ff12271f000-7ff122768000 r--p 00186000 08:02 3539856                    /usr/lib/x86_64-linux-gnu/libstdc++.so.6.0.28
7ff122768000-7ff122769000 ---p 001cf000 08:02 3539856                    /usr/lib/x86_64-linux-gnu/libstdc++.so.6.0.28
7ff122769000-7ff122774000 r--p 001cf000 08:02 3539856                    /usr/lib/x86_64-linux-gnu/libstdc++.so.6.0.28
7ff122774000-7ff122777000 rw-p 001da000 08:02 3539856                    /usr/lib/x86_64-linux-gnu/libstdc++.so.6.0.28
7ff122777000-7ff12277a000 rw-p 00000000 00:00 0 
7ff12277a000-7ff1229f3000 r--p 00000000 08:02 3933401                    /usr/lib/jvm/java-11-openjdk-amd64/lib/server/libjvm.so
7ff1229f3000-7ff123674000 r-xp 00279000 08:02 3933401                    /usr/lib/jvm/java-11-openjdk-amd64/lib/server/libjvm.so
7ff123674000-7ff1238ca000 r--p 00efa000 08:02 3933401                    /usr/lib/jvm/java-11-openjdk-amd64/lib/server/libjvm.so
7ff1238ca000-7ff1238cb000 ---p 01150000 08:02 3933401                    /usr/lib/jvm/java-11-openjdk-amd64/lib/server/libjvm.so
7ff1238cb000-7ff12398c000 r--p 01150000 08:02 3933401                    /usr/lib/jvm/java-11-openjdk-amd64/lib/server/libjvm.so
7ff12398c000-7ff1239c7000 rw-p 01211000 08:02 3933401                    /usr/lib/jvm/java-11-openjdk-amd64/lib/server/libjvm.so
7ff1239c7000-7ff123a20000 rw-p 00000000 00:00 0 
7ff123a20000-7ff123a27000 r--p 00000000 08:02 3546301                    /usr/lib/x86_64-linux-gnu/libpthread-2.31.so
7ff123a27000-7ff123a38000 r-xp 00007000 08:02 3546301                    /usr/lib/x86_64-linux-gnu/libpthread-2.31.so
7ff123a38000-7ff123a3d000 r--p 00018000 08:02 3546301                    /usr/lib/x86_64-linux-gnu/libpthread-2.31.so
7ff123a3d000-7ff123a3e000 r--p 0001c000 08:02 3546301                    /usr/lib/x86_64-linux-gnu/libpthread-2.31.so
7ff123a3e000-7ff123a3f000 rw-p 0001d000 08:02 3546301                    /usr/lib/x86_64-linux-gnu/libpthread-2.31.so
7ff123a3f000-7ff123a43000 rw-p 00000000 00:00 0 
7ff123a43000-7ff123a44000 r--p 00000000 08:02 3545533                    /usr/lib/x86_64-linux-gnu/libdl-2.31.so
7ff123a44000-7ff123a46000 r-xp 00001000 08:02 3545533                    /usr/lib/x86_64-linux-gnu/libdl-2.31.so
7ff123a46000-7ff123a47000 r--p 00003000 08:02 3545533                    /usr/lib/x86_64-linux-gnu/libdl-2.31.so
7ff123a47000-7ff123a48000 r--p 00003000 08:02 3545533                    /usr/lib/x86_64-linux-gnu/libdl-2.31.so
7ff123a48000-7ff123a49000 rw-p 00004000 08:02 3545533                    /usr/lib/x86_64-linux-gnu/libdl-2.31.so
7ff123a49000-7ff123a4b000 r--p 00000000 08:02 3539138                    /usr/lib/x86_64-linux-gnu/libz.so.1.2.11
7ff123a4b000-7ff123a5c000 r-xp 00002000 08:02 3539138                    /usr/lib/x86_64-linux-gnu/libz.so.1.2.11
7ff123a5c000-7ff123a62000 r--p 00013000 08:02 3539138                    /usr/lib/x86_64-linux-gnu/libz.so.1.2.11
7ff123a62000-7ff123a63000 ---p 00019000 08:02 3539138                    /usr/lib/x86_64-linux-gnu/libz.so.1.2.11
7ff123a63000-7ff123a64000 r--p 00019000 08:02 3539138                    /usr/lib/x86_64-linux-gnu/libz.so.1.2.11
7ff123a64000-7ff123a65000 rw-p 0001a000 08:02 3539138                    /usr/lib/x86_64-linux-gnu/libz.so.1.2.11
7ff123a65000-7ff123a8a000 r--p 00000000 08:02 3545398                    /usr/lib/x86_64-linux-gnu/libc-2.31.so
7ff123a8a000-7ff123c02000 r-xp 00025000 08:02 3545398                    /usr/lib/x86_64-linux-gnu/libc-2.31.so
7ff123c02000-7ff123c4c000 r--p 0019d000 08:02 3545398                    /usr/lib/x86_64-linux-gnu/libc-2.31.so
7ff123c4c000-7ff123c4d000 ---p 001e7000 08:02 3545398                    /usr/lib/x86_64-linux-gnu/libc-2.31.so
7ff123c4d000-7ff123c50000 r--p 001e7000 08:02 3545398                    /usr/lib/x86_64-linux-gnu/libc-2.31.so
7ff123c50000-7ff123c53000 rw-p 001ea000 08:02 3545398                    /usr/lib/x86_64-linux-gnu/libc-2.31.so
7ff123c53000-7ff123c57000 rw-p 00000000 00:00 0 
7ff123c58000-7ff123c5d000 r--p 00000000 08:02 3933396                    /usr/lib/jvm/java-11-openjdk-amd64/lib/libverify.so
7ff123c5d000-7ff123c64000 r-xp 00005000 08:02 3933396                    /usr/lib/jvm/java-11-openjdk-amd64/lib/libverify.so
7ff123c64000-7ff123c66000 r--p 0000c000 08:02 3933396                    /usr/lib/jvm/java-11-openjdk-amd64/lib/libverify.so
7ff123c66000-7ff123c67000 ---p 0000e000 08:02 3933396                    /usr/lib/jvm/java-11-openjdk-amd64/lib/libverify.so
7ff123c67000-7ff123c69000 r--p 0000e000 08:02 3933396                    /usr/lib/jvm/java-11-openjdk-amd64/lib/libverify.so
7ff123c69000-7ff123c6a000 rw-p 00010000 08:02 3933396                    /usr/lib/jvm/java-11-openjdk-amd64/lib/libverify.so
7ff123c6a000-7ff123c6d000 r--p 00000000 08:02 3933360                    /usr/lib/jvm/java-11-openjdk-amd64/lib/jli/libjli.so
7ff123c6d000-7ff123c77000 r-xp 00003000 08:02 3933360                    /usr/lib/jvm/java-11-openjdk-amd64/lib/jli/libjli.so
7ff123c77000-7ff123c7a000 r--p 0000d000 08:02 3933360                    /usr/lib/jvm/java-11-openjdk-amd64/lib/jli/libjli.so
7ff123c7a000-7ff123c7b000 ---p 00010000 08:02 3933360                    /usr/lib/jvm/java-11-openjdk-amd64/lib/jli/libjli.so
7ff123c7b000-7ff123c7c000 r--p 00010000 08:02 3933360                    /usr/lib/jvm/java-11-openjdk-amd64/lib/jli/libjli.so
7ff123c7c000-7ff123c7d000 rw-p 00011000 08:02 3933360                    /usr/lib/jvm/java-11-openjdk-amd64/lib/jli/libjli.so
7ff123c7d000-7ff123c7f000 rw-p 00000000 00:00 0 
7ff123c7f000-7ff123c80000 r--p 00000000 08:02 3545185                    /usr/lib/x86_64-linux-gnu/ld-2.31.so
7ff123c80000-7ff123ca3000 r-xp 00001000 08:02 3545185                    /usr/lib/x86_64-linux-gnu/ld-2.31.so
7ff123ca3000-7ff123cab000 r--p 00024000 08:02 3545185                    /usr/lib/x86_64-linux-gnu/ld-2.31.so
7ff123cac000-7ff123cad000 r--p 0002c000 08:02 3545185                    /usr/lib/x86_64-linux-gnu/ld-2.31.so
7ff123cad000-7ff123cae000 rw-p 0002d000 08:02 3545185                    /usr/lib/x86_64-linux-gnu/ld-2.31.so
7ff123cae000-7ff123caf000 rw-p 00000000 00:00 0 
7ffdbe609000-7ffdbe62c000 rw-p 00000000 00:00 0                          [stack]
7ffdbe6b3000-7ffdbe6b7000 r--p 00000000 00:00 0                          [vvar]
7ffdbe6b7000-7ffdbe6b9000 r-xp 00000000 00:00 0                          [vdso]
ffffffffff600000-ffffffffff601000 --xp 00000000 00:00 0                  [vsyscall]


VM Arguments:
jvm_args: -agentlib:jdwp=transport=dt_socket,suspend=y,address=localhost:39617 -Dcom.sun.management.jmxremote -Dcom.sun.management.jmxremote.port=43599 -Dcom.sun.management.jmxremote.authenticate=false -Dcom.sun.management.jmxremote.ssl=false -Djava.rmi.server.hostname=localhost -Dspring.jmx.enabled=true -Dspring.application.admin.enabled=true -Djava.security.egd=file:/dev/./urandom -Xverify:none -XX:TieredStopAtLevel=1 -Dspring.boot.project.name=book-catalog-service -javaagent:/home/arjoo/Desktop/all setup/sts/spring-tool-suite-4-4.6.2.RELEASE-e4.15.0-linux.gtk.x86_64/sts-4.6.2.RELEASE/configuration/org.eclipse.osgi/239/0/.cp/lib/javaagent-shaded.jar -Dfile.encoding=UTF-8 
java_command: com.arjoo.microservices.BookCatalogServiceApplication --spring.output.ansi.enabled=always
java_class_path (initial): /home/arjoo/Desktop/MicroserviceWorkspace/book-catolog-microservice-application/book-catalog-service/target/classes:/home/arjoo/.m2/repository/org/springframework/boot/spring-boot-starter-actuator/2.4.4/spring-boot-starter-actuator-2.4.4.jar:/home/arjoo/.m2/repository/org/springframework/boot/spring-boot-starter/2.4.4/spring-boot-starter-2.4.4.jar:/home/arjoo/.m2/repository/org/springframework/boot/spring-boot/2.4.4/spring-boot-2.4.4.jar:/home/arjoo/.m2/repository/org/springframework/boot/spring-boot-autoconfigure/2.4.4/spring-boot-autoconfigure-2.4.4.jar:/home/arjoo/.m2/repository/org/springframework/boot/spring-boot-starter-logging/2.4.4/spring-boot-starter-logging-2.4.4.jar:/home/arjoo/.m2/repository/ch/qos/logback/logback-classic/1.2.3/logback-classic-1.2.3.jar:/home/arjoo/.m2/repository/ch/qos/logback/logback-core/1.2.3/logback-core-1.2.3.jar:/home/arjoo/.m2/repository/org/apache/logging/log4j/log4j-to-slf4j/2.13.3/log4j-to-slf4j-2.13.3.jar:/home/arjoo/.m2/repository/org/apache/logging/log4j/log4j-api/2.13.3/log4j-api-2.13.3.jar:/home/arjoo/.m2/repository/org/slf4j/jul-to-slf4j/1.7.30/jul-to-slf4j-1.7.30.jar:/home/arjoo/.m2/repository/jakarta/annotation/jakarta.annotation-api/1.3.5/jakarta.annotation-api-1.3.5.jar:/home/arjoo/.m2/repository/org/yaml/snakeyaml/1.27/snakeyaml-1.27.jar:/home/arjoo/.m2/repository/org/springframework/boot/spring-boot-actuator-autoconfigure/2.4.4/spring-boot-actuator-autoconfigure-2.4.4.jar:/home/arjoo/.m2/repository/org/springframework/boot/spring-boot-actuator/2.4.4/spring-boot-actuator-2.4.4.jar:/home/arjoo/.m2/repository/com/fasterxml/jackson/core/jackson-databind/2.11.4/jackson-databind-2.11.4.jar:/home/arjoo/.m2/repository/com/fasterxml/jackson/datatype/jackson-datatype-jsr310/2.11.4/jackson-datatype-jsr310-2.11.4.jar:/home/arjoo/.m2/repository/io/micrometer/micrometer-core/1.6.5/micrometer-core-1.6.5.jar:/home/arjoo/.m2/repository/org/hdrhistogram/HdrHistogram/2.1.12/HdrHistogram-2.1.12.jar:/home/a
Launcher Type: SUN_STANDARD

[Global flags]
     bool BytecodeVerificationLocal                = false                                     {product} {command line}
     bool BytecodeVerificationRemote               = false                                     {product} {command line}
     intx CICompilerCount                          = 3                                         {product} {ergonomic}
     uint ConcGCThreads                            = 1                                         {product} {ergonomic}
     uint G1ConcRefinementThreads                  = 4                                         {product} {ergonomic}
   size_t G1HeapRegionSize                         = 1048576                                   {product} {ergonomic}
    uintx GCDrainStackTargetSize                   = 64                                        {product} {ergonomic}
   size_t InitialHeapSize                          = 62914560                                  {product} {ergonomic}
     bool ManagementServer                         = true                                      {product} {command line}
   size_t MarkStackSize                            = 4194304                                   {product} {ergonomic}
   size_t MaxHeapSize                              = 1000341504                                {product} {ergonomic}
   size_t MaxNewSize                               = 599785472                                 {product} {ergonomic}
   size_t MinHeapDeltaBytes                        = 1048576                                   {product} {ergonomic}
    uintx NonNMethodCodeHeapSize                   = 6973028                                {pd product} {ergonomic}
    uintx NonProfiledCodeHeapSize                  = 244685212                              {pd product} {ergonomic}
    uintx ProfiledCodeHeapSize                     = 0                                      {pd product} {ergonomic}
    uintx ReservedCodeCacheSize                    = 251658240                              {pd product} {ergonomic}
     bool SegmentedCodeCache                       = true                                      {product} {ergonomic}
     intx TieredStopAtLevel                        = 1                                         {product} {command line}
     bool UseCompressedClassPointers               = true                                 {lp64_product} {ergonomic}
     bool UseCompressedOops                        = true                                 {lp64_product} {ergonomic}
     bool UseG1GC                                  = true                                      {product} {ergonomic}

Logging:
Log output configuration:
 #0: stdout all=warning uptime,level,tags
 #1: stderr all=off uptime,level,tags

Environment Variables:
PATH=/home/arjoo/.local/bin:/usr/local/sbin:/usr/local/bin:/usr/sbin:/usr/bin:/sbin:/bin:/usr/games:/usr/local/games:/snap/bin
USERNAME=arjoo
SHELL=/bin/bash
DISPLAY=:0
LANG=en_IN

Signal Handlers:
SIGSEGV: [libjvm.so+0xe85e00], sa_mask[0]=11111111011111111101111111111110, sa_flags=SA_RESTART|SA_SIGINFO
SIGBUS: [libjvm.so+0xe85e00], sa_mask[0]=11111111011111111101111111111110, sa_flags=SA_RESTART|SA_SIGINFO
SIGFPE: [libjvm.so+0xe85e00], sa_mask[0]=11111111011111111101111111111110, sa_flags=SA_RESTART|SA_SIGINFO
SIGPIPE: [libjvm.so+0xbcbc30], sa_mask[0]=11111111011111111101111111111110, sa_flags=SA_RESTART|SA_SIGINFO
SIGXFSZ: [libjvm.so+0xbcbc30], sa_mask[0]=11111111011111111101111111111110, sa_flags=SA_RESTART|SA_SIGINFO
SIGILL: [libjvm.so+0xe85e00], sa_mask[0]=11111111011111111101111111111110, sa_flags=SA_RESTART|SA_SIGINFO
SIGUSR2: [libjvm.so+0xbcbad0], sa_mask[0]=00100000000000000000000000000000, sa_flags=SA_RESTART|SA_SIGINFO
SIGHUP: [libjvm.so+0xbcbf70], sa_mask[0]=11111111011111111101111111111110, sa_flags=SA_RESTART|SA_SIGINFO
SIGINT: [libjvm.so+0xbcbf70], sa_mask[0]=11111111011111111101111111111110, sa_flags=SA_RESTART|SA_SIGINFO
SIGTERM: [libjvm.so+0xbcbf70], sa_mask[0]=11111111011111111101111111111110, sa_flags=SA_RESTART|SA_SIGINFO
SIGQUIT: [libjvm.so+0xbcbf70], sa_mask[0]=11111111011111111101111111111110, sa_flags=SA_RESTART|SA_SIGINFO


---------------  S Y S T E M  ---------------

OS:DISTRIB_ID=Ubuntu
DISTRIB_RELEASE=20.04
DISTRIB_CODENAME=focal
DISTRIB_DESCRIPTION="Ubuntu 20.04 LTS"
uname:Linux 5.8.0-48-generic #54~20.04.1-Ubuntu SMP Sat Mar 20 13:40:25 UTC 2021 x86_64
OS uptime: 2 days 6:30 hours
libc:glibc 2.31 NPTL 2.31 
rlimit (soft/hard): STACK 8192k/infinity , CORE 0k/infinity , NPROC 15032/15032 , NOFILE 1048576/1048576 , AS infinity/infinity , CPU infinity/infinity , DATA infinity/infinity , FSIZE infinity/infinity , MEMLOCK 65536k/65536k
load average:4.45 7.52 4.77

/proc/meminfo:
MemTotal:        3907564 kB
MemFree:          624052 kB
MemAvailable:     844684 kB
Buffers:           24772 kB
Cached:           458560 kB
SwapCached:        50908 kB
Active:          2415812 kB
Inactive:         541176 kB
Active(anon):    2173984 kB
Inactive(anon):   392216 kB
Active(file):     241828 kB
Inactive(file):   148960 kB
Unevictable:       27696 kB
Mlocked:             160 kB
SwapTotal:       2097148 kB
SwapFree:         577364 kB
Dirty:               972 kB
Writeback:             0 kB
AnonPages:       2448872 kB
Mapped:           138068 kB
Shmem:             92540 kB
KReclaimable:      70868 kB
Slab:             198128 kB
SReclaimable:      70868 kB
SUnreclaim:       127260 kB
KernelStack:       15784 kB
PageTables:        27876 kB
NFS_Unstable:          0 kB
Bounce:                0 kB
WritebackTmp:          0 kB
CommitLimit:     4050928 kB
Committed_AS:    9004432 kB
VmallocTotal:   34359738367 kB
VmallocUsed:       32612 kB
VmallocChunk:          0 kB
Percpu:             6784 kB
HardwareCorrupted:     0 kB
AnonHugePages:         0 kB
ShmemHugePages:        0 kB
ShmemPmdMapped:        0 kB
FileHugePages:         0 kB
FilePmdMapped:         0 kB
HugePages_Total:       0
HugePages_Free:        0
HugePages_Rsvd:        0
HugePages_Surp:        0
Hugepagesize:       2048 kB
Hugetlb:               0 kB
DirectMap4k:      368380 kB
DirectMap2M:     3704832 kB

/sys/kernel/mm/transparent_hugepage/enabled:
always [madvise] never
/sys/kernel/mm/transparent_hugepage/defrag (defrag/compaction efforts parameter):
always defer defer+madvise [madvise] never

/proc/sys/kernel/threads-max (system-wide limit on the number of threads):
30065
/proc/sys/vm/max_map_count (maximum number of memory map areas a process may have):
65530
/proc/sys/kernel/pid_max (system-wide limit on number of process identifiers):
4194304

container (cgroup) information:
container_type: cgroupv1
cpu_cpuset_cpus: 0-3
cpu_memory_nodes: 0
active_processor_count: 4
cpu_quota: -1
cpu_period: 100000
cpu_shares: -1
memory_limit_in_bytes: -1
memory_and_swap_limit_in_bytes: -1
memory_soft_limit_in_bytes: -1
memory_usage_in_bytes: 2950479872
memory_max_usage_in_bytes: 3562057728

Steal ticks since vm start: 0
Steal ticks percentage since vm start:  0.000

CPU:total 4 (initial active 4) (2 cores per cpu, 2 threads per core) family 6 model 58 stepping 9 microcode 0x21, cmov, cx8, fxsr, mmx, sse, sse2, sse3, ssse3, sse4.1, sse4.2, popcnt, avx, clmul, erms, ht, tsc, tscinvbit, tscinv
CPU Model and flags from /proc/cpuinfo:
model name	: Intel(R) Core(TM) i3-3217U CPU @ 1.80GHz
flags		: fpu vme de pse tsc msr pae mce cx8 apic sep mtrr pge mca cmov pat pse36 clflush dts acpi mmx fxsr sse sse2 ss ht tm pbe syscall nx rdtscp lm constant_tsc arch_perfmon pebs bts rep_good nopl xtopology nonstop_tsc cpuid aperfmperf pni pclmulqdq dtes64 monitor ds_cpl vmx est tm2 ssse3 cx16 xtpr pdcm pcid sse4_1 sse4_2 x2apic popcnt tsc_deadline_timer xsave avx f16c lahf_lm cpuid_fault epb pti ssbd ibrs ibpb stibp tpr_shadow vnmi flexpriority ept vpid fsgsbase smep erms xsaveopt dtherm ida arat pln pts md_clear flush_l1d
Online cpus:
0-3
Offline cpus:
4-7
BIOS frequency limitation:
<Not Available>
Frequency switch latency (ns):
20000
Available cpu frequencies:
<Not Available>
Current governor:
ondemand
Core performance/turbo boost:
<Not Available>

Memory: 4k page, physical 3907564k(624052k free), swap 2097148k(577364k free)

vm_info: OpenJDK 64-Bit Server VM (11.0.10+9-Ubuntu-0ubuntu1.20.04) for linux-amd64 JRE (11.0.10+9-Ubuntu-0ubuntu1.20.04), built on Jan 20 2021 02:32:18 by "unknown" with gcc 9.3.0

END.
